Log file open, 08/21/18 13:36:10
LogWindows: Failed to load 'aqProf.dll' (GetLastError=126)
LogWindows: File 'aqProf.dll' does not exist
LogWindows: Failed to load 'VtuneApi.dll' (GetLastError=126)
LogWindows: File 'VtuneApi.dll' does not exist
LogWindows: Failed to load 'VtuneApi32e.dll' (GetLastError=126)
LogWindows: File 'VtuneApi32e.dll' does not exist
LogInit: Display: Running engine for game: SuperSideScroller
LogPlatformFile: Not using cached read wrapper
LogInit: Display: RandInit(32275453) SRandInit(32275453).
LogInit: Read version file with build ID '3944462'
LogInit: Overriding engine version to CL 4033788, compatible CL 3944462
LogInit: Registered custom module enumerator with build ID '3944462'
LogTaskGraph: Started task graph with 5 named threads and 14 total threads with 3 sets of task threads.
LogStats: Stats thread started at 0.188755
LogD3D11RHI: Aftermath initialized
LogICUInternationalization: Display: ICU TimeZone Detection - Raw Offset: -5:00, Platform Override: ''
LogModuleManager: Display: Found up-to-date module file ../../../Engine/Plugins/2D/Paper2D/Binaries/Win64/UE4Editor-Paper2D.dll (API version 3944462).
LogModuleManager: Display: Found up-to-date module file ../../../Engine/Plugins/2D/Paper2D/Binaries/Win64/UE4Editor-Paper2DEditor.dll (API version 3944462).
LogModuleManager: Display: Found up-to-date module file ../../../Engine/Plugins/2D/Paper2D/Binaries/Win64/UE4Editor-PaperSpriteSheetImporter.dll (API version 3944462).
LogModuleManager: Display: Found up-to-date module file ../../../Engine/Plugins/2D/Paper2D/Binaries/Win64/UE4Editor-PaperTiledImporter.dll (API version 3944462).
LogModuleManager: Display: Found up-to-date module file ../../../Engine/Plugins/2D/Paper2D/Binaries/Win64/UE4Editor-SmartSnapping.dll (API version 3944462).
LogModuleManager: Display: Found up-to-date module file ../../../Engine/Plugins/Blendables/LightPropagationVolume/Binaries/Win64/UE4Editor-LightPropagationVolumeRuntime.dll (API version 3944462).
LogModuleManager: Display: Found up-to-date module file ../../../Engine/Plugins/Blendables/LightPropagationVolume/Binaries/Win64/UE4Editor-LightPropagationVolumeEditor.dll (API version 3944462).
LogModuleManager: Display: Found up-to-date module file ../../../Engine/Plugins/Developer/CLionSourceCodeAccess/Binaries/Win64/UE4Editor-CLionSourceCodeAccess.dll (API version 3944462).
LogModuleManager: Display: Found up-to-date module file ../../../Engine/Plugins/Developer/GitSourceControl/Binaries/Win64/UE4Editor-GitSourceControl.dll (API version 3944462).
LogModuleManager: Display: Found up-to-date module file ../../../Engine/Plugins/Developer/PerforceSourceControl/Binaries/Win64/UE4Editor-PerforceSourceControl.dll (API version 3944462).
LogModuleManager: Display: Found up-to-date module file ../../../Engine/Plugins/Developer/SubversionSourceControl/Binaries/Win64/UE4Editor-SubversionSourceControl.dll (API version 3944462).
LogModuleManager: Display: Found up-to-date module file ../../../Engine/Plugins/Developer/UObjectPlugin/Binaries/Win64/UE4Editor-UObjectPlugin.dll (API version 3944462).
LogModuleManager: Display: Found up-to-date module file ../../../Engine/Plugins/Developer/VisualStudioCodeSourceCodeAccess/Binaries/Win64/UE4Editor-VisualStudioCodeSourceCodeAccess.dll (API version 3944462).
LogModuleManager: Display: Found up-to-date module file ../../../Engine/Plugins/Developer/VisualStudioSourceCodeAccess/Binaries/Win64/UE4Editor-VisualStudioSourceCodeAccess.dll (API version 3944462).
LogModuleManager: Display: Found up-to-date module file ../../../Engine/Plugins/Editor/AssetManagerEditor/Binaries/Win64/UE4Editor-AssetManagerEditor.dll (API version 3944462).
LogModuleManager: Display: Found up-to-date module file ../../../Engine/Plugins/Editor/CryptoKeys/Binaries/Win64/UE4Editor-CryptoKeys.dll (API version 3944462).
LogModuleManager: Display: Found up-to-date module file ../../../Engine/Plugins/Editor/CryptoKeys/Binaries/Win64/UE4Editor-CryptoKeysOpenSSL.dll (API version 3944462).
LogModuleManager: Display: Found up-to-date module file ../../../Engine/Plugins/Editor/DataValidation/Binaries/Win64/UE4Editor-DataValidation.dll (API version 3944462).
LogModuleManager: Display: Found up-to-date module file ../../../Engine/Plugins/Editor/FacialAnimation/Binaries/Win64/UE4Editor-FacialAnimation.dll (API version 3944462).
LogModuleManager: Display: Found up-to-date module file ../../../Engine/Plugins/Editor/FacialAnimation/Binaries/Win64/UE4Editor-FacialAnimationEditor.dll (API version 3944462).
LogModuleManager: Display: Found up-to-date module file ../../../Engine/Plugins/Editor/GameplayTagsEditor/Binaries/Win64/UE4Editor-GameplayTagsEditor.dll (API version 3944462).
LogModuleManager: Display: Found up-to-date module file ../../../Engine/Plugins/Editor/MobileLauncherProfileWizard/Binaries/Win64/UE4Editor-MobileLauncherProfileWizard.dll (API version 3944462).
LogModuleManager: Display: Found up-to-date module file ../../../Engine/Plugins/Editor/PluginBrowser/Binaries/Win64/UE4Editor-PluginBrowser.dll (API version 3944462).
LogModuleManager: Display: Found up-to-date module file ../../../Engine/Plugins/Editor/SpeedTreeImporter/Binaries/Win64/UE4Editor-SpeedTreeImporter.dll (API version 3944462).
LogModuleManager: Display: Found up-to-date module file ../../../Engine/Plugins/Enterprise/DatasmithContent/Binaries/Win64/UE4Editor-DatasmithContent.dll (API version 3944462).
LogModuleManager: Display: Found up-to-date module file ../../../Engine/Plugins/Experimental/AlembicImporter/Binaries/Win64/UE4Editor-AlembicImporter.dll (API version 3944462).
LogModuleManager: Display: Found up-to-date module file ../../../Engine/Plugins/Experimental/AlembicImporter/Binaries/Win64/UE4Editor-AlembicLibrary.dll (API version 3944462).
LogModuleManager: Display: Found up-to-date module file ../../../Engine/Plugins/Experimental/CharacterAI/Binaries/Win64/UE4Editor-CharacterAI.dll (API version 3944462).
LogModuleManager: Display: Found up-to-date module file ../../../Engine/Plugins/Experimental/HTML5Networking/Binaries/Win64/UE4Editor-HTML5Networking.dll (API version 3944462).
LogModuleManager: Display: Found up-to-date module file ../../../Engine/Plugins/Media/AndroidMedia/Binaries/Win64/UE4Editor-AndroidMediaEditor.dll (API version 3944462).
LogModuleManager: Display: Found up-to-date module file ../../../Engine/Plugins/Media/AndroidMedia/Binaries/Win64/UE4Editor-AndroidMediaFactory.dll (API version 3944462).
LogModuleManager: Display: Found up-to-date module file ../../../Engine/Plugins/Media/AvfMedia/Binaries/Win64/UE4Editor-AvfMediaEditor.dll (API version 3944462).
LogModuleManager: Display: Found up-to-date module file ../../../Engine/Plugins/Media/AvfMedia/Binaries/Win64/UE4Editor-AvfMediaFactory.dll (API version 3944462).
LogModuleManager: Display: Found up-to-date module file ../../../Engine/Plugins/Media/AvfMedia/Binaries/Win64/UE4Editor-AvfMediaFactory.dll (API version 3944462).
LogModuleManager: Display: Found up-to-date module file ../../../Engine/Plugins/Media/ImgMedia/Binaries/Win64/UE4Editor-ImgMedia.dll (API version 3944462).
LogModuleManager: Display: Found up-to-date module file ../../../Engine/Plugins/Media/ImgMedia/Binaries/Win64/UE4Editor-ImgMediaEditor.dll (API version 3944462).
LogModuleManager: Display: Found up-to-date module file ../../../Engine/Plugins/Media/ImgMedia/Binaries/Win64/UE4Editor-ImgMediaFactory.dll (API version 3944462).
LogModuleManager: Display: Found up-to-date module file ../../../Engine/Plugins/Media/ImgMedia/Binaries/Win64/UE4Editor-ImgMediaFactory.dll (API version 3944462).
LogModuleManager: Display: Found up-to-date module file ../../../Engine/Plugins/Media/ImgMedia/Binaries/Win64/UE4Editor-OpenExrWrapper.dll (API version 3944462).
LogModuleManager: Display: Found up-to-date module file ../../../Engine/Plugins/Media/LinearTimecode/Binaries/Win64/UE4Editor-LinearTimecode.dll (API version 3944462).
LogModuleManager: Display: Found up-to-date module file ../../../Engine/Plugins/Media/MediaCompositing/Binaries/Win64/UE4Editor-MediaCompositing.dll (API version 3944462).
LogModuleManager: Display: Found up-to-date module file ../../../Engine/Plugins/Media/MediaCompositing/Binaries/Win64/UE4Editor-MediaCompositingEditor.dll (API version 3944462).
LogModuleManager: Display: Found up-to-date module file ../../../Engine/Plugins/Media/MediaPlayerEditor/Binaries/Win64/UE4Editor-MediaPlayerEditor.dll (API version 3944462).
LogModuleManager: Display: Found up-to-date module file ../../../Engine/Plugins/Media/WmfMedia/Binaries/Win64/UE4Editor-WmfMedia.dll (API version 3944462).
LogModuleManager: Display: Found up-to-date module file ../../../Engine/Plugins/Media/WmfMedia/Binaries/Win64/UE4Editor-WmfMediaEditor.dll (API version 3944462).
LogModuleManager: Display: Found up-to-date module file ../../../Engine/Plugins/Media/WmfMedia/Binaries/Win64/UE4Editor-WmfMediaFactory.dll (API version 3944462).
LogModuleManager: Display: Found up-to-date module file ../../../Engine/Plugins/Media/WmfMedia/Binaries/Win64/UE4Editor-WmfMediaFactory.dll (API version 3944462).
LogModuleManager: Display: Found up-to-date module file ../../../Engine/Plugins/Messaging/TcpMessaging/Binaries/Win64/UE4Editor-TcpMessaging.dll (API version 3944462).
LogModuleManager: Display: Found up-to-date module file ../../../Engine/Plugins/Messaging/UdpMessaging/Binaries/Win64/UE4Editor-UdpMessaging.dll (API version 3944462).
LogModuleManager: Display: Found up-to-date module file ../../../Engine/Plugins/MovieScene/ActorSequence/Binaries/Win64/UE4Editor-ActorSequence.dll (API version 3944462).
LogModuleManager: Display: Found up-to-date module file ../../../Engine/Plugins/MovieScene/LevelSequenceEditor/Binaries/Win64/UE4Editor-LevelSequenceEditor.dll (API version 3944462).
LogModuleManager: Display: Found up-to-date module file ../../../Engine/Plugins/MovieScene/MatineeToLevelSequence/Binaries/Win64/UE4Editor-MatineeToLevelSequence.dll (API version 3944462).
LogModuleManager: Display: Found up-to-date module file ../../../Engine/Plugins/NetcodeUnitTest/NetcodeUnitTest/Binaries/Win64/UE4Editor-NetcodeUnitTest.dll (API version 3944462).
LogModuleManager: Display: Found up-to-date module file ../../../Engine/Plugins/NetcodeUnitTest/NUTUnrealEngine4/Binaries/Win64/UE4Editor-NUTUnrealEngine4.dll (API version 3944462).
LogModuleManager: Display: Found up-to-date module file ../../../Engine/Plugins/Online/OnlineSubsystem/Binaries/Win64/UE4Editor-OnlineSubsystem.dll (API version 3944462).
LogModuleManager: Display: Found up-to-date module file ../../../Engine/Plugins/Runtime/AndroidPermission/Binaries/Win64/UE4Editor-AndroidPermission.dll (API version 3944462).
LogModuleManager: Display: Found up-to-date module file ../../../Engine/Plugins/Online/OnlineSubsystemNull/Binaries/Win64/UE4Editor-OnlineSubsystemNull.dll (API version 3944462).
LogModuleManager: Display: Found up-to-date module file ../../../Engine/Plugins/Online/OnlineSubsystemUtils/Binaries/Win64/UE4Editor-OnlineSubsystemUtils.dll (API version 3944462).
LogModuleManager: Display: Found up-to-date module file ../../../Engine/Plugins/Online/OnlineSubsystemUtils/Binaries/Win64/UE4Editor-OnlineBlueprintSupport.dll (API version 3944462).
LogModuleManager: Display: Found up-to-date module file ../../../Engine/Plugins/Runtime/AndroidDeviceProfileSelector/Binaries/Win64/UE4Editor-AndroidDeviceProfileSelector.dll (API version 3944462).
LogModuleManager: Display: Found up-to-date module file ../../../Engine/Plugins/Runtime/AppleARKit/Binaries/Win64/UE4Editor-AppleARKit.dll (API version 3944462).
LogModuleManager: Display: Found up-to-date module file ../../../Engine/Plugins/Runtime/ProceduralMeshComponent/Binaries/Win64/UE4Editor-ProceduralMeshComponent.dll (API version 3944462).
LogModuleManager: Display: Found up-to-date module file ../../../Engine/Plugins/Runtime/ProceduralMeshComponent/Binaries/Win64/UE4Editor-ProceduralMeshComponentEditor.dll (API version 3944462).
LogModuleManager: Display: Found up-to-date module file ../../../Engine/Plugins/Animation/LiveLink/Binaries/Win64/UE4Editor-LiveLink.dll (API version 3944462).
LogModuleManager: Display: Found up-to-date module file ../../../Engine/Plugins/Animation/LiveLink/Binaries/Win64/UE4Editor-LiveLinkEditor.dll (API version 3944462).
LogModuleManager: Display: Found up-to-date module file ../../../Engine/Plugins/Runtime/ArchVisCharacter/Binaries/Win64/UE4Editor-ArchVisCharacter.dll (API version 3944462).
LogModuleManager: Display: Found up-to-date module file ../../../Engine/Plugins/Runtime/AudioCapture/Binaries/Win64/UE4Editor-AudioCapture.dll (API version 3944462).
LogModuleManager: Display: Found up-to-date module file ../../../Engine/Plugins/Runtime/AudioCapture/Binaries/Win64/UE4Editor-AudioCaptureEditor.dll (API version 3944462).
LogModuleManager: Display: Found up-to-date module file ../../../Engine/Plugins/Runtime/CableComponent/Binaries/Win64/UE4Editor-CableComponent.dll (API version 3944462).
LogModuleManager: Display: Found up-to-date module file ../../../Engine/Plugins/Runtime/CustomMeshComponent/Binaries/Win64/UE4Editor-CustomMeshComponent.dll (API version 3944462).
LogModuleManager: Display: Found up-to-date module file ../../../Engine/Plugins/Runtime/ExampleDeviceProfileSelector/Binaries/Win64/UE4Editor-ExampleDeviceProfileSelector.dll (API version 3944462).
LogModuleManager: Display: Found up-to-date module file ../../../Engine/Plugins/Runtime/ImmediatePhysics/Binaries/Win64/UE4Editor-ImmediatePhysics.dll (API version 3944462).
LogModuleManager: Display: Found up-to-date module file ../../../Engine/Plugins/Runtime/ImmediatePhysics/Binaries/Win64/UE4Editor-ImmediatePhysicsEditor.dll (API version 3944462).
LogModuleManager: Display: Found up-to-date module file ../../../Engine/Plugins/Runtime/LocationServicesBPLibrary/Binaries/Win64/UE4Editor-LocationServicesBPLibrary.dll (API version 3944462).
LogModuleManager: Display: Found up-to-date module file ../../../Engine/Plugins/Runtime/MobilePatchingUtils/Binaries/Win64/UE4Editor-MobilePatchingUtils.dll (API version 3944462).
LogModuleManager: Display: Found up-to-date module file ../../../Engine/Plugins/Runtime/Oculus/OculusVR/Binaries/Win64/UE4Editor-OculusHMD.dll (API version 3944462).
LogModuleManager: Display: Found up-to-date module file ../../../Engine/Plugins/Runtime/Oculus/OculusVR/Binaries/Win64/UE4Editor-OculusInput.dll (API version 3944462).
LogModuleManager: Display: Found up-to-date module file ../../../Engine/Plugins/Runtime/Oculus/OculusVR/Binaries/Win64/UE4Editor-OculusEditor.dll (API version 3944462).
LogModuleManager: Display: Found up-to-date module file ../../../Engine/Plugins/Runtime/PhysXVehicles/Binaries/Win64/UE4Editor-PhysXVehicles.dll (API version 3944462).
LogModuleManager: Display: Found up-to-date module file ../../../Engine/Plugins/Runtime/PhysXVehicles/Binaries/Win64/UE4Editor-PhysXVehiclesEditor.dll (API version 3944462).
LogModuleManager: Display: Found up-to-date module file ../../../Engine/Plugins/Runtime/RuntimePhysXCooking/Binaries/Win64/UE4Editor-RuntimePhysXCooking.dll (API version 3944462).
LogModuleManager: Display: Found up-to-date module file ../../../Engine/Plugins/Runtime/Steam/SteamVR/Binaries/Win64/UE4Editor-SteamVR.dll (API version 3944462).
LogModuleManager: Display: Found up-to-date module file ../../../Engine/Plugins/Runtime/Steam/SteamVR/Binaries/Win64/UE4Editor-SteamVRController.dll (API version 3944462).
LogModuleManager: Display: Found up-to-date module file ../../../Engine/Plugins/Runtime/WindowsMoviePlayer/Binaries/Win64/UE4Editor-WindowsMoviePlayer.dll (API version 3944462).
LogPluginManager: Mounting plugin Paper2D
LogPluginManager: Mounting plugin LiveLink
LogPluginManager: Mounting plugin LightPropagationVolume
LogPluginManager: Mounting plugin CLionSourceCodeAccess
LogPluginManager: Mounting plugin CodeLiteSourceCodeAccess
LogPluginManager: Mounting plugin GitSourceControl
LogPluginManager: Mounting plugin KDevelopSourceCodeAccess
LogPluginManager: Mounting plugin NullSourceCodeAccess
LogPluginManager: Mounting plugin PerforceSourceControl
LogPluginManager: Mounting plugin SubversionSourceControl
LogPluginManager: Mounting plugin UObjectPlugin
LogPluginManager: Mounting plugin VisualStudioCodeSourceCodeAccess
LogPluginManager: Mounting plugin VisualStudioSourceCodeAccess
LogPluginManager: Mounting plugin XCodeSourceCodeAccess
LogPluginManager: Mounting plugin AssetManagerEditor
LogPluginManager: Mounting plugin CryptoKeys
LogPluginManager: Mounting plugin DataValidation
LogPluginManager: Mounting plugin FacialAnimation
LogPluginManager: Mounting plugin GameplayTagsEditor
LogPluginManager: Mounting plugin MobileLauncherProfileWizard
LogPluginManager: Mounting plugin PluginBrowser
LogPluginManager: Mounting plugin SpeedTreeImporter
LogPluginManager: Mounting plugin DatasmithContent
LogPluginManager: Mounting plugin AlembicImporter
LogPluginManager: Mounting plugin CharacterAI
LogPluginManager: Mounting plugin HTML5Networking
LogPluginManager: Mounting plugin AndroidMedia
LogPluginManager: Mounting plugin AvfMedia
LogPluginManager: Mounting plugin ImgMedia
LogPluginManager: Mounting plugin LinearTimecode
LogPluginManager: Mounting plugin MediaCompositing
LogPluginManager: Mounting plugin MediaPlayerEditor
LogPluginManager: Mounting plugin WmfMedia
LogPluginManager: Mounting plugin TcpMessaging
LogPluginManager: Mounting plugin UdpMessaging
LogPluginManager: Mounting plugin ActorSequence
LogPluginManager: Mounting plugin LevelSequenceEditor
LogPluginManager: Mounting plugin MatineeToLevelSequence
LogPluginManager: Mounting plugin NetcodeUnitTest
LogPluginManager: Mounting plugin NUTUnrealEngine4
LogPluginManager: Mounting plugin OnlineSubsystemGooglePlay
LogPluginManager: Mounting plugin OnlineSubsystemIOS
LogPluginManager: Mounting plugin OnlineSubsystem
LogPluginManager: Mounting plugin OnlineSubsystemNull
LogPluginManager: Mounting plugin OnlineSubsystemUtils
LogPluginManager: Mounting plugin AndroidDeviceProfileSelector
LogPluginManager: Mounting plugin AndroidMoviePlayer
LogPluginManager: Mounting plugin AndroidPermission
LogPluginManager: Mounting plugin AppleARKit
LogPluginManager: Mounting plugin AppleMoviePlayer
LogPluginManager: Mounting plugin ArchVisCharacter
LogPluginManager: Mounting plugin AudioCapture
LogPluginManager: Mounting plugin CableComponent
LogPluginManager: Mounting plugin CustomMeshComponent
LogPluginManager: Mounting plugin ExampleDeviceProfileSelector
LogPluginManager: Mounting plugin GoogleCloudMessaging
LogPluginManager: Mounting plugin ImmediatePhysics
LogPluginManager: Mounting plugin IOSDeviceProfileSelector
LogPluginManager: Mounting plugin LinuxDeviceProfileSelector
LogPluginManager: Mounting plugin LocationServicesBPLibrary
LogPluginManager: Mounting plugin MobilePatchingUtils
LogPluginManager: Mounting plugin OculusVR
LogPluginManager: Plugin shader directory ../../../Engine/Plugins/Runtime/Oculus/OculusVR/Shaders found
LogPluginManager: Mapping shader source directory ../../../Engine/Plugins/Runtime/Oculus/OculusVR/Shaders to virtual directory /Plugin/OculusVR
LogPluginManager: Mounting plugin PhysXVehicles
LogPluginManager: Mounting plugin ProceduralMeshComponent
LogPluginManager: Mounting plugin RuntimePhysXCooking
LogPluginManager: Mounting plugin SteamVR
LogPluginManager: Mounting plugin WindowsMoviePlayer
LogStreaming: Display: Took  1.291s to configure plugins.
LogInit: Using libcurl 7.47.1
LogInit:  - built for x86_64-pc-win32
LogInit:  - supports SSL with OpenSSL/1.0.2g
LogInit:  - supports HTTP deflate (compression) using libz 1.2.8
LogInit:  - other features:
LogInit:      CURL_VERSION_SSL
LogInit:      CURL_VERSION_LIBZ
LogInit:      CURL_VERSION_IPV6
LogInit:      CURL_VERSION_ASYNCHDNS
LogInit:      CURL_VERSION_LARGEFILE
LogInit:      CURL_VERSION_IDN
LogInit:  CurlRequestOptions (configurable via config and command line):
LogInit:  - bVerifyPeer = false  - Libcurl will NOT verify peer certificate
LogInit:  - bUseHttpProxy = false  - Libcurl will NOT use HTTP proxy
LogInit:  - bDontReuseConnections = false  - Libcurl will reuse connections
LogInit:  - CertBundlePath = nullptr  - Libcurl will use whatever was configured at build time.
LogInit:  - MaxHostConnections = 16  - Libcurl will limit the number of connections to a host
LogInit:  - LocalHostAddr = Default
LogInit: WinSock: version 1.1 (2.2), MaxSocks=32767, MaxUdp=65467
LogInit: WinSock: I am DESKTOP-OLGM7SP (10.0.7.82:0)
LogInit: Build: ++UE4+Release-4.19-CL-4033788
LogInit: Engine Version: 4.19.2-4033788+++UE4+Release-4.19
LogInit: Compatible Engine Version: 4.19.0-3944462+++UE4+Release-4.19
LogInit: Net CL: 3944462
LogDevObjectVersion: Number of dev versions registered: 18
LogDevObjectVersion:   Dev-Blueprints (B0D832E4-1F89-4F0D-ACCF-7EB736FD4AA2): 10
LogDevObjectVersion:   Dev-Build (E1C64328-A22C-4D53-A36C-8E866417BD8C): 0
LogDevObjectVersion:   Dev-Core (375EC13C-06E4-48FB-B500-84F0262A717E): 2
LogDevObjectVersion:   Dev-Editor (E4B068ED-F494-42E9-A231-DA0B2E46BB41): 23
LogDevObjectVersion:   Dev-Framework (CFFC743F-43B0-4480-9391-14DF171D2073): 33
LogDevObjectVersion:   Dev-Mobile (B02B49B5-BB20-44E9-A304-32B752E40360): 2
LogDevObjectVersion:   Dev-Networking (A4E4105C-59A1-49B5-A7C5-40C4547EDFEE): 0
LogDevObjectVersion:   Dev-Online (39C831C9-5AE6-47DC-9A44-9C173E1C8E7C): 0
LogDevObjectVersion:   Dev-Physics (78F01B33-EBEA-4F98-B9B4-84EACCB95AA2): 0
LogDevObjectVersion:   Dev-Platform (6631380F-2D4D-43E0-8009-CF276956A95A): 0
LogDevObjectVersion:   Dev-Rendering (12F88B9F-8875-4AFC-A67C-D90C383ABD29): 25
LogDevObjectVersion:   Dev-Sequencer (7B5AE74C-D270-4C10-A958-57980B212A5A): 6
LogDevObjectVersion:   Dev-VR (D7296918-1DD6-4BDD-9DE2-64A83CC13884): 1
LogDevObjectVersion:   Dev-LoadTimes (C2A15278-BFE7-4AFE-6C17-90FF531DF755): 1
LogDevObjectVersion:   Private-Geometry (6EACA3D4-40EC-4CC1-B786-8BED09428FC5): 2
LogDevObjectVersion:   Dev-AnimPhys (29E575DD-E0A3-4627-9D10-D276232CDCEA): 16
LogDevObjectVersion:   Dev-ReflectionCapture (6B266CEC-1EC7-4B8F-A30B-E4D90942FC07): 1
LogDevObjectVersion:   Dev-Automation (0DF73D61-A23F-47EA-B727-89E90C41499A): 1
LogInit: Compiled (64-bit): Apr 27 2018 02:06:57
LogInit: Compiled with Visual C++: 19.00.24215.01
LogInit: Build Configuration: Development
LogInit: Branch Name: ++UE4+Release-4.19
LogInit: Command Line: -EpicPortal 
LogInit: Base Directory: C:/Program Files/Epic Games/UE_4.19/Engine/Binaries/Win64/
LogInit: Installed Engine Build: 1
LogStreaming: Display: Took  0.003s to delete old logs.
LogInit: Presizing for max 8388607 objects, including 0 objects not considered by GC, pre-allocating 0 bytes for permanent pool.
LogInit: Object subsystem initialized
[2018.08.21-17.36.11:980][  0]LogInit: Selected Device Profile: [Windows]
[2018.08.21-17.36.11:980][  0]LogInit: Applying CVar settings loaded from the selected device profile: [Windows]
[2018.08.21-17.36.12:011][  0]LogInit: Computer: DESKTOP-OLGM7SP
[2018.08.21-17.36.12:011][  0]LogInit: User: PTron
[2018.08.21-17.36.12:011][  0]LogInit: CPU Page size=4096, Cores=4
[2018.08.21-17.36.12:011][  0]LogInit: High frequency timer resolution =2.156249 MHz
[2018.08.21-17.36.12:012][  0]LogMemory: Memory total: Physical=7.9GB (8GB approx)
[2018.08.21-17.36.12:012][  0]LogMemory: Platform Memory Stats for Windows
[2018.08.21-17.36.12:012][  0]LogMemory: Process Physical Memory: 273.68 MB used, 273.68 MB peak
[2018.08.21-17.36.12:012][  0]LogMemory: Process Virtual Memory: 263.98 MB used, 263.98 MB peak
[2018.08.21-17.36.12:012][  0]LogMemory: Physical Memory: 4691.61 MB used,  3448.60 MB free, 8140.21 MB total
[2018.08.21-17.36.12:012][  0]LogMemory: Virtual Memory: 4779.28 MB used,  3448.60 MB free, 134217728.00 MB total
[2018.08.21-17.36.12:032][  0]LogInit: Using OS detected language (en-US).
[2018.08.21-17.36.12:032][  0]LogInit: Using OS detected locale (en-CA).
[2018.08.21-17.36.12:035][  0]LogTextLocalizationManager: No specific localization for 'en-US' exists, so the 'en' localization will be used.
[2018.08.21-17.36.12:576][  0]LogStreaming: Display: Took  0.544s to EndInitTextLocalization.
[2018.08.21-17.36.12:576][  0]LogInit: Setting process to per monitor DPI aware
[2018.08.21-17.36.12:609][  0]LogSlate: New Slate User Created.  User Index 0, Is Virtual User: 0
[2018.08.21-17.36.12:609][  0]LogSlate: Slate User Registered.  User Index 0, Is Virtual User: 0
[2018.08.21-17.36.12:818][  0]LogD3D11RHI: D3D11 adapters:
[2018.08.21-17.36.12:873][  0]LogD3D11RHI:    0. 'NVIDIA GeForce GTX 960' (Feature Level 11_0)
[2018.08.21-17.36.12:873][  0]LogD3D11RHI:       4053/0/4070 MB DedicatedVideo/DedicatedSystem/SharedSystem, Outputs:1, VendorId:0x10de
[2018.08.21-17.36.12:875][  0]LogD3D11RHI:    1. 'Microsoft Basic Render Driver' (Feature Level 11_0)
[2018.08.21-17.36.12:875][  0]LogD3D11RHI:       0/0/4070 MB DedicatedVideo/DedicatedSystem/SharedSystem, Outputs:0, VendorId:0x1414
[2018.08.21-17.36.12:875][  0]LogD3D11RHI: Chosen D3D11 Adapter: 0
[2018.08.21-17.36.12:881][  0]LogD3D11RHI: Creating new Direct3DDevice
[2018.08.21-17.36.12:881][  0]LogD3D11RHI:     GPU DeviceId: 0x1406 (for the marketing name, search the web for "GPU Device Id")
[2018.08.21-17.36.12:881][  0]LogWindows: EnumDisplayDevices:
[2018.08.21-17.36.12:882][  0]LogWindows:    0. 'NVIDIA GeForce GTX 960' (P:1 D:1)
[2018.08.21-17.36.12:882][  0]LogWindows: DebugString: GetVideoDriverDetailsInvalid PrimaryIsNotTheChoosenAdapter FoundDriverCount:0 
[2018.08.21-17.36.12:882][  0]LogD3D11RHI:     Adapter Name: NVIDIA GeForce GTX 960
[2018.08.21-17.36.12:882][  0]LogD3D11RHI:   Driver Version: Unknown (internal:Unknown, unified:Unknown)
[2018.08.21-17.36.12:882][  0]LogD3D11RHI:      Driver Date: Unknown
[2018.08.21-17.36.12:882][  0]LogRHI: Texture pool is 2837 MB (70% of 4053 MB)
[2018.08.21-17.36.12:922][  0]LogD3D11RHI: [Aftermath] Aftermath enabled and primed
[2018.08.21-17.36.12:922][  0]LogD3D11RHI: [Aftermath] Aftermath enabled and primed
[2018.08.21-17.36.12:922][  0]LogD3D11RHI: Async texture creation enabled
[2018.08.21-17.36.12:940][  0]LogD3D11RHI: GPU Timing Frequency: 1000.000000 (Debug: 2 2)
[2018.08.21-17.36.12:989][  0]LogShaderCompilers: Guid format shader working directory is -36 characters bigger than the processId version (../../../../../../Users/P Tron/Documents/GitHub/Unreal-2D-Project/SuperSideScroller/Intermediate/Shaders/WorkingDirectory/5296/).
[2018.08.21-17.36.12:989][  0]LogShaderCompilers: Cleaned the shader compiler working directory 'C:/Users/P Tron/AppData/Local/Temp/UnrealShaderWorkingDir/E166E4BE4B03A47797D39CB78E5489F4/'.
[2018.08.21-17.36.13:349][  0]LogTemp: Display: Loaded TP AllDesktopTargetPlatform
[2018.08.21-17.36.13:367][  0]LogTemp: Display: Loaded TP MacClientTargetPlatform
[2018.08.21-17.36.13:385][  0]LogTemp: Display: Loaded TP MacNoEditorTargetPlatform
[2018.08.21-17.36.13:402][  0]LogTemp: Display: Loaded TP MacServerTargetPlatform
[2018.08.21-17.36.13:420][  0]LogTemp: Display: Loaded TP MacTargetPlatform
[2018.08.21-17.36.13:437][  0]LogTemp: Display: Loaded TP WindowsClientTargetPlatform
[2018.08.21-17.36.13:455][  0]LogTemp: Display: Loaded TP WindowsNoEditorTargetPlatform
[2018.08.21-17.36.13:472][  0]LogTemp: Display: Loaded TP WindowsServerTargetPlatform
[2018.08.21-17.36.13:481][  0]LogTemp: Display: Loaded TP WindowsTargetPlatform
[2018.08.21-17.36.13:497][  0]LogTemp: Display: Loaded TP Android_ASTCTargetPlatform
[2018.08.21-17.36.13:512][  0]LogTemp: Display: Loaded TP Android_ATCTargetPlatform
[2018.08.21-17.36.13:528][  0]LogTemp: Display: Loaded TP Android_DXTTargetPlatform
[2018.08.21-17.36.13:542][  0]LogTemp: Display: Loaded TP Android_ETC1aTargetPlatform
[2018.08.21-17.36.13:558][  0]LogTemp: Display: Loaded TP Android_ETC1TargetPlatform
[2018.08.21-17.36.13:573][  0]LogTemp: Display: Loaded TP Android_ETC2TargetPlatform
[2018.08.21-17.36.13:605][  0]LogTemp: Display: Loaded TP Android_MultiTargetPlatform
[2018.08.21-17.36.13:605][  0]LogTemp: Display: Loaded TP Android_PVRTCTargetPlatform
[2018.08.21-17.36.13:621][  0]LogTemp: Display: Loaded TP AndroidTargetPlatform
[2018.08.21-17.36.13:623][  0]LogTemp: Display: Loaded TP HTML5TargetPlatform
[2018.08.21-17.36.13:664][  0]LogTemp: Display: Loaded TP IOSTargetPlatform
[2018.08.21-17.36.13:680][  0]LogTemp: Display: Loaded TP TVOSTargetPlatform
[2018.08.21-17.36.13:695][  0]LogTemp: Display: Loaded TP LinuxClientTargetPlatform
[2018.08.21-17.36.13:710][  0]LogTemp: Display: Loaded TP LinuxNoEditorTargetPlatform
[2018.08.21-17.36.13:725][  0]LogTemp: Display: Loaded TP LinuxServerTargetPlatform
[2018.08.21-17.36.13:740][  0]LogTemp: Display: Loaded TP LinuxTargetPlatform
[2018.08.21-17.36.13:740][  0]LogTargetPlatformManager: Display: Building Assets For Windows
[2018.08.21-17.36.13:869][  0]LogXGEController: Cannot use XGE Controller as Incredibuild is not installed on this machine.
[2018.08.21-17.36.13:869][  0]LogShaderCompilers: Cannot use XGE Shader Compiler as Incredibuild is not installed on this machine.
[2018.08.21-17.36.13:869][  0]LogShaderCompilers: Display: Using Local Shader Compiler.
[2018.08.21-17.36.14:688][  0]LogDerivedDataCache: Display: Max Cache Size: 512 MB
[2018.08.21-17.36.14:774][  0]LogDerivedDataCache: Loaded boot cache 0.09s 74MB C:/Users/P Tron/AppData/Local/UnrealEngine/4.19/DerivedDataCache/Boot.ddc.
[2018.08.21-17.36.14:774][  0]LogDerivedDataCache: Display: Loaded Boot cache: C:/Users/P Tron/AppData/Local/UnrealEngine/4.19/DerivedDataCache/Boot.ddc
[2018.08.21-17.36.14:774][  0]LogDerivedDataCache: FDerivedDataBackendGraph:  Pak pak cache file ../../../../../../Users/P Tron/Documents/GitHub/Unreal-2D-Project/SuperSideScroller/DerivedDataCache/DDC.ddp not found, will not use a pak cache.
[2018.08.21-17.36.14:774][  0]LogDerivedDataCache: Unable to find inner node Pak for hierarchical cache Hierarchy.
[2018.08.21-17.36.14:774][  0]LogDerivedDataCache: FDerivedDataBackendGraph:  CompressedPak pak cache file ../../../../../../Users/P Tron/Documents/GitHub/Unreal-2D-Project/SuperSideScroller/DerivedDataCache/Compressed.ddp not found, will not use a pak cache.
[2018.08.21-17.36.14:774][  0]LogDerivedDataCache: Unable to find inner node CompressedPak for hierarchical cache Hierarchy.
[2018.08.21-17.36.14:793][  0]LogDerivedDataCache: Display: Pak cache opened for reading ../../../Engine/DerivedDataCache/Compressed.ddp.
[2018.08.21-17.36.14:806][  0]LogDerivedDataCache: Using Local data cache path C:/Users/P Tron/AppData/Local/UnrealEngine/Common/DerivedDataCache: Writable
[2018.08.21-17.36.14:806][  0]LogDerivedDataCache: Shared data cache path not found in *engine.ini, will not use an Shared cache.
[2018.08.21-17.36.14:806][  0]LogDerivedDataCache: Unable to find inner node Shared for hierarchical cache Hierarchy.
[2018.08.21-17.36.14:819][  0]LogMaterial: Verifying Global Shaders for PCD3D_SM5
[2018.08.21-17.36.14:819][  0]LogSlate: Using Freetype 2.6.0
[2018.08.21-17.36.14:820][  0]LogSlate: SlateFontCache - WITH_FREETYPE: 1, WITH_HARFBUZZ: 1
[2018.08.21-17.36.14:820][  0]LogSlate: SlateFontCache - WITH_FREETYPE: 1, WITH_HARFBUZZ: 1
[2018.08.21-17.36.14:959][  0]LogAssetRegistry: FAssetRegistry took 0.0281 seconds to start up
[2018.08.21-17.36.15:328][  0]LogInit: Selected Device Profile: [Windows]
[2018.08.21-17.36.15:501][  0]LogSimplygon: Simplygon DLL not present - disabling.
[2018.08.21-17.36.15:504][  0]LogMeshReduction: Using SimplygonSwarm for distributed automatic mesh merging
[2018.08.21-17.36.15:504][  0]LogMeshReduction: Using QuadricMeshReduction for automatic static mesh reduction
[2018.08.21-17.36.15:504][  0]LogMeshReduction: No automatic skeletal mesh reduction module available
[2018.08.21-17.36.15:504][  0]LogMeshReduction: No automatic mesh merging module available
[2018.08.21-17.36.15:504][  0]LogMeshMerging: No automatic mesh merging module available
[2018.08.21-17.36.15:541][  0]LogNetVersion: SuperSideScroller , NetCL: 3944462, EngineNetVer: 2, GameNetVer: 0 (Checksum: 1481994350)
[2018.08.21-17.36.16:114][  0]LogPackageLocalizationCache: Processed 9 localized package path(s) for 2 prioritized culture(s) in 0.122200 seconds
[2018.08.21-17.36.16:120][  0]LogUObjectArray: 36728 objects as part of root set at end of initial load.
[2018.08.21-17.36.16:120][  0]LogUObjectAllocator: 7314312 out of 0 bytes used by permanent object pool.
[2018.08.21-17.36.16:120][  0]LogUObjectArray: CloseDisregardForGC: 0/0 objects in disregard for GC pool
[2018.08.21-17.36.18:054][  0]LogTcpMessaging: Initializing TcpMessaging bridge
[2018.08.21-17.36.18:086][  0]LogUdpMessaging: Initializing bridge on interface 0.0.0.0:0 to multicast group 230.0.0.1:6666.
[2018.08.21-17.36.18:477][  0]SourceControl: Source control is disabled
[2018.08.21-17.36.18:477][  0]SourceControl: Source control is disabled
[2018.08.21-17.36.18:497][  0]SourceControl: Source control is disabled
[2018.08.21-17.36.18:517][  0]SourceControl: Source control is disabled
[2018.08.21-17.36.19:084][  0]LogAndroidPermission: UAndroidPermissionCallbackProxy::GetInstance
[2018.08.21-17.36.19:246][  0]LogOcInput: OculusInput pre-init called
[2018.08.21-17.36.19:372][  0]LogEngine: Initializing Engine...
[2018.08.21-17.36.19:373][  0]LogHMD: Failed to initialize OpenVR with code 110
[2018.08.21-17.36.19:375][  0]LogStats: UGameplayTagsManager::ConstructGameplayTagTree: Construct from data asset -  0.000 s
[2018.08.21-17.36.19:375][  0]LogStats: UGameplayTagsManager::ConstructGameplayTagTree: GameplayTagTreeChangedEvent.Broadcast -  0.000 s
[2018.08.21-17.36.19:642][  0]LogAIModule: Creating AISystem for world Untitled
[2018.08.21-17.36.19:663][  0]LogInit: XAudio2 using 'Realtek Digital Output(Optical) (Realtek High Definition Audio)' : 2 channels at 48 kHz using 16 bits per sample (channel mask 0x3)
[2018.08.21-17.36.19:684][  0]LogInit: FAudioDevice initialized.
[2018.08.21-17.36.20:056][  0]LogDerivedDataCache: Saved boot cache 0.37s 74MB C:/Users/P Tron/AppData/Local/UnrealEngine/4.19/DerivedDataCache/Boot.ddc.
[2018.08.21-17.36.20:067][  0]LogInit: Texture streaming: Enabled
[2018.08.21-17.36.20:086][  0]LogEngineSessionManager: EngineSessionManager initialized
[2018.08.21-17.36.20:145][  0]LogInit: Transaction tracking system initialized
[2018.08.21-17.36.20:174][  0]BlueprintLog: New page: Editor Load
[2018.08.21-17.36.20:258][  0]LocalizationService: Localization service is disabled
[2018.08.21-17.36.20:366][  0]LogConsoleResponse: Display: 
[2018.08.21-17.36.20:648][  0]LogCook: Display: Max memory allowance for cook 16384mb min free memory 0mb
[2018.08.21-17.36.20:648][  0]LogCook: Display: Mobile HDR setting 1
[2018.08.21-17.36.20:648][  0]LogGameplayTags: Display: UGameplayTagsManager::DoneAddingNativeTags. DelegateIsBound: 0
[2018.08.21-17.36.20:648][  0]LogStats: UGameplayTagsManager::ConstructGameplayTagTree: Construct from data asset -  0.000 s
[2018.08.21-17.36.20:648][  0]LogStats: UGameplayTagsManager::ConstructGameplayTagTree: GameplayTagTreeChangedEvent.Broadcast -  0.000 s
[2018.08.21-17.36.21:069][  0]LogFileCache: Scanning file cache for directory 'C:/Users/P Tron/Documents/GitHub/Unreal-2D-Project/SuperSideScroller/Content/' took 0.02s
[2018.08.21-17.36.21:069][  0]SourceControl: Source control is disabled
[2018.08.21-17.36.21:069][  0]Cmd: MAP LOAD FILE="../../../../../../Users/P Tron/Documents/GitHub/Unreal-2D-Project/SuperSideScroller/Content/SuperSideScroller/Maps/Level_00.umap" TEMPLATE=0 SHOWPROGRESS=1 FEATURELEVEL=3
[2018.08.21-17.36.21:199][  0]LightingResults: New page: Lighting Build
[2018.08.21-17.36.21:202][  0]MapCheck: New page: Map Check
[2018.08.21-17.36.21:202][  0]LightingResults: New page: Lighting Build
[2018.08.21-17.36.21:644][  0]LogUObjectGlobals: Created PersistentFrame Addr=0x0000022f9ee13600, Size=544, Default__BP_Dude_C Function /Game/SuperSideScroller/Blueprint/BP_Dude.BP_Dude_C:ExecuteUbergraph_BP_Dude
[2018.08.21-17.36.22:128][  0]LogUObjectGlobals: Destroyed PersistentFrame Addr=0x0000022f9ee13600, Size=544
[2018.08.21-17.36.22:128][  0]LogUObjectGlobals: Created PersistentFrame Addr=0x0000022fa5a75a80, Size=544, Default__BP_Dude_C Function /Engine/Transient.REINST_BP_Dude_C_5:ExecuteUbergraph_BP_Dude
[2018.08.21-17.36.22:215][  0]LogUObjectGlobals: Created PersistentFrame Addr=0x0000022f9ef5a200, Size=544, Default__BP_Dude_C Function /Game/SuperSideScroller/Blueprint/BP_Dude.BP_Dude_C:ExecuteUbergraph_BP_Dude
[2018.08.21-17.36.22:348][  0]LogUObjectGlobals: Created PersistentFrame Addr=0x0000022f9ef557c0, Size=208, Default__BP_Trap_C Function /Game/SuperSideScroller/Blueprint/BP_Trap.BP_Trap_C:ExecuteUbergraph_BP_Trap
[2018.08.21-17.36.22:354][  0]LogUObjectGlobals: Destroyed PersistentFrame Addr=0x0000022f9ef557c0, Size=208
[2018.08.21-17.36.22:354][  0]LogUObjectGlobals: Created PersistentFrame Addr=0x0000022f9ef557c0, Size=208, Default__BP_Trap_C Function /Engine/Transient.REINST_BP_Trap_C_10:ExecuteUbergraph_BP_Trap
[2018.08.21-17.36.22:357][  0]LogUObjectGlobals: Created PersistentFrame Addr=0x0000022f9ef541e0, Size=208, Default__BP_Trap_C Function /Game/SuperSideScroller/Blueprint/BP_Trap.BP_Trap_C:ExecuteUbergraph_BP_Trap
[2018.08.21-17.36.22:923][  0]LogAIModule: Creating AISystem for world Level_00
[2018.08.21-17.36.22:932][  0]LogEditorServer: Finished looking for orphan Actors (0.000 secs)
[2018.08.21-17.36.22:949][  0]LogUObjectGlobals: Destroyed PersistentFrame Addr=0x0000022fa5a75a80, Size=544
[2018.08.21-17.36.22:949][  0]LogUObjectGlobals: Destroyed PersistentFrame Addr=0x0000022f9ef557c0, Size=208
[2018.08.21-17.36.22:966][  0]Cmd: MAP CHECKDEP NOCLEARLOG
[2018.08.21-17.36.23:026][  0]MapCheck: Map check complete: 0 Error(s), 0 Warning(s), took 59.522ms to complete.
[2018.08.21-17.36.23:026][  0]LogFileHelpers: Loading map 'Level_00' took 1.957
[2018.08.21-17.36.23:539][  0]LogCollectionManager: Loaded 0 collections in 0.002422 seconds
[2018.08.21-17.36.23:649][  0]LogFileCache: Scanning file cache for directory 'C:/Users/P Tron/Documents/GitHub/Unreal-2D-Project/SuperSideScroller/Saved/Collections/' took 0.01s
[2018.08.21-17.36.23:649][  0]LogFileCache: Scanning file cache for directory 'C:/Users/P Tron/Documents/GitHub/Unreal-2D-Project/SuperSideScroller/Content/Developers/PTron/Collections/' took 0.01s
[2018.08.21-17.36.23:649][  0]LogFileCache: Scanning file cache for directory 'C:/Users/P Tron/Documents/GitHub/Unreal-2D-Project/SuperSideScroller/Content/Collections/' took 0.01s
[2018.08.21-17.36.23:649][  0]LogCollectionManager: Rebuilt the GUID cache for 0 collections in 0.000001 seconds
[2018.08.21-17.36.23:663][  0]LogContentBrowser: Native class hierarchy populated in 0.0129 seconds. Added 2452 classes and 558 folders.
[2018.08.21-17.36.23:699][  0]LogContentBrowser: Native class hierarchy updated for 'WidgetCarousel' in 0.0005 seconds. Added 0 classes and 0 folders.
[2018.08.21-17.36.25:198][  0]LogContentBrowser: Native class hierarchy updated for 'AddContentDialog' in 0.0003 seconds. Added 0 classes and 0 folders.
[2018.08.21-17.36.25:230][  0]LogContentBrowser: Native class hierarchy updated for 'SceneOutliner' in 0.0003 seconds. Added 1 classes and 2 folders.
[2018.08.21-17.36.25:541][  0]LogContentBrowser: Native class hierarchy updated for 'HierarchicalLODOutliner' in 0.0003 seconds. Added 0 classes and 0 folders.
[2018.08.21-17.36.25:541][  0]LogLoad: (Engine Initialization) Total time: 16.69 seconds
[2018.08.21-17.36.25:541][  0]LogLoad: (Engine Initialization) Total Blueprint compile time: 0.00 seconds
[2018.08.21-17.36.25:551][  0]LogWindowsTextInputMethodSystem: Display: IME system now deactivated.
[2018.08.21-17.36.25:578][  0]LogContentStreaming: Texture pool size now 1000 MB
[2018.08.21-17.36.25:580][  0]LogSlate: Took 0.000226 seconds to synchronously load lazily loaded font '../../../Engine/Content/Slate/Fonts/Roboto-Regular.ttf' (155K)
[2018.08.21-17.36.25:582][  0]LogSlate: Took 0.000225 seconds to synchronously load lazily loaded font '../../../Engine/Content/Slate/Fonts/Roboto-Bold.ttf' (160K)
[2018.08.21-17.36.25:664][  0]LogSlate: Took 0.077057 seconds to synchronously load lazily loaded font '../../../Engine/Content/Editor/Slate/Fonts/FontAwesome.ttf' (139K)
[2018.08.21-17.36.25:882][  0]LogRenderer: Reallocating scene render targets to support 804x360 Format 10 NumSamples 1 (Frame:1).
[2018.08.21-17.36.25:962][  1]LogAssetRegistry: Asset discovery search completed in 11.0258 seconds
[2018.08.21-17.36.25:965][  1]LogCollectionManager: Rebuilt the object cache for 0 collections in 0.000000 seconds (found 0 objects)
[2018.08.21-17.36.25:965][  1]LogCollectionManager: Fixed up redirectors for 0 collections in 0.000094 seconds (updated 0 objects)
[2018.08.21-17.36.29:952][452]LogSlate: Took 0.029467 seconds to synchronously load lazily loaded font '../../../Engine/Content/Slate/Fonts/Roboto-Light.ttf' (167K)
[2018.08.21-17.38.19:772][389]LogSlate: FSceneViewport::OnFocusLost() reason 0
[2018.08.21-17.38.19:927][399]LogRenderer: Reallocating scene render targets to support 1208x576 Format 10 NumSamples 1 (Frame:4).
