Log file open, 08/29/18 23:39:54
LogWindows: Failed to load 'aqProf.dll' (GetLastError=126)
LogWindows: File 'aqProf.dll' does not exist
LogWindows: Failed to load 'VtuneApi.dll' (GetLastError=126)
LogWindows: File 'VtuneApi.dll' does not exist
LogWindows: Failed to load 'VtuneApi32e.dll' (GetLastError=126)
LogWindows: File 'VtuneApi32e.dll' does not exist
LogInit: Display: Running engine for game: SuperSideScroller
LogPlatformFile: Not using cached read wrapper
LogInit: Display: RandInit(1383916960) SRandInit(1383916960).
LogInit: Read version file with build ID '3944462'
LogInit: Overriding engine version to CL 4033788, compatible CL 3944462
LogInit: Registered custom module enumerator with build ID '3944462'
LogTaskGraph: Started task graph with 5 named threads and 23 total threads with 3 sets of task threads.
LogStats: Stats thread started at 0.259664
LogD3D11RHI: Aftermath initialized
LogICUInternationalization: Display: ICU TimeZone Detection - Raw Offset: -5:00, Platform Override: ''
LogModuleManager: Display: Found up-to-date module file ../../../Engine/Plugins/2D/Paper2D/Binaries/Win64/UE4Editor-Paper2D.dll (API version 3944462).
LogModuleManager: Display: Found up-to-date module file ../../../Engine/Plugins/2D/Paper2D/Binaries/Win64/UE4Editor-Paper2DEditor.dll (API version 3944462).
LogModuleManager: Display: Found up-to-date module file ../../../Engine/Plugins/2D/Paper2D/Binaries/Win64/UE4Editor-PaperSpriteSheetImporter.dll (API version 3944462).
LogModuleManager: Display: Found up-to-date module file ../../../Engine/Plugins/2D/Paper2D/Binaries/Win64/UE4Editor-PaperTiledImporter.dll (API version 3944462).
LogModuleManager: Display: Found up-to-date module file ../../../Engine/Plugins/2D/Paper2D/Binaries/Win64/UE4Editor-SmartSnapping.dll (API version 3944462).
LogModuleManager: Display: Found up-to-date module file ../../../Engine/Plugins/Blendables/LightPropagationVolume/Binaries/Win64/UE4Editor-LightPropagationVolumeRuntime.dll (API version 3944462).
LogModuleManager: Display: Found up-to-date module file ../../../Engine/Plugins/Blendables/LightPropagationVolume/Binaries/Win64/UE4Editor-LightPropagationVolumeEditor.dll (API version 3944462).
LogModuleManager: Display: Found up-to-date module file ../../../Engine/Plugins/Developer/CLionSourceCodeAccess/Binaries/Win64/UE4Editor-CLionSourceCodeAccess.dll (API version 3944462).
LogModuleManager: Display: Found up-to-date module file ../../../Engine/Plugins/Developer/GitSourceControl/Binaries/Win64/UE4Editor-GitSourceControl.dll (API version 3944462).
LogModuleManager: Display: Found up-to-date module file ../../../Engine/Plugins/Developer/PerforceSourceControl/Binaries/Win64/UE4Editor-PerforceSourceControl.dll (API version 3944462).
LogModuleManager: Display: Found up-to-date module file ../../../Engine/Plugins/Developer/SubversionSourceControl/Binaries/Win64/UE4Editor-SubversionSourceControl.dll (API version 3944462).
LogModuleManager: Display: Found up-to-date module file ../../../Engine/Plugins/Developer/UObjectPlugin/Binaries/Win64/UE4Editor-UObjectPlugin.dll (API version 3944462).
LogModuleManager: Display: Found up-to-date module file ../../../Engine/Plugins/Developer/VisualStudioCodeSourceCodeAccess/Binaries/Win64/UE4Editor-VisualStudioCodeSourceCodeAccess.dll (API version 3944462).
LogModuleManager: Display: Found up-to-date module file ../../../Engine/Plugins/Developer/VisualStudioSourceCodeAccess/Binaries/Win64/UE4Editor-VisualStudioSourceCodeAccess.dll (API version 3944462).
LogModuleManager: Display: Found up-to-date module file ../../../Engine/Plugins/Editor/AssetManagerEditor/Binaries/Win64/UE4Editor-AssetManagerEditor.dll (API version 3944462).
LogModuleManager: Display: Found up-to-date module file ../../../Engine/Plugins/Editor/CryptoKeys/Binaries/Win64/UE4Editor-CryptoKeys.dll (API version 3944462).
LogModuleManager: Display: Found up-to-date module file ../../../Engine/Plugins/Editor/CryptoKeys/Binaries/Win64/UE4Editor-CryptoKeysOpenSSL.dll (API version 3944462).
LogModuleManager: Display: Found up-to-date module file ../../../Engine/Plugins/Editor/DataValidation/Binaries/Win64/UE4Editor-DataValidation.dll (API version 3944462).
LogModuleManager: Display: Found up-to-date module file ../../../Engine/Plugins/Editor/FacialAnimation/Binaries/Win64/UE4Editor-FacialAnimation.dll (API version 3944462).
LogModuleManager: Display: Found up-to-date module file ../../../Engine/Plugins/Editor/FacialAnimation/Binaries/Win64/UE4Editor-FacialAnimationEditor.dll (API version 3944462).
LogModuleManager: Display: Found up-to-date module file ../../../Engine/Plugins/Editor/GameplayTagsEditor/Binaries/Win64/UE4Editor-GameplayTagsEditor.dll (API version 3944462).
LogModuleManager: Display: Found up-to-date module file ../../../Engine/Plugins/Editor/MobileLauncherProfileWizard/Binaries/Win64/UE4Editor-MobileLauncherProfileWizard.dll (API version 3944462).
LogModuleManager: Display: Found up-to-date module file ../../../Engine/Plugins/Editor/PluginBrowser/Binaries/Win64/UE4Editor-PluginBrowser.dll (API version 3944462).
LogModuleManager: Display: Found up-to-date module file ../../../Engine/Plugins/Editor/SpeedTreeImporter/Binaries/Win64/UE4Editor-SpeedTreeImporter.dll (API version 3944462).
LogModuleManager: Display: Found up-to-date module file ../../../Engine/Plugins/Enterprise/DatasmithContent/Binaries/Win64/UE4Editor-DatasmithContent.dll (API version 3944462).
LogModuleManager: Display: Found up-to-date module file ../../../Engine/Plugins/Experimental/AlembicImporter/Binaries/Win64/UE4Editor-AlembicImporter.dll (API version 3944462).
LogModuleManager: Display: Found up-to-date module file ../../../Engine/Plugins/Experimental/AlembicImporter/Binaries/Win64/UE4Editor-AlembicLibrary.dll (API version 3944462).
LogModuleManager: Display: Found up-to-date module file ../../../Engine/Plugins/Experimental/CharacterAI/Binaries/Win64/UE4Editor-CharacterAI.dll (API version 3944462).
LogModuleManager: Display: Found up-to-date module file ../../../Engine/Plugins/Experimental/HTML5Networking/Binaries/Win64/UE4Editor-HTML5Networking.dll (API version 3944462).
LogModuleManager: Display: Found up-to-date module file ../../../Engine/Plugins/Media/AndroidMedia/Binaries/Win64/UE4Editor-AndroidMediaEditor.dll (API version 3944462).
LogModuleManager: Display: Found up-to-date module file ../../../Engine/Plugins/Media/AndroidMedia/Binaries/Win64/UE4Editor-AndroidMediaFactory.dll (API version 3944462).
LogModuleManager: Display: Found up-to-date module file ../../../Engine/Plugins/Media/AvfMedia/Binaries/Win64/UE4Editor-AvfMediaEditor.dll (API version 3944462).
LogModuleManager: Display: Found up-to-date module file ../../../Engine/Plugins/Media/AvfMedia/Binaries/Win64/UE4Editor-AvfMediaFactory.dll (API version 3944462).
LogModuleManager: Display: Found up-to-date module file ../../../Engine/Plugins/Media/AvfMedia/Binaries/Win64/UE4Editor-AvfMediaFactory.dll (API version 3944462).
LogModuleManager: Display: Found up-to-date module file ../../../Engine/Plugins/Media/ImgMedia/Binaries/Win64/UE4Editor-ImgMedia.dll (API version 3944462).
LogModuleManager: Display: Found up-to-date module file ../../../Engine/Plugins/Media/ImgMedia/Binaries/Win64/UE4Editor-ImgMediaEditor.dll (API version 3944462).
LogModuleManager: Display: Found up-to-date module file ../../../Engine/Plugins/Media/ImgMedia/Binaries/Win64/UE4Editor-ImgMediaFactory.dll (API version 3944462).
LogModuleManager: Display: Found up-to-date module file ../../../Engine/Plugins/Media/ImgMedia/Binaries/Win64/UE4Editor-ImgMediaFactory.dll (API version 3944462).
LogModuleManager: Display: Found up-to-date module file ../../../Engine/Plugins/Media/ImgMedia/Binaries/Win64/UE4Editor-OpenExrWrapper.dll (API version 3944462).
LogModuleManager: Display: Found up-to-date module file ../../../Engine/Plugins/Media/LinearTimecode/Binaries/Win64/UE4Editor-LinearTimecode.dll (API version 3944462).
LogModuleManager: Display: Found up-to-date module file ../../../Engine/Plugins/Media/MediaCompositing/Binaries/Win64/UE4Editor-MediaCompositing.dll (API version 3944462).
LogModuleManager: Display: Found up-to-date module file ../../../Engine/Plugins/Media/MediaCompositing/Binaries/Win64/UE4Editor-MediaCompositingEditor.dll (API version 3944462).
LogModuleManager: Display: Found up-to-date module file ../../../Engine/Plugins/Media/MediaPlayerEditor/Binaries/Win64/UE4Editor-MediaPlayerEditor.dll (API version 3944462).
LogModuleManager: Display: Found up-to-date module file ../../../Engine/Plugins/Media/WmfMedia/Binaries/Win64/UE4Editor-WmfMedia.dll (API version 3944462).
LogModuleManager: Display: Found up-to-date module file ../../../Engine/Plugins/Media/WmfMedia/Binaries/Win64/UE4Editor-WmfMediaEditor.dll (API version 3944462).
LogModuleManager: Display: Found up-to-date module file ../../../Engine/Plugins/Media/WmfMedia/Binaries/Win64/UE4Editor-WmfMediaFactory.dll (API version 3944462).
LogModuleManager: Display: Found up-to-date module file ../../../Engine/Plugins/Media/WmfMedia/Binaries/Win64/UE4Editor-WmfMediaFactory.dll (API version 3944462).
LogModuleManager: Display: Found up-to-date module file ../../../Engine/Plugins/Messaging/TcpMessaging/Binaries/Win64/UE4Editor-TcpMessaging.dll (API version 3944462).
LogModuleManager: Display: Found up-to-date module file ../../../Engine/Plugins/Messaging/UdpMessaging/Binaries/Win64/UE4Editor-UdpMessaging.dll (API version 3944462).
LogModuleManager: Display: Found up-to-date module file ../../../Engine/Plugins/MovieScene/ActorSequence/Binaries/Win64/UE4Editor-ActorSequence.dll (API version 3944462).
LogModuleManager: Display: Found up-to-date module file ../../../Engine/Plugins/MovieScene/LevelSequenceEditor/Binaries/Win64/UE4Editor-LevelSequenceEditor.dll (API version 3944462).
LogModuleManager: Display: Found up-to-date module file ../../../Engine/Plugins/MovieScene/MatineeToLevelSequence/Binaries/Win64/UE4Editor-MatineeToLevelSequence.dll (API version 3944462).
LogModuleManager: Display: Found up-to-date module file ../../../Engine/Plugins/NetcodeUnitTest/NetcodeUnitTest/Binaries/Win64/UE4Editor-NetcodeUnitTest.dll (API version 3944462).
LogModuleManager: Display: Found up-to-date module file ../../../Engine/Plugins/NetcodeUnitTest/NUTUnrealEngine4/Binaries/Win64/UE4Editor-NUTUnrealEngine4.dll (API version 3944462).
LogModuleManager: Display: Found up-to-date module file ../../../Engine/Plugins/Online/OnlineSubsystem/Binaries/Win64/UE4Editor-OnlineSubsystem.dll (API version 3944462).
LogModuleManager: Display: Found up-to-date module file ../../../Engine/Plugins/Runtime/AndroidPermission/Binaries/Win64/UE4Editor-AndroidPermission.dll (API version 3944462).
LogModuleManager: Display: Found up-to-date module file ../../../Engine/Plugins/Online/OnlineSubsystemNull/Binaries/Win64/UE4Editor-OnlineSubsystemNull.dll (API version 3944462).
LogModuleManager: Display: Found up-to-date module file ../../../Engine/Plugins/Online/OnlineSubsystemUtils/Binaries/Win64/UE4Editor-OnlineSubsystemUtils.dll (API version 3944462).
LogModuleManager: Display: Found up-to-date module file ../../../Engine/Plugins/Online/OnlineSubsystemUtils/Binaries/Win64/UE4Editor-OnlineBlueprintSupport.dll (API version 3944462).
LogModuleManager: Display: Found up-to-date module file ../../../Engine/Plugins/Runtime/AndroidDeviceProfileSelector/Binaries/Win64/UE4Editor-AndroidDeviceProfileSelector.dll (API version 3944462).
LogModuleManager: Display: Found up-to-date module file ../../../Engine/Plugins/Runtime/AppleARKit/Binaries/Win64/UE4Editor-AppleARKit.dll (API version 3944462).
LogModuleManager: Display: Found up-to-date module file ../../../Engine/Plugins/Runtime/ProceduralMeshComponent/Binaries/Win64/UE4Editor-ProceduralMeshComponent.dll (API version 3944462).
LogModuleManager: Display: Found up-to-date module file ../../../Engine/Plugins/Runtime/ProceduralMeshComponent/Binaries/Win64/UE4Editor-ProceduralMeshComponentEditor.dll (API version 3944462).
LogModuleManager: Display: Found up-to-date module file ../../../Engine/Plugins/Animation/LiveLink/Binaries/Win64/UE4Editor-LiveLink.dll (API version 3944462).
LogModuleManager: Display: Found up-to-date module file ../../../Engine/Plugins/Animation/LiveLink/Binaries/Win64/UE4Editor-LiveLinkEditor.dll (API version 3944462).
LogModuleManager: Display: Found up-to-date module file ../../../Engine/Plugins/Runtime/ArchVisCharacter/Binaries/Win64/UE4Editor-ArchVisCharacter.dll (API version 3944462).
LogModuleManager: Display: Found up-to-date module file ../../../Engine/Plugins/Runtime/AudioCapture/Binaries/Win64/UE4Editor-AudioCapture.dll (API version 3944462).
LogModuleManager: Display: Found up-to-date module file ../../../Engine/Plugins/Runtime/AudioCapture/Binaries/Win64/UE4Editor-AudioCaptureEditor.dll (API version 3944462).
LogModuleManager: Display: Found up-to-date module file ../../../Engine/Plugins/Runtime/CableComponent/Binaries/Win64/UE4Editor-CableComponent.dll (API version 3944462).
LogModuleManager: Display: Found up-to-date module file ../../../Engine/Plugins/Runtime/CustomMeshComponent/Binaries/Win64/UE4Editor-CustomMeshComponent.dll (API version 3944462).
LogModuleManager: Display: Found up-to-date module file ../../../Engine/Plugins/Runtime/ExampleDeviceProfileSelector/Binaries/Win64/UE4Editor-ExampleDeviceProfileSelector.dll (API version 3944462).
LogModuleManager: Display: Found up-to-date module file ../../../Engine/Plugins/Runtime/ImmediatePhysics/Binaries/Win64/UE4Editor-ImmediatePhysics.dll (API version 3944462).
LogModuleManager: Display: Found up-to-date module file ../../../Engine/Plugins/Runtime/ImmediatePhysics/Binaries/Win64/UE4Editor-ImmediatePhysicsEditor.dll (API version 3944462).
LogModuleManager: Display: Found up-to-date module file ../../../Engine/Plugins/Runtime/LocationServicesBPLibrary/Binaries/Win64/UE4Editor-LocationServicesBPLibrary.dll (API version 3944462).
LogModuleManager: Display: Found up-to-date module file ../../../Engine/Plugins/Runtime/MobilePatchingUtils/Binaries/Win64/UE4Editor-MobilePatchingUtils.dll (API version 3944462).
LogModuleManager: Display: Found up-to-date module file ../../../Engine/Plugins/Runtime/Oculus/OculusVR/Binaries/Win64/UE4Editor-OculusHMD.dll (API version 3944462).
LogModuleManager: Display: Found up-to-date module file ../../../Engine/Plugins/Runtime/Oculus/OculusVR/Binaries/Win64/UE4Editor-OculusInput.dll (API version 3944462).
LogModuleManager: Display: Found up-to-date module file ../../../Engine/Plugins/Runtime/Oculus/OculusVR/Binaries/Win64/UE4Editor-OculusEditor.dll (API version 3944462).
LogModuleManager: Display: Found up-to-date module file ../../../Engine/Plugins/Runtime/PhysXVehicles/Binaries/Win64/UE4Editor-PhysXVehicles.dll (API version 3944462).
LogModuleManager: Display: Found up-to-date module file ../../../Engine/Plugins/Runtime/PhysXVehicles/Binaries/Win64/UE4Editor-PhysXVehiclesEditor.dll (API version 3944462).
LogModuleManager: Display: Found up-to-date module file ../../../Engine/Plugins/Runtime/RuntimePhysXCooking/Binaries/Win64/UE4Editor-RuntimePhysXCooking.dll (API version 3944462).
LogModuleManager: Display: Found up-to-date module file ../../../Engine/Plugins/Runtime/Steam/SteamVR/Binaries/Win64/UE4Editor-SteamVR.dll (API version 3944462).
LogModuleManager: Display: Found up-to-date module file ../../../Engine/Plugins/Runtime/Steam/SteamVR/Binaries/Win64/UE4Editor-SteamVRController.dll (API version 3944462).
LogModuleManager: Display: Found up-to-date module file ../../../Engine/Plugins/Runtime/WindowsMoviePlayer/Binaries/Win64/UE4Editor-WindowsMoviePlayer.dll (API version 3944462).
LogPluginManager: Mounting plugin Paper2D
LogPluginManager: Mounting plugin LiveLink
LogPluginManager: Mounting plugin LightPropagationVolume
LogPluginManager: Mounting plugin CLionSourceCodeAccess
LogPluginManager: Mounting plugin CodeLiteSourceCodeAccess
LogPluginManager: Mounting plugin GitSourceControl
LogPluginManager: Mounting plugin KDevelopSourceCodeAccess
LogPluginManager: Mounting plugin NullSourceCodeAccess
LogPluginManager: Mounting plugin PerforceSourceControl
LogPluginManager: Mounting plugin SubversionSourceControl
LogPluginManager: Mounting plugin UObjectPlugin
LogPluginManager: Mounting plugin VisualStudioCodeSourceCodeAccess
LogPluginManager: Mounting plugin VisualStudioSourceCodeAccess
LogPluginManager: Mounting plugin XCodeSourceCodeAccess
LogPluginManager: Mounting plugin AssetManagerEditor
LogPluginManager: Mounting plugin CryptoKeys
LogPluginManager: Mounting plugin DataValidation
LogPluginManager: Mounting plugin FacialAnimation
LogPluginManager: Mounting plugin GameplayTagsEditor
LogPluginManager: Mounting plugin MobileLauncherProfileWizard
LogPluginManager: Mounting plugin PluginBrowser
LogPluginManager: Mounting plugin SpeedTreeImporter
LogPluginManager: Mounting plugin DatasmithContent
LogPluginManager: Mounting plugin AlembicImporter
LogPluginManager: Mounting plugin CharacterAI
LogPluginManager: Mounting plugin HTML5Networking
LogPluginManager: Mounting plugin AndroidMedia
LogPluginManager: Mounting plugin AvfMedia
LogPluginManager: Mounting plugin ImgMedia
LogPluginManager: Mounting plugin LinearTimecode
LogPluginManager: Mounting plugin MediaCompositing
LogPluginManager: Mounting plugin MediaPlayerEditor
LogPluginManager: Mounting plugin WmfMedia
LogPluginManager: Mounting plugin TcpMessaging
LogPluginManager: Mounting plugin UdpMessaging
LogPluginManager: Mounting plugin ActorSequence
LogPluginManager: Mounting plugin LevelSequenceEditor
LogPluginManager: Mounting plugin MatineeToLevelSequence
LogPluginManager: Mounting plugin NetcodeUnitTest
LogPluginManager: Mounting plugin NUTUnrealEngine4
LogPluginManager: Mounting plugin OnlineSubsystemGooglePlay
LogPluginManager: Mounting plugin OnlineSubsystemIOS
LogPluginManager: Mounting plugin OnlineSubsystem
LogPluginManager: Mounting plugin OnlineSubsystemNull
LogPluginManager: Mounting plugin OnlineSubsystemUtils
LogPluginManager: Mounting plugin AndroidDeviceProfileSelector
LogPluginManager: Mounting plugin AndroidMoviePlayer
LogPluginManager: Mounting plugin AndroidPermission
LogPluginManager: Mounting plugin AppleARKit
LogPluginManager: Mounting plugin AppleMoviePlayer
LogPluginManager: Mounting plugin ArchVisCharacter
LogPluginManager: Mounting plugin AudioCapture
LogPluginManager: Mounting plugin CableComponent
LogPluginManager: Mounting plugin CustomMeshComponent
LogPluginManager: Mounting plugin ExampleDeviceProfileSelector
LogPluginManager: Mounting plugin GoogleCloudMessaging
LogPluginManager: Mounting plugin ImmediatePhysics
LogPluginManager: Mounting plugin IOSDeviceProfileSelector
LogPluginManager: Mounting plugin LinuxDeviceProfileSelector
LogPluginManager: Mounting plugin LocationServicesBPLibrary
LogPluginManager: Mounting plugin MobilePatchingUtils
LogPluginManager: Mounting plugin OculusVR
LogPluginManager: Plugin shader directory ../../../Engine/Plugins/Runtime/Oculus/OculusVR/Shaders found
LogPluginManager: Mapping shader source directory ../../../Engine/Plugins/Runtime/Oculus/OculusVR/Shaders to virtual directory /Plugin/OculusVR
LogPluginManager: Mounting plugin PhysXVehicles
LogPluginManager: Mounting plugin ProceduralMeshComponent
LogPluginManager: Mounting plugin RuntimePhysXCooking
LogPluginManager: Mounting plugin SteamVR
LogPluginManager: Mounting plugin WindowsMoviePlayer
LogStreaming: Display: Took  0.928s to configure plugins.
LogInit: Using libcurl 7.47.1
LogInit:  - built for x86_64-pc-win32
LogInit:  - supports SSL with OpenSSL/1.0.2g
LogInit:  - supports HTTP deflate (compression) using libz 1.2.8
LogInit:  - other features:
LogInit:      CURL_VERSION_SSL
LogInit:      CURL_VERSION_LIBZ
LogInit:      CURL_VERSION_IPV6
LogInit:      CURL_VERSION_ASYNCHDNS
LogInit:      CURL_VERSION_LARGEFILE
LogInit:      CURL_VERSION_IDN
LogInit:  CurlRequestOptions (configurable via config and command line):
LogInit:  - bVerifyPeer = false  - Libcurl will NOT verify peer certificate
LogInit:  - bUseHttpProxy = false  - Libcurl will NOT use HTTP proxy
LogInit:  - bDontReuseConnections = false  - Libcurl will reuse connections
LogInit:  - CertBundlePath = nullptr  - Libcurl will use whatever was configured at build time.
LogInit:  - MaxHostConnections = 16  - Libcurl will limit the number of connections to a host
LogInit:  - LocalHostAddr = Default
LogInit: WinSock: version 1.1 (2.2), MaxSocks=32767, MaxUdp=65467
LogInit: WinSock: I am PTrons-Machine (192.168.2.10:0)
LogInit: Build: ++UE4+Release-4.19-CL-4033788
LogInit: Engine Version: 4.19.2-4033788+++UE4+Release-4.19
LogInit: Compatible Engine Version: 4.19.0-3944462+++UE4+Release-4.19
LogInit: Net CL: 3944462
LogDevObjectVersion: Number of dev versions registered: 18
LogDevObjectVersion:   Dev-Blueprints (B0D832E4-1F89-4F0D-ACCF-7EB736FD4AA2): 10
LogDevObjectVersion:   Dev-Build (E1C64328-A22C-4D53-A36C-8E866417BD8C): 0
LogDevObjectVersion:   Dev-Core (375EC13C-06E4-48FB-B500-84F0262A717E): 2
LogDevObjectVersion:   Dev-Editor (E4B068ED-F494-42E9-A231-DA0B2E46BB41): 23
LogDevObjectVersion:   Dev-Framework (CFFC743F-43B0-4480-9391-14DF171D2073): 33
LogDevObjectVersion:   Dev-Mobile (B02B49B5-BB20-44E9-A304-32B752E40360): 2
LogDevObjectVersion:   Dev-Networking (A4E4105C-59A1-49B5-A7C5-40C4547EDFEE): 0
LogDevObjectVersion:   Dev-Online (39C831C9-5AE6-47DC-9A44-9C173E1C8E7C): 0
LogDevObjectVersion:   Dev-Physics (78F01B33-EBEA-4F98-B9B4-84EACCB95AA2): 0
LogDevObjectVersion:   Dev-Platform (6631380F-2D4D-43E0-8009-CF276956A95A): 0
LogDevObjectVersion:   Dev-Rendering (12F88B9F-8875-4AFC-A67C-D90C383ABD29): 25
LogDevObjectVersion:   Dev-Sequencer (7B5AE74C-D270-4C10-A958-57980B212A5A): 6
LogDevObjectVersion:   Dev-VR (D7296918-1DD6-4BDD-9DE2-64A83CC13884): 1
LogDevObjectVersion:   Dev-LoadTimes (C2A15278-BFE7-4AFE-6C17-90FF531DF755): 1
LogDevObjectVersion:   Private-Geometry (6EACA3D4-40EC-4CC1-B786-8BED09428FC5): 2
LogDevObjectVersion:   Dev-AnimPhys (29E575DD-E0A3-4627-9D10-D276232CDCEA): 16
LogDevObjectVersion:   Dev-ReflectionCapture (6B266CEC-1EC7-4B8F-A30B-E4D90942FC07): 1
LogDevObjectVersion:   Dev-Automation (0DF73D61-A23F-47EA-B727-89E90C41499A): 1
LogInit: Compiled (64-bit): Apr 27 2018 02:06:57
LogInit: Compiled with Visual C++: 19.00.24215.01
LogInit: Build Configuration: Development
LogInit: Branch Name: ++UE4+Release-4.19
LogInit: Command Line: -EpicPortal 
LogInit: Base Directory: G:/epic/fortnite/UE_4.19/Engine/Binaries/Win64/
LogInit: Installed Engine Build: 1
LogStreaming: Display: Took  0.000s to delete old logs.
LogInit: Presizing for max 8388607 objects, including 0 objects not considered by GC, pre-allocating 0 bytes for permanent pool.
LogInit: Object subsystem initialized
[2018.08.30-03.39.55:929][  0]LogInit: Selected Device Profile: [Windows]
[2018.08.30-03.39.55:929][  0]LogInit: Applying CVar settings loaded from the selected device profile: [Windows]
[2018.08.30-03.39.55:961][  0]LogInit: Computer: PTRONS-MACHINE
[2018.08.30-03.39.55:961][  0]LogInit: User: PTron
[2018.08.30-03.39.55:961][  0]LogInit: CPU Page size=4096, Cores=4
[2018.08.30-03.39.55:961][  0]LogInit: High frequency timer resolution =4.101563 MHz
[2018.08.30-03.39.55:961][  0]LogMemory: Memory total: Physical=7.9GB (8GB approx)
[2018.08.30-03.39.55:961][  0]LogMemory: Platform Memory Stats for Windows
[2018.08.30-03.39.55:961][  0]LogMemory: Process Physical Memory: 275.09 MB used, 275.09 MB peak
[2018.08.30-03.39.55:961][  0]LogMemory: Process Virtual Memory: 272.74 MB used, 272.74 MB peak
[2018.08.30-03.39.55:961][  0]LogMemory: Physical Memory: 6780.44 MB used,  1336.51 MB free, 8116.95 MB total
[2018.08.30-03.39.55:961][  0]LogMemory: Virtual Memory: 4798.49 MB used,  1336.51 MB free, 134217728.00 MB total
[2018.08.30-03.39.55:982][  0]LogInit: Using OS detected language (en-US).
[2018.08.30-03.39.55:982][  0]LogInit: Using OS detected locale (en-CA).
[2018.08.30-03.39.55:986][  0]LogTextLocalizationManager: No specific localization for 'en-US' exists, so the 'en' localization will be used.
[2018.08.30-03.39.56:373][  0]LogStreaming: Display: Took  0.391s to EndInitTextLocalization.
[2018.08.30-03.39.56:374][  0]LogInit: Setting process to per monitor DPI aware
[2018.08.30-03.39.56:401][  0]LogSlate: New Slate User Created.  User Index 0, Is Virtual User: 0
[2018.08.30-03.39.56:401][  0]LogSlate: Slate User Registered.  User Index 0, Is Virtual User: 0
[2018.08.30-03.39.56:649][  0]LogD3D11RHI: D3D11 adapters:
[2018.08.30-03.39.56:695][  0]LogD3D11RHI:    0. 'NVIDIA GeForce GTX 1080' (Feature Level 11_0)
[2018.08.30-03.39.56:695][  0]LogD3D11RHI:       8079/0/4058 MB DedicatedVideo/DedicatedSystem/SharedSystem, Outputs:2, VendorId:0x10de
[2018.08.30-03.39.56:697][  0]LogD3D11RHI:    1. 'Microsoft Basic Render Driver' (Feature Level 11_0)
[2018.08.30-03.39.56:697][  0]LogD3D11RHI:       0/0/4058 MB DedicatedVideo/DedicatedSystem/SharedSystem, Outputs:0, VendorId:0x1414
[2018.08.30-03.39.56:697][  0]LogD3D11RHI: Chosen D3D11 Adapter: 0
[2018.08.30-03.39.56:709][  0]LogD3D11RHI: Creating new Direct3DDevice
[2018.08.30-03.39.56:709][  0]LogD3D11RHI:     GPU DeviceId: 0x1b80 (for the marketing name, search the web for "GPU Device Id")
[2018.08.30-03.39.56:709][  0]LogWindows: EnumDisplayDevices:
[2018.08.30-03.39.56:709][  0]LogWindows:    0. 'NVIDIA GeForce GTX 1080' (P:1 D:1)
[2018.08.30-03.39.56:710][  0]LogWindows:    1. 'NVIDIA GeForce GTX 1080' (P:0 D:1)
[2018.08.30-03.39.56:710][  0]LogWindows:    2. 'NVIDIA GeForce GTX 1080' (P:0 D:0)
[2018.08.30-03.39.56:710][  0]LogWindows:    3. 'NVIDIA GeForce GTX 1080' (P:0 D:0)
[2018.08.30-03.39.56:710][  0]LogWindows: DebugString: GetVideoDriverDetailsInvalid PrimaryIsNotTheChoosenAdapter GetVideoDriverDetailsInvalid PrimaryIsNotTheChoosenAdapter GetVideoDriverDetailsInvalid PrimaryIsNotTheChoosenAdapter GetVideoDriverDetailsInvalid PrimaryIsNotTheChoosenAdapter FoundDriverCount:0 
[2018.08.30-03.39.56:710][  0]LogD3D11RHI:     Adapter Name: NVIDIA GeForce GTX 1080
[2018.08.30-03.39.56:710][  0]LogD3D11RHI:   Driver Version: Unknown (internal:Unknown, unified:Unknown)
[2018.08.30-03.39.56:710][  0]LogD3D11RHI:      Driver Date: Unknown
[2018.08.30-03.39.56:710][  0]LogRHI: Texture pool is 5655 MB (70% of 8079 MB)
[2018.08.30-03.39.56:748][  0]LogD3D11RHI: [Aftermath] Aftermath enabled and primed
[2018.08.30-03.39.56:748][  0]LogD3D11RHI: [Aftermath] Aftermath enabled and primed
[2018.08.30-03.39.56:748][  0]LogD3D11RHI: Async texture creation enabled
[2018.08.30-03.39.56:770][  0]LogD3D11RHI: GPU Timing Frequency: 1000.000000 (Debug: 2 2)
[2018.08.30-03.39.56:865][  0]LogShaderCompilers: Guid format shader working directory is -41 characters bigger than the processId version (../../../../../../School/Unreal 4/Unreal 2D Project/Unreal-2D-Project/SuperSideScroller/Intermediate/Shaders/WorkingDirectory/42508/).
[2018.08.30-03.39.56:865][  0]LogShaderCompilers: Cleaned the shader compiler working directory 'C:/Users/P Tron/AppData/Local/Temp/UnrealShaderWorkingDir/AC8A15E24B988A86B9EB94848FA94946/'.
[2018.08.30-03.39.57:056][  0]LogTemp: Display: Loaded TP AllDesktopTargetPlatform
[2018.08.30-03.39.57:069][  0]LogTemp: Display: Loaded TP MacClientTargetPlatform
[2018.08.30-03.39.57:082][  0]LogTemp: Display: Loaded TP MacNoEditorTargetPlatform
[2018.08.30-03.39.57:093][  0]LogTemp: Display: Loaded TP MacServerTargetPlatform
[2018.08.30-03.39.57:104][  0]LogTemp: Display: Loaded TP MacTargetPlatform
[2018.08.30-03.39.57:116][  0]LogTemp: Display: Loaded TP WindowsClientTargetPlatform
[2018.08.30-03.39.57:126][  0]LogTemp: Display: Loaded TP WindowsNoEditorTargetPlatform
[2018.08.30-03.39.57:138][  0]LogTemp: Display: Loaded TP WindowsServerTargetPlatform
[2018.08.30-03.39.57:145][  0]LogTemp: Display: Loaded TP WindowsTargetPlatform
[2018.08.30-03.39.57:157][  0]LogTemp: Display: Loaded TP Android_ASTCTargetPlatform
[2018.08.30-03.39.57:167][  0]LogTemp: Display: Loaded TP Android_ATCTargetPlatform
[2018.08.30-03.39.57:178][  0]LogTemp: Display: Loaded TP Android_DXTTargetPlatform
[2018.08.30-03.39.57:189][  0]LogTemp: Display: Loaded TP Android_ETC1aTargetPlatform
[2018.08.30-03.39.57:200][  0]LogTemp: Display: Loaded TP Android_ETC1TargetPlatform
[2018.08.30-03.39.57:211][  0]LogTemp: Display: Loaded TP Android_ETC2TargetPlatform
[2018.08.30-03.39.57:230][  0]LogTemp: Display: Loaded TP Android_MultiTargetPlatform
[2018.08.30-03.39.57:231][  0]LogTemp: Display: Loaded TP Android_PVRTCTargetPlatform
[2018.08.30-03.39.57:243][  0]LogTemp: Display: Loaded TP AndroidTargetPlatform
[2018.08.30-03.39.57:245][  0]LogTemp: Display: Loaded TP HTML5TargetPlatform
[2018.08.30-03.39.57:283][  0]LogTemp: Display: Loaded TP IOSTargetPlatform
[2018.08.30-03.39.57:292][  0]LogTemp: Display: Loaded TP TVOSTargetPlatform
[2018.08.30-03.39.57:302][  0]LogTemp: Display: Loaded TP LinuxClientTargetPlatform
[2018.08.30-03.39.57:314][  0]LogTemp: Display: Loaded TP LinuxNoEditorTargetPlatform
[2018.08.30-03.39.57:324][  0]LogTemp: Display: Loaded TP LinuxServerTargetPlatform
[2018.08.30-03.39.57:335][  0]LogTemp: Display: Loaded TP LinuxTargetPlatform
[2018.08.30-03.39.57:335][  0]LogTargetPlatformManager: Display: Building Assets For Windows
[2018.08.30-03.39.57:433][  0]LogXGEController: Cannot use XGE Controller as Incredibuild is not installed on this machine.
[2018.08.30-03.39.57:434][  0]LogShaderCompilers: Cannot use XGE Shader Compiler as Incredibuild is not installed on this machine.
[2018.08.30-03.39.57:434][  0]LogShaderCompilers: Display: Using Local Shader Compiler.
[2018.08.30-03.39.57:960][  0]LogDerivedDataCache: Display: Max Cache Size: 512 MB
[2018.08.30-03.39.58:050][  0]LogDerivedDataCache: Loaded boot cache 0.09s 74MB C:/Users/P Tron/AppData/Local/UnrealEngine/4.19/DerivedDataCache/Boot.ddc.
[2018.08.30-03.39.58:050][  0]LogDerivedDataCache: Display: Loaded Boot cache: C:/Users/P Tron/AppData/Local/UnrealEngine/4.19/DerivedDataCache/Boot.ddc
[2018.08.30-03.39.58:050][  0]LogDerivedDataCache: FDerivedDataBackendGraph:  Pak pak cache file ../../../../../../School/Unreal 4/Unreal 2D Project/Unreal-2D-Project/SuperSideScroller/DerivedDataCache/DDC.ddp not found, will not use a pak cache.
[2018.08.30-03.39.58:050][  0]LogDerivedDataCache: Unable to find inner node Pak for hierarchical cache Hierarchy.
[2018.08.30-03.39.58:050][  0]LogDerivedDataCache: FDerivedDataBackendGraph:  CompressedPak pak cache file ../../../../../../School/Unreal 4/Unreal 2D Project/Unreal-2D-Project/SuperSideScroller/DerivedDataCache/Compressed.ddp not found, will not use a pak cache.
[2018.08.30-03.39.58:050][  0]LogDerivedDataCache: Unable to find inner node CompressedPak for hierarchical cache Hierarchy.
[2018.08.30-03.39.58:064][  0]LogDerivedDataCache: Display: Pak cache opened for reading ../../../Engine/DerivedDataCache/Compressed.ddp.
[2018.08.30-03.39.58:077][  0]LogDerivedDataCache: Using Local data cache path C:/Users/P Tron/AppData/Local/UnrealEngine/Common/DerivedDataCache: Writable
[2018.08.30-03.39.58:077][  0]LogDerivedDataCache: Shared data cache path not found in *engine.ini, will not use an Shared cache.
[2018.08.30-03.39.58:077][  0]LogDerivedDataCache: Unable to find inner node Shared for hierarchical cache Hierarchy.
[2018.08.30-03.39.58:086][  0]LogMaterial: Verifying Global Shaders for PCD3D_SM5
[2018.08.30-03.39.58:086][  0]LogSlate: Using Freetype 2.6.0
[2018.08.30-03.39.58:087][  0]LogSlate: SlateFontCache - WITH_FREETYPE: 1, WITH_HARFBUZZ: 1
[2018.08.30-03.39.58:087][  0]LogSlate: SlateFontCache - WITH_FREETYPE: 1, WITH_HARFBUZZ: 1
[2018.08.30-03.39.58:214][  0]LogAssetRegistry: FAssetRegistry took 0.0257 seconds to start up
[2018.08.30-03.39.58:447][  0]LogInit: Selected Device Profile: [Windows]
[2018.08.30-03.39.58:573][  0]LogSimplygon: Simplygon DLL not present - disabling.
[2018.08.30-03.39.58:576][  0]LogMeshReduction: Using SimplygonSwarm for distributed automatic mesh merging
[2018.08.30-03.39.58:576][  0]LogMeshReduction: Using QuadricMeshReduction for automatic static mesh reduction
[2018.08.30-03.39.58:576][  0]LogMeshReduction: No automatic skeletal mesh reduction module available
[2018.08.30-03.39.58:576][  0]LogMeshReduction: No automatic mesh merging module available
[2018.08.30-03.39.58:576][  0]LogMeshMerging: No automatic mesh merging module available
[2018.08.30-03.39.58:606][  0]LogNetVersion: SuperSideScroller , NetCL: 3944462, EngineNetVer: 2, GameNetVer: 0 (Checksum: 1481994350)
[2018.08.30-03.39.59:101][  0]LogPackageLocalizationCache: Processed 9 localized package path(s) for 2 prioritized culture(s) in 0.127104 seconds
[2018.08.30-03.39.59:106][  0]LogUObjectArray: 36728 objects as part of root set at end of initial load.
[2018.08.30-03.39.59:106][  0]LogUObjectAllocator: 7314304 out of 0 bytes used by permanent object pool.
[2018.08.30-03.39.59:106][  0]LogUObjectArray: CloseDisregardForGC: 0/0 objects in disregard for GC pool
[2018.08.30-03.40.00:670][  0]LogTcpMessaging: Initializing TcpMessaging bridge
[2018.08.30-03.40.00:699][  0]LogUdpMessaging: Initializing bridge on interface 0.0.0.0:0 to multicast group 230.0.0.1:6666.
[2018.08.30-03.40.01:092][  0]SourceControl: Source control is disabled
[2018.08.30-03.40.01:093][  0]SourceControl: Source control is disabled
[2018.08.30-03.40.01:113][  0]SourceControl: Source control is disabled
[2018.08.30-03.40.01:140][  0]SourceControl: Source control is disabled
[2018.08.30-03.40.01:683][  0]LogAndroidPermission: UAndroidPermissionCallbackProxy::GetInstance
[2018.08.30-03.40.01:858][  0]LogOcInput: OculusInput pre-init called
[2018.08.30-03.40.01:958][  0]LogEngine: Initializing Engine...
[2018.08.30-03.40.01:984][  0]LogHMD: Failed to initialize OpenVR with code 126
[2018.08.30-03.40.01:986][  0]LogStats: UGameplayTagsManager::ConstructGameplayTagTree: Construct from data asset -  0.000 s
[2018.08.30-03.40.01:986][  0]LogStats: UGameplayTagsManager::ConstructGameplayTagTree: GameplayTagTreeChangedEvent.Broadcast -  0.000 s
[2018.08.30-03.40.02:283][  0]LogAIModule: Creating AISystem for world Untitled
[2018.08.30-03.40.02:376][  0]LogInit: XAudio2 using 'Speakers (Wireless Stereo Headset)' : 2 channels at 48 kHz using 16 bits per sample (channel mask 0x3)
[2018.08.30-03.40.02:386][  0]LogInit: FAudioDevice initialized.
[2018.08.30-03.40.02:456][  0]LogDerivedDataCache: Saved boot cache 0.07s 74MB C:/Users/P Tron/AppData/Local/UnrealEngine/4.19/DerivedDataCache/Boot.ddc.
[2018.08.30-03.40.02:473][  0]LogInit: Texture streaming: Enabled
[2018.08.30-03.40.02:489][  0]LogEngineSessionManager: EngineSessionManager initialized
[2018.08.30-03.40.02:507][  0]LogInit: Transaction tracking system initialized
[2018.08.30-03.40.02:521][  0]BlueprintLog: New page: Editor Load
[2018.08.30-03.40.02:574][  0]LocalizationService: Localization service is disabled
[2018.08.30-03.40.02:669][  0]LogConsoleResponse: Display: 
[2018.08.30-03.40.03:053][  0]LogCook: Display: Max memory allowance for cook 16384mb min free memory 0mb
[2018.08.30-03.40.03:053][  0]LogCook: Display: Mobile HDR setting 1
[2018.08.30-03.40.03:053][  0]LogGameplayTags: Display: UGameplayTagsManager::DoneAddingNativeTags. DelegateIsBound: 0
[2018.08.30-03.40.03:054][  0]LogStats: UGameplayTagsManager::ConstructGameplayTagTree: Construct from data asset -  0.000 s
[2018.08.30-03.40.03:054][  0]LogStats: UGameplayTagsManager::ConstructGameplayTagTree: GameplayTagTreeChangedEvent.Broadcast -  0.000 s
[2018.08.30-03.40.03:408][  0]LogFileCache: Scanning file cache for directory 'G:/School/Unreal 4/Unreal 2D Project/Unreal-2D-Project/SuperSideScroller/Content/' took 0.03s
[2018.08.30-03.40.03:408][  0]SourceControl: Source control is disabled
[2018.08.30-03.40.03:408][  0]Cmd: MAP LOAD FILE="../../../../../../School/Unreal 4/Unreal 2D Project/Unreal-2D-Project/SuperSideScroller/Content/SuperSideScroller/Maps/Level_00.umap" TEMPLATE=0 SHOWPROGRESS=1 FEATURELEVEL=3
[2018.08.30-03.40.03:420][  0]LightingResults: New page: Lighting Build
[2018.08.30-03.40.03:421][  0]MapCheck: New page: Map Check
[2018.08.30-03.40.03:422][  0]LightingResults: New page: Lighting Build
[2018.08.30-03.40.03:917][  0]LogUObjectGlobals: Created PersistentFrame Addr=0x000001d08e5c5980, Size=880, Default__BP_Dude_C Function /Game/SuperSideScroller/Blueprint/Game/BP_Dude.BP_Dude_C:ExecuteUbergraph_BP_Dude
[2018.08.30-03.40.04:244][  0]LogUObjectGlobals: Destroyed PersistentFrame Addr=0x000001d08e5c5980, Size=880
[2018.08.30-03.40.04:244][  0]LogUObjectGlobals: Created PersistentFrame Addr=0x000001d0aaa93200, Size=880, Default__BP_Dude_C Function /Engine/Transient.REINST_BP_Dude_C_5:ExecuteUbergraph_BP_Dude
[2018.08.30-03.40.04:255][  0]LogUObjectGlobals: Created PersistentFrame Addr=0x000001d0aaa91600, Size=880, Default__BP_Dude_C Function /Game/SuperSideScroller/Blueprint/Game/BP_Dude.BP_Dude_C:ExecuteUbergraph_BP_Dude
[2018.08.30-03.40.04:403][  0]LogUObjectGlobals: Created PersistentFrame Addr=0x000001d08ed5c800, Size=208, Default__BP_Trap_C Function /Game/SuperSideScroller/Blueprint/Game/BP_Trap.BP_Trap_C:ExecuteUbergraph_BP_Trap
[2018.08.30-03.40.04:405][  0]LogUObjectGlobals: Destroyed PersistentFrame Addr=0x000001d08ed5c800, Size=208
[2018.08.30-03.40.04:405][  0]LogUObjectGlobals: Created PersistentFrame Addr=0x000001d08ed17ac0, Size=208, Default__BP_Trap_C Function /Engine/Transient.REINST_BP_Trap_C_10:ExecuteUbergraph_BP_Trap
[2018.08.30-03.40.04:406][  0]LogUObjectGlobals: Created PersistentFrame Addr=0x000001d08ed16e80, Size=208, Default__BP_Trap_C Function /Game/SuperSideScroller/Blueprint/Game/BP_Trap.BP_Trap_C:ExecuteUbergraph_BP_Trap
[2018.08.30-03.40.04:559][  0]LogTexture: Display: Building textures: T_Shot_01 (BGRA8, 8X8)
[2018.08.30-03.40.04:559][  0]LogTexture: Display: Building textures: T_Shot_00 (BGRA8, 8X8)
[2018.08.30-03.40.04:565][  0]LogMaterial: Missing cached shader map for material M_ShotMaterial, compiling. 
[2018.08.30-03.40.04:581][  0]LogAIModule: Creating AISystem for world Level_00
[2018.08.30-03.40.04:586][  0]LogShaderCompilers: Display: Shaders left to compile 16
[2018.08.30-03.40.04:586][  0]LogShaderCompilers: Display: Shaders left to compile 6
[2018.08.30-03.40.04:586][  0]LogEditorServer: Finished looking for orphan Actors (0.000 secs)
[2018.08.30-03.40.04:597][  0]LogUObjectGlobals: Destroyed PersistentFrame Addr=0x000001d0aaa93200, Size=880
[2018.08.30-03.40.04:597][  0]LogUObjectGlobals: Destroyed PersistentFrame Addr=0x000001d08ed17ac0, Size=208
[2018.08.30-03.40.04:597][  0]Cmd: MAP CHECKDEP NOCLEARLOG
[2018.08.30-03.40.04:647][  0]MapCheck: Map check complete: 0 Error(s), 0 Warning(s), took 49.243ms to complete.
[2018.08.30-03.40.04:647][  0]LogFileHelpers: Loading map 'Level_00' took 1.239
[2018.08.30-03.40.06:251][  0]LogCollectionManager: Loaded 0 collections in 0.001081 seconds
[2018.08.30-03.40.06:301][  0]LogFileCache: Scanning file cache for directory 'G:/School/Unreal 4/Unreal 2D Project/Unreal-2D-Project/SuperSideScroller/Saved/Collections/' took 0.01s
[2018.08.30-03.40.06:301][  0]LogFileCache: Scanning file cache for directory 'G:/School/Unreal 4/Unreal 2D Project/Unreal-2D-Project/SuperSideScroller/Content/Developers/PTron/Collections/' took 0.01s
[2018.08.30-03.40.06:301][  0]LogFileCache: Scanning file cache for directory 'G:/School/Unreal 4/Unreal 2D Project/Unreal-2D-Project/SuperSideScroller/Content/Collections/' took 0.01s
[2018.08.30-03.40.06:301][  0]LogCollectionManager: Rebuilt the GUID cache for 0 collections in 0.000001 seconds
[2018.08.30-03.40.06:310][  0]LogContentBrowser: Native class hierarchy populated in 0.0090 seconds. Added 2452 classes and 558 folders.
[2018.08.30-03.40.06:316][  0]LogContentBrowser: Native class hierarchy updated for 'WidgetCarousel' in 0.0002 seconds. Added 0 classes and 0 folders.
[2018.08.30-03.40.08:508][  0]LogContentBrowser: Native class hierarchy updated for 'AddContentDialog' in 0.0003 seconds. Added 0 classes and 0 folders.
[2018.08.30-03.40.08:819][  0]LogContentBrowser: Native class hierarchy updated for 'SceneOutliner' in 0.0005 seconds. Added 1 classes and 2 folders.
[2018.08.30-03.40.10:851][  0]LogSlate: Took 0.000377 seconds to synchronously load lazily loaded font '../../../Engine/Content/Slate/Fonts/Roboto-Regular.ttf' (155K)
[2018.08.30-03.40.10:877][  0]LogSlate: Took 0.000331 seconds to synchronously load lazily loaded font '../../../Engine/Content/Slate/Fonts/Roboto-Bold.ttf' (160K)
[2018.08.30-03.40.11:047][  0]LogSlate: Took 0.017645 seconds to synchronously load lazily loaded font '../../../Engine/Content/Editor/Slate/Fonts/FontAwesome.ttf' (139K)
[2018.08.30-03.40.11:672][  0]LogRenderer: Reallocating scene render targets to support 1160x584 Format 10 NumSamples 1 (Frame:1).
[2018.08.30-03.40.12:743][  0]LogContentBrowser: Native class hierarchy updated for 'HierarchicalLODOutliner' in 0.0002 seconds. Added 0 classes and 0 folders.
[2018.08.30-03.40.12:744][  0]LogLoad: (Engine Initialization) Total time: 19.35 seconds
[2018.08.30-03.40.12:744][  0]LogLoad: (Engine Initialization) Total Blueprint compile time: 0.00 seconds
[2018.08.30-03.40.13:293][  0]LogContentStreaming: Texture pool size now 1000 MB
[2018.08.30-03.40.13:479][  0]LogSlate: Took 0.039917 seconds to synchronously load lazily loaded font '../../../Engine/Content/Slate/Fonts/Roboto-Light.ttf' (167K)
[2018.08.30-03.40.14:164][  3]LogSlate: Took 0.000341 seconds to synchronously load lazily loaded font '../../../Engine/Content/Slate/Fonts/Roboto-Light.ttf' (167K)
[2018.08.30-03.40.15:829][  8]LogAssetRegistry: Asset discovery search completed in 17.6369 seconds
[2018.08.30-03.40.15:831][  8]LogCollectionManager: Rebuilt the object cache for 0 collections in 0.000001 seconds (found 0 objects)
[2018.08.30-03.40.15:831][  8]LogCollectionManager: Fixed up redirectors for 0 collections in 0.000069 seconds (updated 0 objects)
[2018.08.30-03.40.24:489][ 34]LogSlate: FSceneViewport::OnFocusLost() reason 0
[2018.08.30-03.40.25:671][153]LogUObjectGlobals: Created PersistentFrame Addr=0x000001d0c89d5c00, Size=664, Default__Map_Pawn_C Function /Game/SuperSideScroller/Blueprint/LevelSelect/Map_Pawn.Map_Pawn_C:ExecuteUbergraph_Map_Pawn
[2018.08.30-03.40.25:675][153]LogUObjectGlobals: Destroyed PersistentFrame Addr=0x000001d0c89d5c00, Size=664
[2018.08.30-03.40.25:675][153]LogUObjectGlobals: Created PersistentFrame Addr=0x000001d0c89d5c00, Size=664, Default__Map_Pawn_C Function /Engine/Transient.REINST_Map_Pawn_C_14:ExecuteUbergraph_Map_Pawn
[2018.08.30-03.40.25:678][153]LogUObjectGlobals: Created PersistentFrame Addr=0x000001d0c89d4100, Size=664, Default__Map_Pawn_C Function /Game/SuperSideScroller/Blueprint/LevelSelect/Map_Pawn.Map_Pawn_C:ExecuteUbergraph_Map_Pawn
[2018.08.30-03.40.25:786][153]LogTexture: Display: Building textures: lvl2sign (BGRA8, 100X100)
[2018.08.30-03.40.25:786][153]LogTexture: Display: Building textures: HQ_Lightmap0_2 (AutoDXT, 64X64)
[2018.08.30-03.40.25:786][153]LogTexture: Display: Building textures: LQ_Lightmap_0_2 (DXT1, 64X64)
[2018.08.30-03.40.25:786][153]LogTexture: Display: Building textures: LQ_Lightmap_0_1 (DXT1, 256X256)
[2018.08.30-03.40.25:786][153]LogTexture: Display: Building textures: HQ_Lightmap0_1 (AutoDXT, 256X256)
[2018.08.30-03.40.25:786][153]LogTexture: Display: Building textures: ShadowMapTexture2D_0 (G8, 128X128)
[2018.08.30-03.40.25:786][153]LogTexture: Display: Building textures: ShadowMapTexture2D_1 (G8, 32X32)
[2018.08.30-03.40.25:786][153]LogTexture: Display: Building textures: lvl1sign (BGRA8, 100X100)
[2018.08.30-03.40.25:786][153]LogTexture: Display: Building textures: lvl3sign (BGRA8, 100X100)
[2018.08.30-03.40.25:824][153]LogAIModule: Creating AISystem for world Map
[2018.08.30-03.40.25:879][153]LogUObjectGlobals: Destroyed PersistentFrame Addr=0x000001d0c89d5c00, Size=664
[2018.08.30-03.40.25:898][153]Cmd: MAP LOAD FILE="../../../../../../School/Unreal 4/Unreal 2D Project/Unreal-2D-Project/SuperSideScroller/Content/SuperSideScroller/Maps/Map.umap" TEMPLATE=0 SHOWPROGRESS=1 FEATURELEVEL=3
[2018.08.30-03.40.25:898][153]LightingResults: New page: Lighting Build
[2018.08.30-03.40.25:898][153]LoadErrors: New page: Loading map: Map.umap
[2018.08.30-03.40.25:899][153]MapCheck: New page: Map Check
[2018.08.30-03.40.25:899][153]LightingResults: New page: Lighting Build
[2018.08.30-03.40.26:019][153]LogEditorServer: Finished looking for orphan Actors (0.000 secs)
[2018.08.30-03.40.26:045][153]Cmd: MAP CHECKDEP NOCLEARLOG
[2018.08.30-03.40.26:096][153]MapCheck: Map check complete: 0 Error(s), 0 Warning(s), took 51.685ms to complete.
[2018.08.30-03.40.26:097][153]LogFileHelpers: Loading map 'Map' took 0.218
[2018.08.30-03.40.27:337][270]LogEditorViewport: Clicking Background
[2018.08.30-03.40.48:688][820]LogSlate: FSceneViewport::OnFocusLost() reason 0
[2018.08.30-03.40.48:788][832]LogTemp: Repeating last play command: Selected Viewport
[2018.08.30-03.40.48:843][832]LogPlayLevel: PlayLevel: No blueprints needed recompiling
[2018.08.30-03.40.48:864][832]PIE: New page: PIE session: Map (Aug 29, 2018, 7:40:48 PM)
[2018.08.30-03.40.48:864][832]LogPlayLevel: Creating play world package: /Game/SuperSideScroller/Maps/UEDPIE_0_Map
[2018.08.30-03.40.48:892][832]LogPlayLevel: PIE: StaticDuplicateObject took: (0.028188s)
[2018.08.30-03.40.48:893][832]LogAIModule: Creating AISystem for world Map
[2018.08.30-03.40.48:894][832]LogPlayLevel: PIE: World Init took: (0.001472s)
[2018.08.30-03.40.48:894][832]LogPlayLevel: PIE: Created PIE world by copying editor world from /Game/SuperSideScroller/Maps/Map.Map to /Game/SuperSideScroller/Maps/UEDPIE_0_Map.Map (0.029964s)
[2018.08.30-03.40.48:921][832]LogInit: XAudio2 using 'Speakers (Wireless Stereo Headset)' : 2 channels at 48 kHz using 16 bits per sample (channel mask 0x3)
[2018.08.30-03.40.48:929][832]LogInit: FAudioDevice initialized.
[2018.08.30-03.40.48:982][832]LogLoad: Game class is 'Map_GM_C'
[2018.08.30-03.40.49:002][832]LogWorld: Bringing World /Game/SuperSideScroller/Maps/UEDPIE_0_Map.Map up for play (max tick rate 0) at 2018.08.29-23.40.49
[2018.08.30-03.40.49:026][832]LogWorld: Bringing up level for play took: 0.030036
[2018.08.30-03.40.49:062][832]LogContentBrowser: Native class hierarchy updated for 'MovieSceneCapture' in 0.0006 seconds. Added 11 classes and 0 folders.
[2018.08.30-03.40.49:083][832]PIE: Play in editor start time for /Game/SuperSideScroller/Maps/UEDPIE_0_Map 0.232
[2018.08.30-03.40.53:781][342]LogNet: Browse: /Game/SuperSideScroller/Maps/Level_00
[2018.08.30-03.40.53:782][342]LogLoad: LoadMap: /Game/SuperSideScroller/Maps/Level_00
[2018.08.30-03.40.54:429][342]LogAIModule: Creating AISystem for world Level_00
[2018.08.30-03.40.54:430][342]LogLoad: Game class is '2DSideScrollerGameMode_C'
[2018.08.30-03.40.54:433][342]LogWorld: Bringing World /Game/SuperSideScroller/Maps/UEDPIE_0_Level_00.Level_00 up for play (max tick rate 0) at 2018.08.29-23.40.54
[2018.08.30-03.40.54:441][342]LogWorld: Bringing up level for play took: 0.010763
[2018.08.30-03.40.54:540][342]LogLoad: Took 0.756846 seconds to LoadMap(/Game/SuperSideScroller/Maps/Level_00)
[2018.08.30-03.41.06:852][729]LogSlate: FSceneViewport::OnFocusLost() reason 0
[2018.08.30-03.41.06:946][740]LogTemp: Repeating last play command: Selected Viewport
[2018.08.30-03.41.06:958][740]LogPlayLevel: PlayLevel: No blueprints needed recompiling
[2018.08.30-03.41.06:958][740]PIE: New page: PIE session: Map (Aug 29, 2018, 7:41:06 PM)
[2018.08.30-03.41.06:958][740]LogPlayLevel: Creating play world package: /Game/SuperSideScroller/Maps/UEDPIE_0_Map
[2018.08.30-03.41.06:960][740]LogPlayLevel: PIE: StaticDuplicateObject took: (0.001627s)
[2018.08.30-03.41.06:960][740]LogAIModule: Creating AISystem for world Map
[2018.08.30-03.41.06:960][740]LogPlayLevel: PIE: World Init took: (0.000690s)
[2018.08.30-03.41.06:960][740]LogPlayLevel: PIE: Created PIE world by copying editor world from /Game/SuperSideScroller/Maps/Map.Map to /Game/SuperSideScroller/Maps/UEDPIE_0_Map.Map (0.002425s)
[2018.08.30-03.41.06:983][740]LogInit: XAudio2 using 'Speakers (Wireless Stereo Headset)' : 2 channels at 48 kHz using 16 bits per sample (channel mask 0x3)
[2018.08.30-03.41.06:992][740]LogInit: FAudioDevice initialized.
[2018.08.30-03.41.07:027][740]LogLoad: Game class is 'Map_GM_C'
[2018.08.30-03.41.07:028][740]LogWorld: Bringing World /Game/SuperSideScroller/Maps/UEDPIE_0_Map.Map up for play (max tick rate 0) at 2018.08.29-23.41.07
[2018.08.30-03.41.07:028][740]LogWorld: Bringing up level for play took: 0.000660
[2018.08.30-03.41.07:029][740]PIE: Play in editor start time for /Game/SuperSideScroller/Maps/UEDPIE_0_Map 0.178
[2018.08.30-03.41.11:967][308]LogNet: Browse: /Game/SuperSideScroller/Maps/Level_00
[2018.08.30-03.41.11:967][308]LogLoad: LoadMap: /Game/SuperSideScroller/Maps/Level_00
[2018.08.30-03.41.12:036][308]LogAIModule: Creating AISystem for world Level_00
[2018.08.30-03.41.12:036][308]LogLoad: Game class is '2DSideScrollerGameMode_C'
[2018.08.30-03.41.12:038][308]LogWorld: Bringing World /Game/SuperSideScroller/Maps/UEDPIE_0_Level_00.Level_00 up for play (max tick rate 0) at 2018.08.29-23.41.12
[2018.08.30-03.41.12:038][308]LogWorld: Bringing up level for play took: 0.001430
[2018.08.30-03.41.12:039][308]LogLoad: Took 0.071680 seconds to LoadMap(/Game/SuperSideScroller/Maps/Level_00)
[2018.08.30-03.41.28:433][ 68]LogSlate: FSceneViewport::OnFocusLost() reason 0
[2018.08.30-03.41.28:972][ 77]LogContentBrowser: Native class hierarchy updated for 'BlueprintGraph' in 0.0006 seconds. Added 116 classes and 0 folders.
[2018.08.30-03.41.29:427][ 77]LogUObjectGlobals: Created PersistentFrame Addr=0x000001d0ddec9078, Size=4, Default__SKEL_PROTO_BP_AnimBlueprint_0_C Function /Engine/Transient.SKEL_PROTO_BP_AnimBlueprint_0_C:ExecuteUbergraph_PROTO_BP_AnimBlueprint_0
[2018.08.30-03.41.29:432][ 77]LogUObjectGlobals: Created PersistentFrame Addr=0x000001d0ddec9070, Size=4, Default__PROTO_BP_AnimBlueprint_0_C Function /Engine/Transient.PROTO_BP_AnimBlueprint_0_C:ExecuteUbergraph_PROTO_BP_AnimBlueprint_0
[2018.08.30-03.41.30:187][ 77]LogSlate: Took 0.011068 seconds to synchronously load lazily loaded font '../../../Engine/Content/Slate/Fonts/Roboto-BoldCondensed.ttf' (158K)
[2018.08.30-03.41.30:446][ 78]LogSlate: Took 0.000882 seconds to synchronously load lazily loaded font '../../../Engine/Content/Slate/Fonts/Roboto-Italic.ttf' (157K)
[2018.08.30-04.03.09:005][738]LogSlate: FSceneViewport::OnFocusLost() reason 0
[2018.08.30-04.03.09:092][747]LogTemp: Repeating last play command: Selected Viewport
[2018.08.30-04.03.09:117][747]LogPlayLevel: PlayLevel: No blueprints needed recompiling
[2018.08.30-04.03.09:128][747]PIE: New page: PIE session: Map (Aug 29, 2018, 8:03:09 PM)
[2018.08.30-04.03.09:128][747]LogPlayLevel: Creating play world package: /Game/SuperSideScroller/Maps/UEDPIE_0_Map
[2018.08.30-04.03.09:141][747]LogPlayLevel: PIE: StaticDuplicateObject took: (0.013282s)
[2018.08.30-04.03.09:142][747]LogAIModule: Creating AISystem for world Map
[2018.08.30-04.03.09:142][747]LogPlayLevel: PIE: World Init took: (0.000797s)
[2018.08.30-04.03.09:142][747]LogPlayLevel: PIE: Created PIE world by copying editor world from /Game/SuperSideScroller/Maps/Map.Map to /Game/SuperSideScroller/Maps/UEDPIE_0_Map.Map (0.014218s)
[2018.08.30-04.03.09:223][747]LogInit: XAudio2 using 'Speakers (Wireless Stereo Headset)' : 2 channels at 48 kHz using 16 bits per sample (channel mask 0x3)
[2018.08.30-04.03.09:235][747]LogInit: FAudioDevice initialized.
[2018.08.30-04.03.09:279][747]LogLoad: Game class is 'Map_GM_C'
[2018.08.30-04.03.09:280][747]LogWorld: Bringing World /Game/SuperSideScroller/Maps/UEDPIE_0_Map.Map up for play (max tick rate 0) at 2018.08.30-00.03.09
[2018.08.30-04.03.09:280][747]LogWorld: Bringing up level for play took: 0.000683
[2018.08.30-04.03.09:281][747]PIE: Play in editor start time for /Game/SuperSideScroller/Maps/UEDPIE_0_Map 0.43
[2018.08.30-04.03.30:988][238]LogSlate: FSceneViewport::OnFocusLost() reason 0
[2018.08.30-04.03.31:055][245]LogTemp: Repeating last play command: Selected Viewport
[2018.08.30-04.03.31:070][245]LogPlayLevel: PlayLevel: No blueprints needed recompiling
[2018.08.30-04.03.31:071][245]PIE: New page: PIE session: Map (Aug 29, 2018, 8:03:31 PM)
[2018.08.30-04.03.31:071][245]LogPlayLevel: Creating play world package: /Game/SuperSideScroller/Maps/UEDPIE_0_Map
[2018.08.30-04.03.31:075][245]LogPlayLevel: PIE: StaticDuplicateObject took: (0.003875s)
[2018.08.30-04.03.31:076][245]LogAIModule: Creating AISystem for world Map
[2018.08.30-04.03.31:076][245]LogPlayLevel: PIE: World Init took: (0.001517s)
[2018.08.30-04.03.31:076][245]LogPlayLevel: PIE: Created PIE world by copying editor world from /Game/SuperSideScroller/Maps/Map.Map to /Game/SuperSideScroller/Maps/UEDPIE_0_Map.Map (0.005737s)
[2018.08.30-04.03.31:119][245]LogInit: XAudio2 using 'Speakers (Wireless Stereo Headset)' : 2 channels at 48 kHz using 16 bits per sample (channel mask 0x3)
[2018.08.30-04.03.31:127][245]LogInit: FAudioDevice initialized.
[2018.08.30-04.03.31:165][245]LogLoad: Game class is 'Map_GM_C'
[2018.08.30-04.03.31:167][245]LogWorld: Bringing World /Game/SuperSideScroller/Maps/UEDPIE_0_Map.Map up for play (max tick rate 0) at 2018.08.30-00.03.31
[2018.08.30-04.03.31:167][245]LogWorld: Bringing up level for play took: 0.001014
[2018.08.30-04.03.31:168][245]PIE: Play in editor start time for /Game/SuperSideScroller/Maps/UEDPIE_0_Map 0.316
[2018.08.30-04.03.35:002][686]LogNet: Browse: /Game/SuperSideScroller/Maps/Level_00
[2018.08.30-04.03.35:002][686]LogLoad: LoadMap: /Game/SuperSideScroller/Maps/Level_00
[2018.08.30-04.03.35:756][686]LogAIModule: Creating AISystem for world Level_00
[2018.08.30-04.03.35:757][686]LogLoad: Game class is '2DSideScrollerGameMode_C'
[2018.08.30-04.03.35:759][686]LogWorld: Bringing World /Game/SuperSideScroller/Maps/UEDPIE_0_Level_00.Level_00 up for play (max tick rate 0) at 2018.08.30-00.03.35
[2018.08.30-04.03.35:759][686]LogWorld: Bringing up level for play took: 0.001874
[2018.08.30-04.03.35:761][686]LogLoad: Took 0.759139 seconds to LoadMap(/Game/SuperSideScroller/Maps/Level_00)
[2018.08.30-04.06.42:502][516]LogSlate: FSceneViewport::OnFocusLost() reason 0
[2018.08.30-04.14.36:675][454]LogRenderer: Reallocating scene render targets to support 1240x900 Format 10 NumSamples 1 (Frame:1).
[2018.08.30-04.49.16:719][533]LogInit: XAudio2 using 'Speakers (Wireless Stereo Headset)' : 2 channels at 48 kHz using 16 bits per sample (channel mask 0x3)
[2018.08.30-04.51.10:374][874]LogInit: XAudio2 using 'BenQ GW2265 (NVIDIA High Definition Audio)' : 2 channels at 48 kHz using 16 bits per sample (channel mask 0x3)
