Log file open, 08/17/18 13:52:24
LogWindows: Failed to load 'aqProf.dll' (GetLastError=126)
LogWindows: File 'aqProf.dll' does not exist
LogWindows: Failed to load 'VtuneApi.dll' (GetLastError=126)
LogWindows: File 'VtuneApi.dll' does not exist
LogWindows: Failed to load 'VtuneApi32e.dll' (GetLastError=126)
LogWindows: File 'VtuneApi32e.dll' does not exist
LogInit: Display: Running engine for game: SuperSideScroller
LogPlatformFile: Not using cached read wrapper
LogInit: Display: RandInit(-69882090) SRandInit(-69882090).
LogInit: Read version file with build ID '3944462'
LogInit: Overriding engine version to CL 4033788, compatible CL 3944462
LogInit: Registered custom module enumerator with build ID '3944462'
LogTaskGraph: Started task graph with 5 named threads and 14 total threads with 3 sets of task threads.
LogStats: Stats thread started at 0.188859
LogD3D11RHI: Aftermath initialized
LogICUInternationalization: Display: ICU TimeZone Detection - Raw Offset: -5:00, Platform Override: ''
LogModuleManager: Display: Found up-to-date module file ../../../Engine/Plugins/2D/Paper2D/Binaries/Win64/UE4Editor-Paper2D.dll (API version 3944462).
LogModuleManager: Display: Found up-to-date module file ../../../Engine/Plugins/2D/Paper2D/Binaries/Win64/UE4Editor-Paper2DEditor.dll (API version 3944462).
LogModuleManager: Display: Found up-to-date module file ../../../Engine/Plugins/2D/Paper2D/Binaries/Win64/UE4Editor-PaperSpriteSheetImporter.dll (API version 3944462).
LogModuleManager: Display: Found up-to-date module file ../../../Engine/Plugins/2D/Paper2D/Binaries/Win64/UE4Editor-PaperTiledImporter.dll (API version 3944462).
LogModuleManager: Display: Found up-to-date module file ../../../Engine/Plugins/2D/Paper2D/Binaries/Win64/UE4Editor-SmartSnapping.dll (API version 3944462).
LogModuleManager: Display: Found up-to-date module file ../../../Engine/Plugins/Blendables/LightPropagationVolume/Binaries/Win64/UE4Editor-LightPropagationVolumeRuntime.dll (API version 3944462).
LogModuleManager: Display: Found up-to-date module file ../../../Engine/Plugins/Blendables/LightPropagationVolume/Binaries/Win64/UE4Editor-LightPropagationVolumeEditor.dll (API version 3944462).
LogModuleManager: Display: Found up-to-date module file ../../../Engine/Plugins/Developer/CLionSourceCodeAccess/Binaries/Win64/UE4Editor-CLionSourceCodeAccess.dll (API version 3944462).
LogModuleManager: Display: Found up-to-date module file ../../../Engine/Plugins/Developer/GitSourceControl/Binaries/Win64/UE4Editor-GitSourceControl.dll (API version 3944462).
LogModuleManager: Display: Found up-to-date module file ../../../Engine/Plugins/Developer/PerforceSourceControl/Binaries/Win64/UE4Editor-PerforceSourceControl.dll (API version 3944462).
LogModuleManager: Display: Found up-to-date module file ../../../Engine/Plugins/Developer/SubversionSourceControl/Binaries/Win64/UE4Editor-SubversionSourceControl.dll (API version 3944462).
LogModuleManager: Display: Found up-to-date module file ../../../Engine/Plugins/Developer/UObjectPlugin/Binaries/Win64/UE4Editor-UObjectPlugin.dll (API version 3944462).
LogModuleManager: Display: Found up-to-date module file ../../../Engine/Plugins/Developer/VisualStudioCodeSourceCodeAccess/Binaries/Win64/UE4Editor-VisualStudioCodeSourceCodeAccess.dll (API version 3944462).
LogModuleManager: Display: Found up-to-date module file ../../../Engine/Plugins/Developer/VisualStudioSourceCodeAccess/Binaries/Win64/UE4Editor-VisualStudioSourceCodeAccess.dll (API version 3944462).
LogModuleManager: Display: Found up-to-date module file ../../../Engine/Plugins/Editor/AssetManagerEditor/Binaries/Win64/UE4Editor-AssetManagerEditor.dll (API version 3944462).
LogModuleManager: Display: Found up-to-date module file ../../../Engine/Plugins/Editor/CryptoKeys/Binaries/Win64/UE4Editor-CryptoKeys.dll (API version 3944462).
LogModuleManager: Display: Found up-to-date module file ../../../Engine/Plugins/Editor/CryptoKeys/Binaries/Win64/UE4Editor-CryptoKeysOpenSSL.dll (API version 3944462).
LogModuleManager: Display: Found up-to-date module file ../../../Engine/Plugins/Editor/DataValidation/Binaries/Win64/UE4Editor-DataValidation.dll (API version 3944462).
LogModuleManager: Display: Found up-to-date module file ../../../Engine/Plugins/Editor/FacialAnimation/Binaries/Win64/UE4Editor-FacialAnimation.dll (API version 3944462).
LogModuleManager: Display: Found up-to-date module file ../../../Engine/Plugins/Editor/FacialAnimation/Binaries/Win64/UE4Editor-FacialAnimationEditor.dll (API version 3944462).
LogModuleManager: Display: Found up-to-date module file ../../../Engine/Plugins/Editor/GameplayTagsEditor/Binaries/Win64/UE4Editor-GameplayTagsEditor.dll (API version 3944462).
LogModuleManager: Display: Found up-to-date module file ../../../Engine/Plugins/Editor/MobileLauncherProfileWizard/Binaries/Win64/UE4Editor-MobileLauncherProfileWizard.dll (API version 3944462).
LogModuleManager: Display: Found up-to-date module file ../../../Engine/Plugins/Editor/PluginBrowser/Binaries/Win64/UE4Editor-PluginBrowser.dll (API version 3944462).
LogModuleManager: Display: Found up-to-date module file ../../../Engine/Plugins/Editor/SpeedTreeImporter/Binaries/Win64/UE4Editor-SpeedTreeImporter.dll (API version 3944462).
LogModuleManager: Display: Found up-to-date module file ../../../Engine/Plugins/Enterprise/DatasmithContent/Binaries/Win64/UE4Editor-DatasmithContent.dll (API version 3944462).
LogModuleManager: Display: Found up-to-date module file ../../../Engine/Plugins/Experimental/AlembicImporter/Binaries/Win64/UE4Editor-AlembicImporter.dll (API version 3944462).
LogModuleManager: Display: Found up-to-date module file ../../../Engine/Plugins/Experimental/AlembicImporter/Binaries/Win64/UE4Editor-AlembicLibrary.dll (API version 3944462).
LogModuleManager: Display: Found up-to-date module file ../../../Engine/Plugins/Experimental/CharacterAI/Binaries/Win64/UE4Editor-CharacterAI.dll (API version 3944462).
LogModuleManager: Display: Found up-to-date module file ../../../Engine/Plugins/Experimental/HTML5Networking/Binaries/Win64/UE4Editor-HTML5Networking.dll (API version 3944462).
LogModuleManager: Display: Found up-to-date module file ../../../Engine/Plugins/Media/AndroidMedia/Binaries/Win64/UE4Editor-AndroidMediaEditor.dll (API version 3944462).
LogModuleManager: Display: Found up-to-date module file ../../../Engine/Plugins/Media/AndroidMedia/Binaries/Win64/UE4Editor-AndroidMediaFactory.dll (API version 3944462).
LogModuleManager: Display: Found up-to-date module file ../../../Engine/Plugins/Media/AvfMedia/Binaries/Win64/UE4Editor-AvfMediaEditor.dll (API version 3944462).
LogModuleManager: Display: Found up-to-date module file ../../../Engine/Plugins/Media/AvfMedia/Binaries/Win64/UE4Editor-AvfMediaFactory.dll (API version 3944462).
LogModuleManager: Display: Found up-to-date module file ../../../Engine/Plugins/Media/AvfMedia/Binaries/Win64/UE4Editor-AvfMediaFactory.dll (API version 3944462).
LogModuleManager: Display: Found up-to-date module file ../../../Engine/Plugins/Media/ImgMedia/Binaries/Win64/UE4Editor-ImgMedia.dll (API version 3944462).
LogModuleManager: Display: Found up-to-date module file ../../../Engine/Plugins/Media/ImgMedia/Binaries/Win64/UE4Editor-ImgMediaEditor.dll (API version 3944462).
LogModuleManager: Display: Found up-to-date module file ../../../Engine/Plugins/Media/ImgMedia/Binaries/Win64/UE4Editor-ImgMediaFactory.dll (API version 3944462).
LogModuleManager: Display: Found up-to-date module file ../../../Engine/Plugins/Media/ImgMedia/Binaries/Win64/UE4Editor-ImgMediaFactory.dll (API version 3944462).
LogModuleManager: Display: Found up-to-date module file ../../../Engine/Plugins/Media/ImgMedia/Binaries/Win64/UE4Editor-OpenExrWrapper.dll (API version 3944462).
LogModuleManager: Display: Found up-to-date module file ../../../Engine/Plugins/Media/LinearTimecode/Binaries/Win64/UE4Editor-LinearTimecode.dll (API version 3944462).
LogModuleManager: Display: Found up-to-date module file ../../../Engine/Plugins/Media/MediaCompositing/Binaries/Win64/UE4Editor-MediaCompositing.dll (API version 3944462).
LogModuleManager: Display: Found up-to-date module file ../../../Engine/Plugins/Media/MediaCompositing/Binaries/Win64/UE4Editor-MediaCompositingEditor.dll (API version 3944462).
LogModuleManager: Display: Found up-to-date module file ../../../Engine/Plugins/Media/MediaPlayerEditor/Binaries/Win64/UE4Editor-MediaPlayerEditor.dll (API version 3944462).
LogModuleManager: Display: Found up-to-date module file ../../../Engine/Plugins/Media/WmfMedia/Binaries/Win64/UE4Editor-WmfMedia.dll (API version 3944462).
LogModuleManager: Display: Found up-to-date module file ../../../Engine/Plugins/Media/WmfMedia/Binaries/Win64/UE4Editor-WmfMediaEditor.dll (API version 3944462).
LogModuleManager: Display: Found up-to-date module file ../../../Engine/Plugins/Media/WmfMedia/Binaries/Win64/UE4Editor-WmfMediaFactory.dll (API version 3944462).
LogModuleManager: Display: Found up-to-date module file ../../../Engine/Plugins/Media/WmfMedia/Binaries/Win64/UE4Editor-WmfMediaFactory.dll (API version 3944462).
LogModuleManager: Display: Found up-to-date module file ../../../Engine/Plugins/Messaging/TcpMessaging/Binaries/Win64/UE4Editor-TcpMessaging.dll (API version 3944462).
LogModuleManager: Display: Found up-to-date module file ../../../Engine/Plugins/Messaging/UdpMessaging/Binaries/Win64/UE4Editor-UdpMessaging.dll (API version 3944462).
LogModuleManager: Display: Found up-to-date module file ../../../Engine/Plugins/MovieScene/ActorSequence/Binaries/Win64/UE4Editor-ActorSequence.dll (API version 3944462).
LogModuleManager: Display: Found up-to-date module file ../../../Engine/Plugins/MovieScene/LevelSequenceEditor/Binaries/Win64/UE4Editor-LevelSequenceEditor.dll (API version 3944462).
LogModuleManager: Display: Found up-to-date module file ../../../Engine/Plugins/MovieScene/MatineeToLevelSequence/Binaries/Win64/UE4Editor-MatineeToLevelSequence.dll (API version 3944462).
LogModuleManager: Display: Found up-to-date module file ../../../Engine/Plugins/NetcodeUnitTest/NetcodeUnitTest/Binaries/Win64/UE4Editor-NetcodeUnitTest.dll (API version 3944462).
LogModuleManager: Display: Found up-to-date module file ../../../Engine/Plugins/NetcodeUnitTest/NUTUnrealEngine4/Binaries/Win64/UE4Editor-NUTUnrealEngine4.dll (API version 3944462).
LogModuleManager: Display: Found up-to-date module file ../../../Engine/Plugins/Online/OnlineSubsystem/Binaries/Win64/UE4Editor-OnlineSubsystem.dll (API version 3944462).
LogModuleManager: Display: Found up-to-date module file ../../../Engine/Plugins/Runtime/AndroidPermission/Binaries/Win64/UE4Editor-AndroidPermission.dll (API version 3944462).
LogModuleManager: Display: Found up-to-date module file ../../../Engine/Plugins/Online/OnlineSubsystemNull/Binaries/Win64/UE4Editor-OnlineSubsystemNull.dll (API version 3944462).
LogModuleManager: Display: Found up-to-date module file ../../../Engine/Plugins/Online/OnlineSubsystemUtils/Binaries/Win64/UE4Editor-OnlineSubsystemUtils.dll (API version 3944462).
LogModuleManager: Display: Found up-to-date module file ../../../Engine/Plugins/Online/OnlineSubsystemUtils/Binaries/Win64/UE4Editor-OnlineBlueprintSupport.dll (API version 3944462).
LogModuleManager: Display: Found up-to-date module file ../../../Engine/Plugins/Runtime/AndroidDeviceProfileSelector/Binaries/Win64/UE4Editor-AndroidDeviceProfileSelector.dll (API version 3944462).
LogModuleManager: Display: Found up-to-date module file ../../../Engine/Plugins/Runtime/AppleARKit/Binaries/Win64/UE4Editor-AppleARKit.dll (API version 3944462).
LogModuleManager: Display: Found up-to-date module file ../../../Engine/Plugins/Runtime/ProceduralMeshComponent/Binaries/Win64/UE4Editor-ProceduralMeshComponent.dll (API version 3944462).
LogModuleManager: Display: Found up-to-date module file ../../../Engine/Plugins/Runtime/ProceduralMeshComponent/Binaries/Win64/UE4Editor-ProceduralMeshComponentEditor.dll (API version 3944462).
LogModuleManager: Display: Found up-to-date module file ../../../Engine/Plugins/Animation/LiveLink/Binaries/Win64/UE4Editor-LiveLink.dll (API version 3944462).
LogModuleManager: Display: Found up-to-date module file ../../../Engine/Plugins/Animation/LiveLink/Binaries/Win64/UE4Editor-LiveLinkEditor.dll (API version 3944462).
LogModuleManager: Display: Found up-to-date module file ../../../Engine/Plugins/Runtime/ArchVisCharacter/Binaries/Win64/UE4Editor-ArchVisCharacter.dll (API version 3944462).
LogModuleManager: Display: Found up-to-date module file ../../../Engine/Plugins/Runtime/AudioCapture/Binaries/Win64/UE4Editor-AudioCapture.dll (API version 3944462).
LogModuleManager: Display: Found up-to-date module file ../../../Engine/Plugins/Runtime/AudioCapture/Binaries/Win64/UE4Editor-AudioCaptureEditor.dll (API version 3944462).
LogModuleManager: Display: Found up-to-date module file ../../../Engine/Plugins/Runtime/CableComponent/Binaries/Win64/UE4Editor-CableComponent.dll (API version 3944462).
LogModuleManager: Display: Found up-to-date module file ../../../Engine/Plugins/Runtime/CustomMeshComponent/Binaries/Win64/UE4Editor-CustomMeshComponent.dll (API version 3944462).
LogModuleManager: Display: Found up-to-date module file ../../../Engine/Plugins/Runtime/ExampleDeviceProfileSelector/Binaries/Win64/UE4Editor-ExampleDeviceProfileSelector.dll (API version 3944462).
LogModuleManager: Display: Found up-to-date module file ../../../Engine/Plugins/Runtime/ImmediatePhysics/Binaries/Win64/UE4Editor-ImmediatePhysics.dll (API version 3944462).
LogModuleManager: Display: Found up-to-date module file ../../../Engine/Plugins/Runtime/ImmediatePhysics/Binaries/Win64/UE4Editor-ImmediatePhysicsEditor.dll (API version 3944462).
LogModuleManager: Display: Found up-to-date module file ../../../Engine/Plugins/Runtime/LocationServicesBPLibrary/Binaries/Win64/UE4Editor-LocationServicesBPLibrary.dll (API version 3944462).
LogModuleManager: Display: Found up-to-date module file ../../../Engine/Plugins/Runtime/MobilePatchingUtils/Binaries/Win64/UE4Editor-MobilePatchingUtils.dll (API version 3944462).
LogModuleManager: Display: Found up-to-date module file ../../../Engine/Plugins/Runtime/Oculus/OculusVR/Binaries/Win64/UE4Editor-OculusHMD.dll (API version 3944462).
LogModuleManager: Display: Found up-to-date module file ../../../Engine/Plugins/Runtime/Oculus/OculusVR/Binaries/Win64/UE4Editor-OculusInput.dll (API version 3944462).
LogModuleManager: Display: Found up-to-date module file ../../../Engine/Plugins/Runtime/Oculus/OculusVR/Binaries/Win64/UE4Editor-OculusEditor.dll (API version 3944462).
LogModuleManager: Display: Found up-to-date module file ../../../Engine/Plugins/Runtime/PhysXVehicles/Binaries/Win64/UE4Editor-PhysXVehicles.dll (API version 3944462).
LogModuleManager: Display: Found up-to-date module file ../../../Engine/Plugins/Runtime/PhysXVehicles/Binaries/Win64/UE4Editor-PhysXVehiclesEditor.dll (API version 3944462).
LogModuleManager: Display: Found up-to-date module file ../../../Engine/Plugins/Runtime/RuntimePhysXCooking/Binaries/Win64/UE4Editor-RuntimePhysXCooking.dll (API version 3944462).
LogModuleManager: Display: Found up-to-date module file ../../../Engine/Plugins/Runtime/Steam/SteamVR/Binaries/Win64/UE4Editor-SteamVR.dll (API version 3944462).
LogModuleManager: Display: Found up-to-date module file ../../../Engine/Plugins/Runtime/Steam/SteamVR/Binaries/Win64/UE4Editor-SteamVRController.dll (API version 3944462).
LogModuleManager: Display: Found up-to-date module file ../../../Engine/Plugins/Runtime/WindowsMoviePlayer/Binaries/Win64/UE4Editor-WindowsMoviePlayer.dll (API version 3944462).
LogPluginManager: Mounting plugin Paper2D
LogPluginManager: Mounting plugin LiveLink
LogPluginManager: Mounting plugin LightPropagationVolume
LogPluginManager: Mounting plugin CLionSourceCodeAccess
LogPluginManager: Mounting plugin CodeLiteSourceCodeAccess
LogPluginManager: Mounting plugin GitSourceControl
LogPluginManager: Mounting plugin KDevelopSourceCodeAccess
LogPluginManager: Mounting plugin NullSourceCodeAccess
LogPluginManager: Mounting plugin PerforceSourceControl
LogPluginManager: Mounting plugin SubversionSourceControl
LogPluginManager: Mounting plugin UObjectPlugin
LogPluginManager: Mounting plugin VisualStudioCodeSourceCodeAccess
LogPluginManager: Mounting plugin VisualStudioSourceCodeAccess
LogPluginManager: Mounting plugin XCodeSourceCodeAccess
LogPluginManager: Mounting plugin AssetManagerEditor
LogPluginManager: Mounting plugin CryptoKeys
LogPluginManager: Mounting plugin DataValidation
LogPluginManager: Mounting plugin FacialAnimation
LogPluginManager: Mounting plugin GameplayTagsEditor
LogPluginManager: Mounting plugin MobileLauncherProfileWizard
LogPluginManager: Mounting plugin PluginBrowser
LogPluginManager: Mounting plugin SpeedTreeImporter
LogPluginManager: Mounting plugin DatasmithContent
LogPluginManager: Mounting plugin AlembicImporter
LogPluginManager: Mounting plugin CharacterAI
LogPluginManager: Mounting plugin HTML5Networking
LogPluginManager: Mounting plugin AndroidMedia
LogPluginManager: Mounting plugin AvfMedia
LogPluginManager: Mounting plugin ImgMedia
LogPluginManager: Mounting plugin LinearTimecode
LogPluginManager: Mounting plugin MediaCompositing
LogPluginManager: Mounting plugin MediaPlayerEditor
LogPluginManager: Mounting plugin WmfMedia
LogPluginManager: Mounting plugin TcpMessaging
LogPluginManager: Mounting plugin UdpMessaging
LogPluginManager: Mounting plugin ActorSequence
LogPluginManager: Mounting plugin LevelSequenceEditor
LogPluginManager: Mounting plugin MatineeToLevelSequence
LogPluginManager: Mounting plugin NetcodeUnitTest
LogPluginManager: Mounting plugin NUTUnrealEngine4
LogPluginManager: Mounting plugin OnlineSubsystemGooglePlay
LogPluginManager: Mounting plugin OnlineSubsystemIOS
LogPluginManager: Mounting plugin OnlineSubsystem
LogPluginManager: Mounting plugin OnlineSubsystemNull
LogPluginManager: Mounting plugin OnlineSubsystemUtils
LogPluginManager: Mounting plugin AndroidDeviceProfileSelector
LogPluginManager: Mounting plugin AndroidMoviePlayer
LogPluginManager: Mounting plugin AndroidPermission
LogPluginManager: Mounting plugin AppleARKit
LogPluginManager: Mounting plugin AppleMoviePlayer
LogPluginManager: Mounting plugin ArchVisCharacter
LogPluginManager: Mounting plugin AudioCapture
LogPluginManager: Mounting plugin CableComponent
LogPluginManager: Mounting plugin CustomMeshComponent
LogPluginManager: Mounting plugin ExampleDeviceProfileSelector
LogPluginManager: Mounting plugin GoogleCloudMessaging
LogPluginManager: Mounting plugin ImmediatePhysics
LogPluginManager: Mounting plugin IOSDeviceProfileSelector
LogPluginManager: Mounting plugin LinuxDeviceProfileSelector
LogPluginManager: Mounting plugin LocationServicesBPLibrary
LogPluginManager: Mounting plugin MobilePatchingUtils
LogPluginManager: Mounting plugin OculusVR
LogPluginManager: Plugin shader directory ../../../Engine/Plugins/Runtime/Oculus/OculusVR/Shaders found
LogPluginManager: Mapping shader source directory ../../../Engine/Plugins/Runtime/Oculus/OculusVR/Shaders to virtual directory /Plugin/OculusVR
LogPluginManager: Mounting plugin PhysXVehicles
LogPluginManager: Mounting plugin ProceduralMeshComponent
LogPluginManager: Mounting plugin RuntimePhysXCooking
LogPluginManager: Mounting plugin SteamVR
LogPluginManager: Mounting plugin WindowsMoviePlayer
LogStreaming: Display: Took  1.333s to configure plugins.
LogInit: Using libcurl 7.47.1
LogInit:  - built for x86_64-pc-win32
LogInit:  - supports SSL with OpenSSL/1.0.2g
LogInit:  - supports HTTP deflate (compression) using libz 1.2.8
LogInit:  - other features:
LogInit:      CURL_VERSION_SSL
LogInit:      CURL_VERSION_LIBZ
LogInit:      CURL_VERSION_IPV6
LogInit:      CURL_VERSION_ASYNCHDNS
LogInit:      CURL_VERSION_LARGEFILE
LogInit:      CURL_VERSION_IDN
LogInit:  CurlRequestOptions (configurable via config and command line):
LogInit:  - bVerifyPeer = false  - Libcurl will NOT verify peer certificate
LogInit:  - bUseHttpProxy = false  - Libcurl will NOT use HTTP proxy
LogInit:  - bDontReuseConnections = false  - Libcurl will reuse connections
LogInit:  - CertBundlePath = nullptr  - Libcurl will use whatever was configured at build time.
LogInit:  - MaxHostConnections = 16  - Libcurl will limit the number of connections to a host
LogInit:  - LocalHostAddr = Default
LogInit: WinSock: version 1.1 (2.2), MaxSocks=32767, MaxUdp=65467
LogInit: WinSock: I am DESKTOP-OLGM7SP (10.0.7.82:0)
LogInit: Build: ++UE4+Release-4.19-CL-4033788
LogInit: Engine Version: 4.19.2-4033788+++UE4+Release-4.19
LogInit: Compatible Engine Version: 4.19.0-3944462+++UE4+Release-4.19
LogInit: Net CL: 3944462
LogDevObjectVersion: Number of dev versions registered: 18
LogDevObjectVersion:   Dev-Blueprints (B0D832E4-1F89-4F0D-ACCF-7EB736FD4AA2): 10
LogDevObjectVersion:   Dev-Build (E1C64328-A22C-4D53-A36C-8E866417BD8C): 0
LogDevObjectVersion:   Dev-Core (375EC13C-06E4-48FB-B500-84F0262A717E): 2
LogDevObjectVersion:   Dev-Editor (E4B068ED-F494-42E9-A231-DA0B2E46BB41): 23
LogDevObjectVersion:   Dev-Framework (CFFC743F-43B0-4480-9391-14DF171D2073): 33
LogDevObjectVersion:   Dev-Mobile (B02B49B5-BB20-44E9-A304-32B752E40360): 2
LogDevObjectVersion:   Dev-Networking (A4E4105C-59A1-49B5-A7C5-40C4547EDFEE): 0
LogDevObjectVersion:   Dev-Online (39C831C9-5AE6-47DC-9A44-9C173E1C8E7C): 0
LogDevObjectVersion:   Dev-Physics (78F01B33-EBEA-4F98-B9B4-84EACCB95AA2): 0
LogDevObjectVersion:   Dev-Platform (6631380F-2D4D-43E0-8009-CF276956A95A): 0
LogDevObjectVersion:   Dev-Rendering (12F88B9F-8875-4AFC-A67C-D90C383ABD29): 25
LogDevObjectVersion:   Dev-Sequencer (7B5AE74C-D270-4C10-A958-57980B212A5A): 6
LogDevObjectVersion:   Dev-VR (D7296918-1DD6-4BDD-9DE2-64A83CC13884): 1
LogDevObjectVersion:   Dev-LoadTimes (C2A15278-BFE7-4AFE-6C17-90FF531DF755): 1
LogDevObjectVersion:   Private-Geometry (6EACA3D4-40EC-4CC1-B786-8BED09428FC5): 2
LogDevObjectVersion:   Dev-AnimPhys (29E575DD-E0A3-4627-9D10-D276232CDCEA): 16
LogDevObjectVersion:   Dev-ReflectionCapture (6B266CEC-1EC7-4B8F-A30B-E4D90942FC07): 1
LogDevObjectVersion:   Dev-Automation (0DF73D61-A23F-47EA-B727-89E90C41499A): 1
LogInit: Compiled (64-bit): Apr 27 2018 02:06:57
LogInit: Compiled with Visual C++: 19.00.24215.01
LogInit: Build Configuration: Development
LogInit: Branch Name: ++UE4+Release-4.19
LogInit: Command Line: -EpicPortal 
LogInit: Base Directory: C:/Program Files/Epic Games/UE_4.19/Engine/Binaries/Win64/
LogInit: Installed Engine Build: 1
LogStreaming: Display: Took  0.015s to delete old logs.
LogInit: Presizing for max 8388607 objects, including 0 objects not considered by GC, pre-allocating 0 bytes for permanent pool.
LogInit: Object subsystem initialized
[2018.08.17-17.52.26:226][  0]LogInit: Selected Device Profile: [Windows]
[2018.08.17-17.52.26:226][  0]LogInit: Applying CVar settings loaded from the selected device profile: [Windows]
[2018.08.17-17.52.26:282][  0]LogInit: Computer: DESKTOP-OLGM7SP
[2018.08.17-17.52.26:282][  0]LogInit: User: PTron
[2018.08.17-17.52.26:282][  0]LogInit: CPU Page size=4096, Cores=4
[2018.08.17-17.52.26:282][  0]LogInit: High frequency timer resolution =2.156249 MHz
[2018.08.17-17.52.26:282][  0]LogMemory: Memory total: Physical=7.9GB (8GB approx)
[2018.08.17-17.52.26:282][  0]LogMemory: Platform Memory Stats for Windows
[2018.08.17-17.52.26:283][  0]LogMemory: Process Physical Memory: 273.73 MB used, 273.73 MB peak
[2018.08.17-17.52.26:283][  0]LogMemory: Process Virtual Memory: 263.96 MB used, 263.96 MB peak
[2018.08.17-17.52.26:283][  0]LogMemory: Physical Memory: 3648.10 MB used,  4492.11 MB free, 8140.21 MB total
[2018.08.17-17.52.26:283][  0]LogMemory: Virtual Memory: 4779.28 MB used,  4492.11 MB free, 134217728.00 MB total
[2018.08.17-17.52.26:313][  0]LogInit: Using OS detected language (en-US).
[2018.08.17-17.52.26:313][  0]LogInit: Using OS detected locale (en-CA).
[2018.08.17-17.52.26:317][  0]LogTextLocalizationManager: No specific localization for 'en-US' exists, so the 'en' localization will be used.
[2018.08.17-17.52.26:840][  0]LogStreaming: Display: Took  0.528s to EndInitTextLocalization.
[2018.08.17-17.52.26:841][  0]LogInit: Setting process to per monitor DPI aware
[2018.08.17-17.52.26:914][  0]LogSlate: New Slate User Created.  User Index 0, Is Virtual User: 0
[2018.08.17-17.52.26:914][  0]LogSlate: Slate User Registered.  User Index 0, Is Virtual User: 0
[2018.08.17-17.52.27:123][  0]LogD3D11RHI: D3D11 adapters:
[2018.08.17-17.52.27:184][  0]LogD3D11RHI:    0. 'NVIDIA GeForce GTX 960' (Feature Level 11_0)
[2018.08.17-17.52.27:184][  0]LogD3D11RHI:       4053/0/4070 MB DedicatedVideo/DedicatedSystem/SharedSystem, Outputs:1, VendorId:0x10de
[2018.08.17-17.52.27:187][  0]LogD3D11RHI:    1. 'Microsoft Basic Render Driver' (Feature Level 11_0)
[2018.08.17-17.52.27:187][  0]LogD3D11RHI:       0/0/4070 MB DedicatedVideo/DedicatedSystem/SharedSystem, Outputs:0, VendorId:0x1414
[2018.08.17-17.52.27:187][  0]LogD3D11RHI: Chosen D3D11 Adapter: 0
[2018.08.17-17.52.27:193][  0]LogD3D11RHI: Creating new Direct3DDevice
[2018.08.17-17.52.27:193][  0]LogD3D11RHI:     GPU DeviceId: 0x1406 (for the marketing name, search the web for "GPU Device Id")
[2018.08.17-17.52.27:193][  0]LogWindows: EnumDisplayDevices:
[2018.08.17-17.52.27:194][  0]LogWindows:    0. 'NVIDIA GeForce GTX 960' (P:1 D:1)
[2018.08.17-17.52.27:194][  0]LogWindows: DebugString: GetVideoDriverDetailsInvalid PrimaryIsNotTheChoosenAdapter FoundDriverCount:0 
[2018.08.17-17.52.27:194][  0]LogD3D11RHI:     Adapter Name: NVIDIA GeForce GTX 960
[2018.08.17-17.52.27:194][  0]LogD3D11RHI:   Driver Version: Unknown (internal:Unknown, unified:Unknown)
[2018.08.17-17.52.27:194][  0]LogD3D11RHI:      Driver Date: Unknown
[2018.08.17-17.52.27:194][  0]LogRHI: Texture pool is 2837 MB (70% of 4053 MB)
[2018.08.17-17.52.27:234][  0]LogD3D11RHI: [Aftermath] Aftermath enabled and primed
[2018.08.17-17.52.27:234][  0]LogD3D11RHI: [Aftermath] Aftermath enabled and primed
[2018.08.17-17.52.27:234][  0]LogD3D11RHI: Async texture creation enabled
[2018.08.17-17.52.27:253][  0]LogD3D11RHI: GPU Timing Frequency: 1000.000000 (Debug: 2 2)
[2018.08.17-17.52.27:302][  0]LogShaderCompilers: Guid format shader working directory is -37 characters bigger than the processId version (../../../../../../Users/P Tron/Documents/GitHub/Unreal-2D-Project/SuperSideScroller/Intermediate/Shaders/WorkingDirectory/11020/).
[2018.08.17-17.52.27:303][  0]LogShaderCompilers: Cleaned the shader compiler working directory 'C:/Users/P Tron/AppData/Local/Temp/UnrealShaderWorkingDir/4DF447984008BC7F518D3D8FB3788844/'.
[2018.08.17-17.52.27:704][  0]LogTemp: Display: Loaded TP AllDesktopTargetPlatform
[2018.08.17-17.52.27:722][  0]LogTemp: Display: Loaded TP MacClientTargetPlatform
[2018.08.17-17.52.27:740][  0]LogTemp: Display: Loaded TP MacNoEditorTargetPlatform
[2018.08.17-17.52.27:758][  0]LogTemp: Display: Loaded TP MacServerTargetPlatform
[2018.08.17-17.52.27:777][  0]LogTemp: Display: Loaded TP MacTargetPlatform
[2018.08.17-17.52.27:796][  0]LogTemp: Display: Loaded TP WindowsClientTargetPlatform
[2018.08.17-17.52.27:814][  0]LogTemp: Display: Loaded TP WindowsNoEditorTargetPlatform
[2018.08.17-17.52.27:832][  0]LogTemp: Display: Loaded TP WindowsServerTargetPlatform
[2018.08.17-17.52.27:840][  0]LogTemp: Display: Loaded TP WindowsTargetPlatform
[2018.08.17-17.52.27:856][  0]LogTemp: Display: Loaded TP Android_ASTCTargetPlatform
[2018.08.17-17.52.27:872][  0]LogTemp: Display: Loaded TP Android_ATCTargetPlatform
[2018.08.17-17.52.27:887][  0]LogTemp: Display: Loaded TP Android_DXTTargetPlatform
[2018.08.17-17.52.27:903][  0]LogTemp: Display: Loaded TP Android_ETC1aTargetPlatform
[2018.08.17-17.52.27:919][  0]LogTemp: Display: Loaded TP Android_ETC1TargetPlatform
[2018.08.17-17.52.27:935][  0]LogTemp: Display: Loaded TP Android_ETC2TargetPlatform
[2018.08.17-17.52.27:966][  0]LogTemp: Display: Loaded TP Android_MultiTargetPlatform
[2018.08.17-17.52.27:966][  0]LogTemp: Display: Loaded TP Android_PVRTCTargetPlatform
[2018.08.17-17.52.27:982][  0]LogTemp: Display: Loaded TP AndroidTargetPlatform
[2018.08.17-17.52.27:984][  0]LogTemp: Display: Loaded TP HTML5TargetPlatform
[2018.08.17-17.52.28:026][  0]LogTemp: Display: Loaded TP IOSTargetPlatform
[2018.08.17-17.52.28:043][  0]LogTemp: Display: Loaded TP TVOSTargetPlatform
[2018.08.17-17.52.28:058][  0]LogTemp: Display: Loaded TP LinuxClientTargetPlatform
[2018.08.17-17.52.28:073][  0]LogTemp: Display: Loaded TP LinuxNoEditorTargetPlatform
[2018.08.17-17.52.28:088][  0]LogTemp: Display: Loaded TP LinuxServerTargetPlatform
[2018.08.17-17.52.28:103][  0]LogTemp: Display: Loaded TP LinuxTargetPlatform
[2018.08.17-17.52.28:103][  0]LogTargetPlatformManager: Display: Building Assets For Windows
[2018.08.17-17.52.28:231][  0]LogXGEController: Cannot use XGE Controller as Incredibuild is not installed on this machine.
[2018.08.17-17.52.28:231][  0]LogShaderCompilers: Cannot use XGE Shader Compiler as Incredibuild is not installed on this machine.
[2018.08.17-17.52.28:231][  0]LogShaderCompilers: Display: Using Local Shader Compiler.
[2018.08.17-17.52.29:033][  0]LogDerivedDataCache: Display: Max Cache Size: 512 MB
[2018.08.17-17.52.29:123][  0]LogDerivedDataCache: Loaded boot cache 0.09s 74MB C:/Users/P Tron/AppData/Local/UnrealEngine/4.19/DerivedDataCache/Boot.ddc.
[2018.08.17-17.52.29:123][  0]LogDerivedDataCache: Display: Loaded Boot cache: C:/Users/P Tron/AppData/Local/UnrealEngine/4.19/DerivedDataCache/Boot.ddc
[2018.08.17-17.52.29:123][  0]LogDerivedDataCache: FDerivedDataBackendGraph:  Pak pak cache file ../../../../../../Users/P Tron/Documents/GitHub/Unreal-2D-Project/SuperSideScroller/DerivedDataCache/DDC.ddp not found, will not use a pak cache.
[2018.08.17-17.52.29:123][  0]LogDerivedDataCache: Unable to find inner node Pak for hierarchical cache Hierarchy.
[2018.08.17-17.52.29:123][  0]LogDerivedDataCache: FDerivedDataBackendGraph:  CompressedPak pak cache file ../../../../../../Users/P Tron/Documents/GitHub/Unreal-2D-Project/SuperSideScroller/DerivedDataCache/Compressed.ddp not found, will not use a pak cache.
[2018.08.17-17.52.29:123][  0]LogDerivedDataCache: Unable to find inner node CompressedPak for hierarchical cache Hierarchy.
[2018.08.17-17.52.29:142][  0]LogDerivedDataCache: Display: Pak cache opened for reading ../../../Engine/DerivedDataCache/Compressed.ddp.
[2018.08.17-17.52.29:154][  0]LogDerivedDataCache: Using Local data cache path C:/Users/P Tron/AppData/Local/UnrealEngine/Common/DerivedDataCache: Writable
[2018.08.17-17.52.29:154][  0]LogDerivedDataCache: Shared data cache path not found in *engine.ini, will not use an Shared cache.
[2018.08.17-17.52.29:154][  0]LogDerivedDataCache: Unable to find inner node Shared for hierarchical cache Hierarchy.
[2018.08.17-17.52.29:167][  0]LogMaterial: Verifying Global Shaders for PCD3D_SM5
[2018.08.17-17.52.29:167][  0]LogSlate: Using Freetype 2.6.0
[2018.08.17-17.52.29:168][  0]LogSlate: SlateFontCache - WITH_FREETYPE: 1, WITH_HARFBUZZ: 1
[2018.08.17-17.52.29:168][  0]LogSlate: SlateFontCache - WITH_FREETYPE: 1, WITH_HARFBUZZ: 1
[2018.08.17-17.52.29:305][  0]LogAssetRegistry: FAssetRegistry took 0.0275 seconds to start up
[2018.08.17-17.52.29:664][  0]LogInit: Selected Device Profile: [Windows]
[2018.08.17-17.52.29:845][  0]LogSimplygon: Simplygon DLL not present - disabling.
[2018.08.17-17.52.29:848][  0]LogMeshReduction: Using SimplygonSwarm for distributed automatic mesh merging
[2018.08.17-17.52.29:849][  0]LogMeshReduction: Using QuadricMeshReduction for automatic static mesh reduction
[2018.08.17-17.52.29:849][  0]LogMeshReduction: No automatic skeletal mesh reduction module available
[2018.08.17-17.52.29:849][  0]LogMeshReduction: No automatic mesh merging module available
[2018.08.17-17.52.29:849][  0]LogMeshMerging: No automatic mesh merging module available
[2018.08.17-17.52.29:883][  0]LogNetVersion: SuperSideScroller , NetCL: 3944462, EngineNetVer: 2, GameNetVer: 0 (Checksum: 1481994350)
[2018.08.17-17.52.30:487][  0]LogPackageLocalizationCache: Processed 9 localized package path(s) for 2 prioritized culture(s) in 0.155809 seconds
[2018.08.17-17.52.30:494][  0]LogUObjectArray: 36728 objects as part of root set at end of initial load.
[2018.08.17-17.52.30:494][  0]LogUObjectAllocator: 7314312 out of 0 bytes used by permanent object pool.
[2018.08.17-17.52.30:494][  0]LogUObjectArray: CloseDisregardForGC: 0/0 objects in disregard for GC pool
[2018.08.17-17.52.32:442][  0]LogTcpMessaging: Initializing TcpMessaging bridge
[2018.08.17-17.52.32:475][  0]LogUdpMessaging: Initializing bridge on interface 0.0.0.0:0 to multicast group 230.0.0.1:6666.
[2018.08.17-17.52.32:863][  0]SourceControl: Source control is disabled
[2018.08.17-17.52.32:863][  0]SourceControl: Source control is disabled
[2018.08.17-17.52.32:885][  0]SourceControl: Source control is disabled
[2018.08.17-17.52.32:906][  0]SourceControl: Source control is disabled
[2018.08.17-17.52.33:444][  0]LogAndroidPermission: UAndroidPermissionCallbackProxy::GetInstance
[2018.08.17-17.52.33:613][  0]LogOcInput: OculusInput pre-init called
[2018.08.17-17.52.33:740][  0]LogEngine: Initializing Engine...
[2018.08.17-17.52.33:741][  0]LogHMD: Failed to initialize OpenVR with code 110
[2018.08.17-17.52.33:743][  0]LogStats: UGameplayTagsManager::ConstructGameplayTagTree: Construct from data asset -  0.000 s
[2018.08.17-17.52.33:743][  0]LogStats: UGameplayTagsManager::ConstructGameplayTagTree: GameplayTagTreeChangedEvent.Broadcast -  0.000 s
[2018.08.17-17.52.34:043][  0]LogAIModule: Creating AISystem for world Untitled
[2018.08.17-17.52.34:068][  0]LogInit: XAudio2 using 'Realtek Digital Output(Optical) (Realtek High Definition Audio)' : 2 channels at 48 kHz using 16 bits per sample (channel mask 0x3)
[2018.08.17-17.52.34:114][  0]LogInit: FAudioDevice initialized.
[2018.08.17-17.52.34:628][  0]LogDerivedDataCache: Saved boot cache 0.51s 74MB C:/Users/P Tron/AppData/Local/UnrealEngine/4.19/DerivedDataCache/Boot.ddc.
[2018.08.17-17.52.34:646][  0]LogInit: Texture streaming: Enabled
[2018.08.17-17.52.34:668][  0]LogEngineSessionManager: EngineSessionManager initialized
[2018.08.17-17.52.34:685][  0]LogInit: Transaction tracking system initialized
[2018.08.17-17.52.34:713][  0]BlueprintLog: New page: Editor Load
[2018.08.17-17.52.34:802][  0]LocalizationService: Localization service is disabled
[2018.08.17-17.52.34:913][  0]LogConsoleResponse: Display: 
[2018.08.17-17.52.35:119][  0]LogCook: Display: Max memory allowance for cook 16384mb min free memory 0mb
[2018.08.17-17.52.35:119][  0]LogCook: Display: Mobile HDR setting 1
[2018.08.17-17.52.35:119][  0]LogGameplayTags: Display: UGameplayTagsManager::DoneAddingNativeTags. DelegateIsBound: 0
[2018.08.17-17.52.35:119][  0]LogStats: UGameplayTagsManager::ConstructGameplayTagTree: Construct from data asset -  0.000 s
[2018.08.17-17.52.35:119][  0]LogStats: UGameplayTagsManager::ConstructGameplayTagTree: GameplayTagTreeChangedEvent.Broadcast -  0.000 s
[2018.08.17-17.52.35:549][  0]LogFileCache: Scanning file cache for directory 'C:/Users/P Tron/Documents/GitHub/Unreal-2D-Project/SuperSideScroller/Content/' took 0.02s
[2018.08.17-17.52.35:549][  0]SourceControl: Source control is disabled
[2018.08.17-17.52.35:549][  0]Cmd: MAP LOAD FILE="../../../../../../Users/P Tron/Documents/GitHub/Unreal-2D-Project/SuperSideScroller/Content/SuperSideScroller/Maps/Level_00.umap" TEMPLATE=0 SHOWPROGRESS=1 FEATURELEVEL=3
[2018.08.17-17.52.35:550][  0]LightingResults: New page: Lighting Build
[2018.08.17-17.52.35:553][  0]MapCheck: New page: Map Check
[2018.08.17-17.52.35:553][  0]LightingResults: New page: Lighting Build
[2018.08.17-17.52.35:856][  0]LogUObjectGlobals: Created PersistentFrame Addr=0x0000018e913ba200, Size=544, Default__BP_Dude_C Function /Game/SuperSideScroller/Blueprint/BP_Dude.BP_Dude_C:ExecuteUbergraph_BP_Dude
[2018.08.17-17.52.36:283][  0]LogUObjectGlobals: Destroyed PersistentFrame Addr=0x0000018e913ba200, Size=544
[2018.08.17-17.52.36:283][  0]LogUObjectGlobals: Created PersistentFrame Addr=0x0000018e9f12f100, Size=544, Default__BP_Dude_C Function /Engine/Transient.REINST_BP_Dude_C_5:ExecuteUbergraph_BP_Dude
[2018.08.17-17.52.36:296][  0]LogUObjectGlobals: Created PersistentFrame Addr=0x0000018e9f093880, Size=544, Default__BP_Dude_C Function /Game/SuperSideScroller/Blueprint/BP_Dude.BP_Dude_C:ExecuteUbergraph_BP_Dude
[2018.08.17-17.52.36:457][  0]LogUObjectGlobals: Created PersistentFrame Addr=0x0000018e9f0a97c0, Size=208, Default__BP_Trap_C Function /Game/SuperSideScroller/Blueprint/BP_Trap.BP_Trap_C:ExecuteUbergraph_BP_Trap
[2018.08.17-17.52.36:462][  0]LogUObjectGlobals: Destroyed PersistentFrame Addr=0x0000018e9f0a97c0, Size=208
[2018.08.17-17.52.36:462][  0]LogUObjectGlobals: Created PersistentFrame Addr=0x0000018e9f0a97c0, Size=208, Default__BP_Trap_C Function /Engine/Transient.REINST_BP_Trap_C_10:ExecuteUbergraph_BP_Trap
[2018.08.17-17.52.36:464][  0]LogUObjectGlobals: Created PersistentFrame Addr=0x0000018e9f0a81e0, Size=208, Default__BP_Trap_C Function /Game/SuperSideScroller/Blueprint/BP_Trap.BP_Trap_C:ExecuteUbergraph_BP_Trap
[2018.08.17-17.52.36:968][  0]LogAIModule: Creating AISystem for world Level_00
[2018.08.17-17.52.36:977][  0]LogEditorServer: Finished looking for orphan Actors (0.000 secs)
[2018.08.17-17.52.36:993][  0]LogUObjectGlobals: Destroyed PersistentFrame Addr=0x0000018e9f12f100, Size=544
[2018.08.17-17.52.36:993][  0]LogUObjectGlobals: Destroyed PersistentFrame Addr=0x0000018e9f0a97c0, Size=208
[2018.08.17-17.52.36:994][  0]Cmd: MAP CHECKDEP NOCLEARLOG
[2018.08.17-17.52.37:054][  0]MapCheck: Map check complete: 0 Error(s), 0 Warning(s), took 59.724ms to complete.
[2018.08.17-17.52.37:054][  0]LogFileHelpers: Loading map 'Level_00' took 1.505
[2018.08.17-17.52.37:335][  0]LogCollectionManager: Loaded 0 collections in 0.002218 seconds
[2018.08.17-17.52.37:377][  0]LogFileCache: Scanning file cache for directory 'C:/Users/P Tron/Documents/GitHub/Unreal-2D-Project/SuperSideScroller/Saved/Collections/' took 0.01s
[2018.08.17-17.52.37:377][  0]LogFileCache: Scanning file cache for directory 'C:/Users/P Tron/Documents/GitHub/Unreal-2D-Project/SuperSideScroller/Content/Developers/PTron/Collections/' took 0.01s
[2018.08.17-17.52.37:377][  0]LogFileCache: Scanning file cache for directory 'C:/Users/P Tron/Documents/GitHub/Unreal-2D-Project/SuperSideScroller/Content/Collections/' took 0.01s
[2018.08.17-17.52.37:377][  0]LogCollectionManager: Rebuilt the GUID cache for 0 collections in 0.000000 seconds
[2018.08.17-17.52.37:388][  0]LogContentBrowser: Native class hierarchy populated in 0.0109 seconds. Added 2452 classes and 558 folders.
[2018.08.17-17.52.37:397][  0]LogContentBrowser: Native class hierarchy updated for 'WidgetCarousel' in 0.0003 seconds. Added 0 classes and 0 folders.
[2018.08.17-17.52.39:073][  0]LogContentBrowser: Native class hierarchy updated for 'AddContentDialog' in 0.0004 seconds. Added 0 classes and 0 folders.
[2018.08.17-17.52.39:081][  0]LogContentBrowser: Native class hierarchy updated for 'SceneOutliner' in 0.0004 seconds. Added 1 classes and 2 folders.
[2018.08.17-17.52.39:136][  0]LogSlate: Took 0.000237 seconds to synchronously load lazily loaded font '../../../Engine/Content/Slate/Fonts/Roboto-Regular.ttf' (155K)
[2018.08.17-17.52.39:139][  0]LogSlate: Took 0.000318 seconds to synchronously load lazily loaded font '../../../Engine/Content/Slate/Fonts/Roboto-Bold.ttf' (160K)
[2018.08.17-17.52.39:179][  0]LogSlate: Took 0.030727 seconds to synchronously load lazily loaded font '../../../Engine/Content/Editor/Slate/Fonts/FontAwesome.ttf' (139K)
[2018.08.17-17.52.39:412][  0]LogRenderer: Reallocating scene render targets to support 1208x576 Format 10 NumSamples 1 (Frame:1).
[2018.08.17-17.52.39:543][  0]LogContentBrowser: Native class hierarchy updated for 'HierarchicalLODOutliner' in 0.0002 seconds. Added 0 classes and 0 folders.
[2018.08.17-17.52.39:543][  0]LogLoad: (Engine Initialization) Total time: 16.53 seconds
[2018.08.17-17.52.39:544][  0]LogLoad: (Engine Initialization) Total Blueprint compile time: 0.00 seconds
[2018.08.17-17.52.39:552][  0]LogWindowsTextInputMethodSystem: Display: IME system now deactivated.
[2018.08.17-17.52.39:576][  0]LogContentStreaming: Texture pool size now 1000 MB
[2018.08.17-17.52.39:727][  0]LogSlate: Took 0.014067 seconds to synchronously load lazily loaded font '../../../Engine/Content/Slate/Fonts/Roboto-Light.ttf' (167K)
[2018.08.17-17.52.39:745][  1]LogAssetRegistry: Asset discovery search completed in 10.4628 seconds
[2018.08.17-17.52.39:747][  1]LogCollectionManager: Rebuilt the object cache for 0 collections in 0.000000 seconds (found 0 objects)
[2018.08.17-17.52.39:747][  1]LogCollectionManager: Fixed up redirectors for 0 collections in 0.000051 seconds (updated 0 objects)
[2018.08.17-18.08.15:624][206]LogEditorViewport: Clicking Background
[2018.08.17-18.17.45:684][101]LogSlate: FSceneViewport::OnFocusLost() reason 0
[2018.08.17-18.18.59:944][364]LogSlate: Took 0.000247 seconds to synchronously load lazily loaded font '../../../Engine/Content/Slate/Fonts/Roboto-Light.ttf' (167K)
[2018.08.17-18.19.00:537][364]LogContentBrowser: Native class hierarchy updated for 'BlueprintGraph' in 0.0007 seconds. Added 116 classes and 0 folders.
[2018.08.17-18.19.00:874][364]LogUObjectGlobals: Created PersistentFrame Addr=0x0000018e9ae881d8, Size=4, Default__SKEL_PROTO_BP_AnimBlueprint_0_C Function /Engine/Transient.SKEL_PROTO_BP_AnimBlueprint_0_C:ExecuteUbergraph_PROTO_BP_AnimBlueprint_0
[2018.08.17-18.19.00:875][364]LogUObjectGlobals: Created PersistentFrame Addr=0x0000018e9ae881d0, Size=4, Default__PROTO_BP_AnimBlueprint_0_C Function /Engine/Transient.PROTO_BP_AnimBlueprint_0_C:ExecuteUbergraph_PROTO_BP_AnimBlueprint_0
[2018.08.17-18.19.01:635][364]LogSlate: Took 0.020234 seconds to synchronously load lazily loaded font '../../../Engine/Content/Slate/Fonts/Roboto-BoldCondensed.ttf' (158K)
[2018.08.17-18.19.04:615][617]LogSlate: Took 0.017544 seconds to synchronously load lazily loaded font '../../../Engine/Content/Slate/Fonts/Roboto-Italic.ttf' (157K)
[2018.08.17-18.19.08:170][967]LogSlate: Window 'BP_Shot' being destroyed
[2018.08.17-18.19.08:175][967]LogSlate: Window 'BP_Shot' being destroyed
[2018.08.17-18.19.24:148][798]LogRenderer: Reallocating scene render targets to support 1316x576 Format 10 NumSamples 1 (Frame:1).
[2018.08.17-18.20.43:222][ 51]LogRenderer: Reallocating scene render targets to support 1528x788 Format 10 NumSamples 1 (Frame:7616).
[2018.08.17-18.21.21:052][163]LogMaterial: Missing cached shader map for material Material_0, compiling. 
[2018.08.17-18.21.21:052][163]LogMaterial: Warning: /Engine/Transient.Material_0 (no disk path found): Failed to compile Material for platform PCD3D_SM5, Default Material will be used in game.
[2018.08.17-18.21.21:052][163]LogMaterial: 	SceneTexture expressions cannot be used in opaque materials
[2018.08.17-18.22.23:081][641]LogRenderer: Reallocating scene render targets to support 1528x924 Format 10 NumSamples 1 (Frame:1).
[2018.08.17-18.23.59:539][315]LogTexture: Display: Building textures: T_Dot (AutoDXT, 8X8)
[2018.08.17-18.24.53:824][721]LogFileHelpers: Editor autosave (incl. sublevels) for '/Game/SuperSideScroller/Maps/Level_00' took 0.028
[2018.08.17-18.24.53:826][721]OBJ SavePackage: Generating thumbnails for [1] asset(s) in package [/Paper2D/MaskedUnlitSpriteMaterial] ([1] browsable assets)...
[2018.08.17-18.24.53:843][721]OBJ SavePackage:     Rendered thumbnail for [MaterialInstanceConstant /Paper2D/MaskedUnlitSpriteMaterial.MaskedUnlitSpriteMaterial]
[2018.08.17-18.24.53:843][721]OBJ SavePackage: Finished generating thumbnails for package [/Paper2D/MaskedUnlitSpriteMaterial]
[2018.08.17-18.24.53:875][721]LogMaterial: Missing cached shader map for material FDebugViewModeMaterialProxy MaskedUnlitSpriteMaterial, compiling. 
[2018.08.17-18.24.55:978][721]LogShaderCompilers: Display: Shaders left to compile 1
[2018.08.17-18.24.55:979][721]TextureStreamingBuild: Display: Compiling optional shaders took 2.109 seconds.
[2018.08.17-18.24.56:070][721]LogSavePackage: Save=20.20ms
[2018.08.17-18.24.56:070][721]LogSavePackage: Moving '../../../../../../Users/P Tron/Documents/GitHub/Unreal-2D-Project/SuperSideScroller/Saved/MaskedUnlitSpriteMaterial_Auto1B487B1B340AF6FFAD8514396E822C88A.tmp' to '../../../../../../Users/P Tron/Documents/GitHub/Unreal-2D-Project/SuperSideScroller/Saved/Autosaves/Paper2D/MaskedUnlitSpriteMaterial_Auto1.uasset'
[2018.08.17-18.24.56:071][721]LogSavePackage: Display: Finished SavePackage ../../../../../../Users/P Tron/Documents/GitHub/Unreal-2D-Project/SuperSideScroller/Saved/Autosaves/Paper2D/MaskedUnlitSpriteMaterial_Auto1.uasset
[2018.08.17-18.24.56:071][721]LogFileHelpers: Auto-saving content packages took 2.247
[2018.08.17-18.25.26:854][395]LogSlate: Window 'MaskedUnlitSpriteMaterial*' being destroyed
[2018.08.17-18.25.26:861][395]LogSlate: Window 'MaskedUnlitSpriteMaterial*' being destroyed
[2018.08.17-18.25.26:961][395]LogMaterial: Missing cached shader map for material FDebugViewModeMaterialProxy MaskedUnlitSpriteMaterial, compiling. 
[2018.08.17-18.25.27:424][395]LogShaderCompilers: Display: Shaders left to compile 1
[2018.08.17-18.25.27:427][395]TextureStreamingBuild: Display: Compiling optional shaders took 0.469 seconds.
[2018.08.17-18.31.02:209][522]LogSlate: Window 'A_Shot' being destroyed
[2018.08.17-18.31.02:215][522]LogSlate: Window 'A_Shot' being destroyed
[2018.08.17-18.31.50:422][232]LogSlate: Window 'A_Shot' being destroyed
[2018.08.17-18.31.50:429][232]LogSlate: Window 'A_Shot' being destroyed
[2018.08.17-18.34.56:964][416]LogFileHelpers: Editor autosave (incl. sublevels) for '/Game/SuperSideScroller/Maps/Level_00' took 0.036
[2018.08.17-18.34.56:966][416]OBJ SavePackage: Generating thumbnails for [1] asset(s) in package [/Paper2D/MaskedUnlitSpriteMaterial] ([1] browsable assets)...
[2018.08.17-18.34.57:007][416]OBJ SavePackage:     Rendered thumbnail for [MaterialInstanceConstant /Paper2D/MaskedUnlitSpriteMaterial.MaskedUnlitSpriteMaterial]
[2018.08.17-18.34.57:007][416]OBJ SavePackage: Finished generating thumbnails for package [/Paper2D/MaskedUnlitSpriteMaterial]
[2018.08.17-18.34.57:033][416]LogSavePackage: Save=15.15ms
[2018.08.17-18.34.57:033][416]LogSavePackage: Moving '../../../../../../Users/P Tron/Documents/GitHub/Unreal-2D-Project/SuperSideScroller/Saved/MaskedUnlitSpriteMaterial_Auto24A9E6712451368C07138EB98F4959E67.tmp' to '../../../../../../Users/P Tron/Documents/GitHub/Unreal-2D-Project/SuperSideScroller/Saved/Autosaves/Paper2D/MaskedUnlitSpriteMaterial_Auto2.uasset'
[2018.08.17-18.34.57:034][416]LogSavePackage: Display: Finished SavePackage ../../../../../../Users/P Tron/Documents/GitHub/Unreal-2D-Project/SuperSideScroller/Saved/Autosaves/Paper2D/MaskedUnlitSpriteMaterial_Auto2.uasset
[2018.08.17-18.34.57:034][416]LogFileHelpers: Auto-saving content packages took 0.070
[2018.08.17-18.36.50:604][958]LogEditorViewport: Clicking Background
[2018.08.17-18.36.57:455][774]LogSlate: FSceneViewport::OnFocusLost() reason 0
[2018.08.17-18.52.49:907][668]LogTemp: Repeating last play command: Selected Viewport
[2018.08.17-18.52.49:932][668]LogPlayLevel: PlayLevel: No blueprints needed recompiling
[2018.08.17-18.52.49:979][668]PIE: New page: PIE session: Level_00 (Aug 17, 2018, 10:52:49 AM)
[2018.08.17-18.52.49:980][668]LogPlayLevel: Creating play world package: /Game/SuperSideScroller/Maps/UEDPIE_0_Level_00
[2018.08.17-18.52.49:988][668]LogPlayLevel: PIE: StaticDuplicateObject took: (0.007681s)
[2018.08.17-18.52.49:989][668]LogAIModule: Creating AISystem for world Level_00
[2018.08.17-18.52.49:990][668]LogPlayLevel: PIE: World Init took: (0.002088s)
[2018.08.17-18.52.49:990][668]LogPlayLevel: PIE: Created PIE world by copying editor world from /Game/SuperSideScroller/Maps/Level_00.Level_00 to /Game/SuperSideScroller/Maps/UEDPIE_0_Level_00.Level_00 (0.010186s)
[2018.08.17-18.52.50:021][668]LogInit: XAudio2 using 'Realtek Digital Output(Optical) (Realtek High Definition Audio)' : 2 channels at 48 kHz using 16 bits per sample (channel mask 0x3)
[2018.08.17-18.52.50:071][668]LogInit: FAudioDevice initialized.
[2018.08.17-18.52.50:121][668]LogLoad: Game class is '2DSideScrollerGameMode_C'
[2018.08.17-18.52.50:125][668]LogWorld: Bringing World /Game/SuperSideScroller/Maps/UEDPIE_0_Level_00.Level_00 up for play (max tick rate 0) at 2018.08.17-14.52.50
[2018.08.17-18.52.50:125][668]LogWorld: Bringing up level for play took: 0.001741
[2018.08.17-18.52.50:305][668]LogContentBrowser: Native class hierarchy updated for 'MovieSceneCapture' in 0.0009 seconds. Added 11 classes and 0 folders.
[2018.08.17-18.52.50:310][668]PIE: Play in editor start time for /Game/SuperSideScroller/Maps/UEDPIE_0_Level_00 -0.254
[2018.08.17-19.01.11:782][780]LogSlate: FSceneViewport::OnFocusLost() reason 2
[2018.08.17-19.01.12:686][878]LogSlate: FSceneViewport::OnFocusLost() reason 2
[2018.08.17-19.01.12:691][878]Cmd: OBJ SAVEPACKAGE PACKAGE="/Paper2D/MaskedUnlitSpriteMaterial" FILE="../../Plugins/2D/Paper2D/Content/MaskedUnlitSpriteMaterial.uasset" SILENT=true
[2018.08.17-19.01.12:718][878]LogSavePackage: Save=10.12ms
[2018.08.17-19.01.12:718][878]LogSavePackage: Moving '../../../../../../Users/P Tron/Documents/GitHub/Unreal-2D-Project/SuperSideScroller/Saved/MaskedUnlitSpriteMaterialCCAB04CB4D0C075B0ACAB2AC507854A9.tmp' to '../../Plugins/2D/Paper2D/Content/MaskedUnlitSpriteMaterial.uasset'
[2018.08.17-19.01.12:736][878]LogSavePackage: Display: Finished SavePackage ../../Plugins/2D/Paper2D/Content/MaskedUnlitSpriteMaterial.uasset
[2018.08.17-19.01.14:045][ 34]LogSlate: FSceneViewport::OnFocusLost() reason 0
[2018.08.17-19.02.21:401][247]LogSlate: Window 'SuperSideScroller - Unreal Editor' being destroyed
[2018.08.17-19.02.21:683][248]Cmd: QUIT_EDITOR
[2018.08.17-19.02.22:285][248]LogWindowsTextInputMethodSystem: Display: IME system now deactivated.
[2018.08.17-19.02.22:303][248]LogSlate: Slate User Destroyed.  User Index 0, Is Virtual User: 0
[2018.08.17-19.02.22:303][248]LogExit: Preparing to exit.
[2018.08.17-19.02.22:730][248]LogDirectoryWatcher: A directory notification for 'C:/Users/P Tron/Documents/GitHub/Unreal-2D-Project/SuperSideScroller/Content/' was aborted.
[2018.08.17-19.02.22:830][248]LogExit: Editor shut down
[2018.08.17-19.02.22:867][248]LogExit: Transaction tracking system shut down
[2018.08.17-19.02.22:869][248]LogUObjectGlobals: Destroyed PersistentFrame Addr=0x0000018e9f093880, Size=544
[2018.08.17-19.02.22:870][248]LogUObjectGlobals: Destroyed PersistentFrame Addr=0x0000018e9f0a81e0, Size=208
[2018.08.17-19.02.22:878][248]LogUObjectGlobals: Destroyed PersistentFrame Addr=0x0000018e9ae881d8, Size=4
[2018.08.17-19.02.22:878][248]LogUObjectGlobals: Destroyed PersistentFrame Addr=0x0000018e9ae881d0, Size=4
[2018.08.17-19.02.23:082][248]LogDirectoryWatcher: A directory notification for '../../../Engine/Content/' was aborted.
[2018.08.17-19.02.23:083][248]LogDirectoryWatcher: A directory notification for '../../../../../../Users/P Tron/Documents/GitHub/Unreal-2D-Project/SuperSideScroller/Content/' was aborted.
[2018.08.17-19.02.23:083][248]LogDirectoryWatcher: A directory notification for '../../Plugins/2D/Paper2D/Content/' was aborted.
[2018.08.17-19.02.23:083][248]LogDirectoryWatcher: A directory notification for '../../Plugins/Enterprise/DatasmithContent/Content/' was aborted.
[2018.08.17-19.02.23:083][248]LogDirectoryWatcher: A directory notification for '../../Plugins/Media/MediaCompositing/Content/' was aborted.
[2018.08.17-19.02.23:083][248]LogDirectoryWatcher: A directory notification for '../../Plugins/Runtime/AppleARKit/Content/' was aborted.
[2018.08.17-19.02.23:083][248]LogDirectoryWatcher: A directory notification for '../../Plugins/Runtime/Oculus/OculusVR/Content/' was aborted.
[2018.08.17-19.02.23:083][248]LogDirectoryWatcher: A directory notification for '../../Plugins/Runtime/Steam/SteamVR/Content/' was aborted.
[2018.08.17-19.02.23:245][248]LogExit: Object subsystem successfully closed.
[2018.08.17-19.02.23:268][248]LogShaderCompilers: Display: Shaders left to compile 0
[2018.08.17-19.02.23:276][248]LogD3D11RHI: Shutdown
[2018.08.17-19.02.23:276][248]LogD3D11RHI: CleanupD3DDevice
[2018.08.17-19.02.23:371][248]LogD3D11RHI: ~FD3D11DynamicRHI
[2018.08.17-19.02.23:391][248]LogModuleManager: Shutting down and abandoning module MovieSceneCapture (578)
[2018.08.17-19.02.23:391][248]LogModuleManager: Shutting down and abandoning module BlueprintGraph (576)
[2018.08.17-19.02.23:391][248]LogModuleManager: Shutting down and abandoning module HierarchicalLODOutliner (574)
[2018.08.17-19.02.23:391][248]LogModuleManager: Shutting down and abandoning module SceneOutliner (572)
[2018.08.17-19.02.23:420][248]LogModuleManager: Shutting down and abandoning module AddContentDialog (570)
[2018.08.17-19.02.23:421][248]LogDirectoryWatcher: A directory notification for 'C:/Program Files/Epic Games/UE_4.19/FeaturePacks/' was aborted.
[2018.08.17-19.02.23:429][248]LogModuleManager: Shutting down and abandoning module WidgetCarousel (569)
[2018.08.17-19.02.23:429][248]LogModuleManager: Shutting down and abandoning module EditorWidgets (566)
[2018.08.17-19.02.23:429][248]LogModuleManager: Shutting down and abandoning module CollectionManager (564)
[2018.08.17-19.02.23:429][248]LogDirectoryWatcher: A directory notification for 'C:/Users/P Tron/Documents/GitHub/Unreal-2D-Project/SuperSideScroller/Content/Collections/' was aborted.
[2018.08.17-19.02.23:429][248]LogDirectoryWatcher: A directory notification for 'C:/Users/P Tron/Documents/GitHub/Unreal-2D-Project/SuperSideScroller/Content/Developers/PTron/Collections/' was aborted.
[2018.08.17-19.02.23:429][248]LogDirectoryWatcher: A directory notification for 'C:/Users/P Tron/Documents/GitHub/Unreal-2D-Project/SuperSideScroller/Saved/Collections/' was aborted.
[2018.08.17-19.02.23:429][248]LogModuleManager: Shutting down and abandoning module StatsViewer (562)
[2018.08.17-19.02.23:429][248]LogModuleManager: Shutting down and abandoning module FoliageEdit (560)
[2018.08.17-19.02.23:429][248]LogModuleManager: Shutting down and abandoning module LandscapeEditor (558)
[2018.08.17-19.02.23:429][248]LogModuleManager: Shutting down and abandoning module MeshPaintMode (556)
[2018.08.17-19.02.23:430][248]LogModuleManager: Shutting down and abandoning module SceneDepthPickerMode (554)
[2018.08.17-19.02.23:430][248]LogModuleManager: Shutting down and abandoning module ActorPickerMode (552)
[2018.08.17-19.02.23:430][248]LogModuleManager: Shutting down and abandoning module GeometryMode (550)
[2018.08.17-19.02.23:430][248]LogModuleManager: Shutting down and abandoning module TextureAlignMode (548)
[2018.08.17-19.02.23:430][248]LogModuleManager: Shutting down and abandoning module BspMode (546)
[2018.08.17-19.02.23:430][248]LogModuleManager: Shutting down and abandoning module PIEPreviewDeviceProfileSelector (544)
[2018.08.17-19.02.23:430][248]LogModuleManager: Shutting down and abandoning module HardwareSurvey (542)
[2018.08.17-19.02.23:430][248]LogModuleManager: Shutting down and abandoning module SequenceRecorderSections (540)
[2018.08.17-19.02.23:430][248]LogModuleManager: Shutting down and abandoning module AutomationWorker (538)
[2018.08.17-19.02.23:430][248]LogModuleManager: Shutting down and abandoning module AudioCaptureEditor (536)
[2018.08.17-19.02.23:430][248]LogModuleManager: Shutting down and abandoning module SequenceRecorder (535)
[2018.08.17-19.02.23:430][248]LogModuleManager: Shutting down and abandoning module MatineeToLevelSequence (532)
[2018.08.17-19.02.23:430][248]LogModuleManager: Shutting down and abandoning module LevelSequenceEditor (530)
[2018.08.17-19.02.23:430][248]LogModuleManager: Shutting down and abandoning module PlacementMode (529)
[2018.08.17-19.02.23:430][248]LogModuleManager: Shutting down and abandoning module MaterialEditor (528)
[2018.08.17-19.02.23:430][248]LogModuleManager: Shutting down and abandoning module WmfMediaFactory (524)
[2018.08.17-19.02.23:430][248]LogModuleManager: Shutting down and abandoning module WmfMediaEditor (522)
[2018.08.17-19.02.23:430][248]LogModuleManager: Shutting down and abandoning module MediaPlayerEditor (520)
[2018.08.17-19.02.23:430][248]LogModuleManager: Shutting down and abandoning module OpenExrWrapper (518)
[2018.08.17-19.02.23:430][248]LogModuleManager: Shutting down and abandoning module ImgMediaFactory (516)
[2018.08.17-19.02.23:430][248]LogModuleManager: Shutting down and abandoning module ImgMediaEditor (514)
[2018.08.17-19.02.23:430][248]LogModuleManager: Shutting down and abandoning module AvfMediaFactory (512)
[2018.08.17-19.02.23:430][248]LogModuleManager: Shutting down and abandoning module AvfMediaEditor (510)
[2018.08.17-19.02.23:430][248]LogModuleManager: Shutting down and abandoning module AndroidMediaFactory (508)
[2018.08.17-19.02.23:430][248]LogModuleManager: Shutting down and abandoning module AndroidMediaEditor (506)
[2018.08.17-19.02.23:431][248]LogModuleManager: Shutting down and abandoning module CharacterAI (504)
[2018.08.17-19.02.23:431][248]LogModuleManager: Shutting down and abandoning module SmartSnapping (502)
[2018.08.17-19.02.23:431][248]LogModuleManager: Shutting down and abandoning module SessionServices (500)
[2018.08.17-19.02.23:431][248]LogModuleManager: Shutting down and abandoning module ViewportSnapping (498)
[2018.08.17-19.02.23:431][248]LogModuleManager: Shutting down and abandoning module ViewportInteraction (496)
[2018.08.17-19.02.23:431][248]LogModuleManager: Shutting down and abandoning module ClothPainter (494)
[2018.08.17-19.02.23:431][248]LogModuleManager: Shutting down and abandoning module SkeletalMeshEditor (493)
[2018.08.17-19.02.23:431][248]LogModuleManager: Shutting down and abandoning module LogVisualizer (490)
[2018.08.17-19.02.23:431][248]LogModuleManager: Shutting down and abandoning module IntroTutorials (488)
[2018.08.17-19.02.23:431][248]LogModuleManager: Shutting down and abandoning module GameProjectGeneration (487)
[2018.08.17-19.02.23:431][248]LogModuleManager: Shutting down and abandoning module IOSPlatformEditor (484)
[2018.08.17-19.02.23:431][248]LogModuleManager: Shutting down and abandoning module HTML5PlatformEditor (482)
[2018.08.17-19.02.23:431][248]LogModuleManager: Shutting down and abandoning module AndroidPlatformEditor (480)
[2018.08.17-19.02.23:431][248]LogModuleManager: Shutting down and abandoning module AndroidDeviceDetection (479)
[2018.08.17-19.02.24:157][248]LogModuleManager: Shutting down and abandoning module WindowsPlatformEditor (476)
[2018.08.17-19.02.24:157][248]LogModuleManager: Shutting down and abandoning module IOSRuntimeSettings (474)
[2018.08.17-19.02.24:157][248]LogModuleManager: Shutting down and abandoning module AndroidRuntimeSettings (472)
[2018.08.17-19.02.24:157][248]LogModuleManager: Shutting down and abandoning module InputBindingEditor (470)
[2018.08.17-19.02.24:157][248]LogModuleManager: Shutting down and abandoning module MergeActors (468)
[2018.08.17-19.02.24:157][248]LogModuleManager: Shutting down and abandoning module LocalizationDashboard (466)
[2018.08.17-19.02.24:157][248]LogModuleManager: Shutting down and abandoning module LocalizationService (465)
[2018.08.17-19.02.24:157][248]LogModuleManager: Shutting down and abandoning module HardwareTargeting (462)
[2018.08.17-19.02.24:157][248]LogModuleManager: Shutting down and abandoning module DeviceProfileEditor (460)
[2018.08.17-19.02.24:157][248]LogModuleManager: Shutting down and abandoning module UndoHistory (458)
[2018.08.17-19.02.24:157][248]LogModuleManager: Shutting down and abandoning module XmlParser (456)
[2018.08.17-19.02.24:157][248]LogModuleManager: Shutting down and abandoning module Blutility (454)
[2018.08.17-19.02.24:157][248]LogModuleManager: Shutting down and abandoning module ProjectSettingsViewer (452)
[2018.08.17-19.02.24:157][248]LogModuleManager: Shutting down and abandoning module ProjectTargetPlatformEditor (451)
[2018.08.17-19.02.24:158][248]LogModuleManager: Shutting down and abandoning module EditorSettingsViewer (448)
[2018.08.17-19.02.24:158][248]LogModuleManager: Shutting down and abandoning module SettingsEditor (446)
[2018.08.17-19.02.24:158][248]LogModuleManager: Shutting down and abandoning module ProjectLauncher (444)
[2018.08.17-19.02.24:158][248]LogModuleManager: Shutting down and abandoning module SessionFrontend (442)
[2018.08.17-19.02.24:158][248]LogModuleManager: Shutting down and abandoning module ProfilerClient (440)
[2018.08.17-19.02.24:158][248]LogModuleManager: Shutting down and abandoning module DeviceManager (438)
[2018.08.17-19.02.24:158][248]LogModuleManager: Shutting down and abandoning module TargetDeviceServices (437)
[2018.08.17-19.02.24:212][248]LogModuleManager: Shutting down and abandoning module AutomationController (434)
[2018.08.17-19.02.24:212][248]LogModuleManager: Shutting down and abandoning module AutomationWindow (432)
[2018.08.17-19.02.24:212][248]LogModuleManager: Shutting down and abandoning module Layers (430)
[2018.08.17-19.02.24:212][248]LogModuleManager: Shutting down and abandoning module ComponentVisualizers (428)
[2018.08.17-19.02.24:212][248]LogModuleManager: Shutting down and abandoning module DetailCustomizations (426)
[2018.08.17-19.02.24:212][248]LogModuleManager: Shutting down and abandoning module PackagesDialog (424)
[2018.08.17-19.02.24:212][248]LogModuleManager: Shutting down and abandoning module Persona (422)
[2018.08.17-19.02.24:213][248]LogModuleManager: Shutting down and abandoning module AdvancedPreviewScene (421)
[2018.08.17-19.02.24:213][248]LogModuleManager: Shutting down and abandoning module AnimGraph (419)
[2018.08.17-19.02.24:213][248]LogModuleManager: Shutting down and abandoning module Kismet (416)
[2018.08.17-19.02.24:220][248]LogModuleManager: Shutting down and abandoning module GraphEditor (414)
[2018.08.17-19.02.24:220][248]LogModuleManager: Shutting down and abandoning module ClassViewer (412)
[2018.08.17-19.02.24:220][248]LogModuleManager: Shutting down and abandoning module Toolbox (410)
[2018.08.17-19.02.24:220][248]LogModuleManager: Shutting down and abandoning module ModuleUI (408)
[2018.08.17-19.02.24:220][248]LogModuleManager: Shutting down and abandoning module MovieSceneTools (406)
[2018.08.17-19.02.24:220][248]LogModuleManager: Shutting down and abandoning module OutputLog (404)
[2018.08.17-19.02.24:220][248]LogModuleManager: Shutting down and abandoning module GammaUI (402)
[2018.08.17-19.02.24:220][248]LogModuleManager: Shutting down and abandoning module Documentation (400)
[2018.08.17-19.02.24:220][248]LogModuleManager: Shutting down and abandoning module MovieSceneTracks (398)
[2018.08.17-19.02.24:220][248]LogModuleManager: Shutting down and abandoning module MovieScene (396)
[2018.08.17-19.02.24:221][248]LogModuleManager: Shutting down and abandoning module StreamingPauseRendering (394)
[2018.08.17-19.02.24:221][248]LogModuleManager: Shutting down and abandoning module LauncherPlatform (392)
[2018.08.17-19.02.24:221][248]LogModuleManager: Shutting down and abandoning module AnalyticsET (390)
[2018.08.17-19.02.24:221][248]LogModuleManager: Shutting down and abandoning module PortalServices (388)
[2018.08.17-19.02.24:221][248]LogModuleManager: Shutting down and abandoning module PortalRpc (386)
[2018.08.17-19.02.24:221][248]LogModuleManager: Shutting down and abandoning module MessagingRpc (384)
[2018.08.17-19.02.24:221][248]LogModuleManager: Shutting down and abandoning module AIModule (382)
[2018.08.17-19.02.24:221][248]LogModuleManager: Shutting down and abandoning module GameplayDebugger (381)
[2018.08.17-19.02.24:221][248]LogModuleManager: Shutting down and abandoning module AITestSuite (379)
[2018.08.17-19.02.24:221][248]LogModuleManager: Shutting down and abandoning module DesktopPlatform (376)
[2018.08.17-19.02.24:221][248]LogModuleManager: Shutting down and abandoning module ProfilerService (374)
[2018.08.17-19.02.24:243][248]LogModuleManager: Shutting down and abandoning module TaskGraph (372)
[2018.08.17-19.02.24:243][248]LogModuleManager: Shutting down and abandoning module SteamVRController (370)
[2018.08.17-19.02.24:243][248]LogModuleManager: Shutting down and abandoning module ProceduralMeshComponentEditor (368)
[2018.08.17-19.02.24:243][248]LogModuleManager: Shutting down and abandoning module ProceduralMeshComponent (366)
[2018.08.17-19.02.24:243][248]LogModuleManager: Shutting down and abandoning module OculusInput (364)
[2018.08.17-19.02.24:243][248]LogModuleManager: Shutting down and abandoning module MobilePatchingUtils (362)
[2018.08.17-19.02.24:243][248]LogModuleManager: Shutting down and abandoning module CustomMeshComponent (360)
[2018.08.17-19.02.24:243][248]LogModuleManager: Shutting down and abandoning module CableComponent (358)
[2018.08.17-19.02.24:243][248]LogModuleManager: Shutting down and abandoning module AudioCapture (356)
[2018.08.17-19.02.24:243][248]LogModuleManager: Shutting down and abandoning module ArchVisCharacter (354)
[2018.08.17-19.02.24:243][248]LogModuleManager: Shutting down and abandoning module AndroidPermission (352)
[2018.08.17-19.02.24:243][248]LogModuleManager: Shutting down and abandoning module NUTUnrealEngine4 (348)
[2018.08.17-19.02.24:243][248]LogModuleManager: Shutting down and abandoning module NetcodeUnitTest (346)
[2018.08.17-19.02.24:243][248]LogModuleManager: Shutting down and abandoning module MediaCompositingEditor (344)
[2018.08.17-19.02.24:243][248]LogModuleManager: Shutting down and abandoning module MediaCompositing (342)
[2018.08.17-19.02.24:243][248]LogModuleManager: Shutting down and abandoning module LinearTimecode (340)
[2018.08.17-19.02.24:243][248]LogModuleManager: Shutting down and abandoning module ImgMedia (338)
[2018.08.17-19.02.24:249][248]LogModuleManager: Shutting down and abandoning module HTML5Networking (336)
[2018.08.17-19.02.24:249][248]LogModuleManager: Shutting down and abandoning module AlembicImporter (334)
[2018.08.17-19.02.24:249][248]LogModuleManager: Shutting down and abandoning module AlembicLibrary (333)
[2018.08.17-19.02.24:249][248]LogModuleManager: Shutting down and abandoning module GeometryCache (332)
[2018.08.17-19.02.24:249][248]LogModuleManager: Shutting down and abandoning module GeometryCacheEd (331)
[2018.08.17-19.02.24:249][248]LogModuleManager: Shutting down and abandoning module DatasmithContent (326)
[2018.08.17-19.02.24:249][248]LogModuleManager: Shutting down and abandoning module SpeedTreeImporter (324)
[2018.08.17-19.02.24:249][248]LogModuleManager: Shutting down and abandoning module PluginBrowser (322)
[2018.08.17-19.02.24:249][248]LogModuleManager: Shutting down and abandoning module MobileLauncherProfileWizard (320)
[2018.08.17-19.02.24:249][248]LogModuleManager: Shutting down and abandoning module CryptoKeysOpenSSL (318)
[2018.08.17-19.02.24:250][248]LogModuleManager: Shutting down and abandoning module CryptoKeys (316)
[2018.08.17-19.02.24:250][248]LogModuleManager: Shutting down and abandoning module VisualStudioSourceCodeAccess (314)
[2018.08.17-19.02.24:250][248]LogModuleManager: Shutting down and abandoning module VisualStudioCodeSourceCodeAccess (312)
[2018.08.17-19.02.24:250][248]LogModuleManager: Shutting down and abandoning module UObjectPlugin (310)
[2018.08.17-19.02.24:250][248]LogModuleManager: Shutting down and abandoning module SubversionSourceControl (308)
[2018.08.17-19.02.24:250][248]LogModuleManager: Shutting down and abandoning module PerforceSourceControl (306)
[2018.08.17-19.02.24:250][248]LogModuleManager: Shutting down and abandoning module GitSourceControl (304)
[2018.08.17-19.02.24:250][248]LogModuleManager: Shutting down and abandoning module SourceControl (303)
[2018.08.17-19.02.24:250][248]LogModuleManager: Shutting down and abandoning module CLionSourceCodeAccess (300)
[2018.08.17-19.02.24:250][248]LogModuleManager: Shutting down and abandoning module LightPropagationVolumeEditor (298)
[2018.08.17-19.02.24:250][248]LogModuleManager: Shutting down and abandoning module PaperTiledImporter (296)
[2018.08.17-19.02.24:250][248]LogModuleManager: Shutting down and abandoning module PaperSpriteSheetImporter (294)
[2018.08.17-19.02.24:250][248]LogModuleManager: Shutting down and abandoning module Paper2DEditor (292)
[2018.08.17-19.02.24:250][248]LogModuleManager: Shutting down and abandoning module MeshPaint (291)
[2018.08.17-19.02.24:250][248]LogModuleManager: Shutting down and abandoning module RuntimePhysXCooking (288)
[2018.08.17-19.02.24:250][248]LogModuleManager: Shutting down and abandoning module PhysXVehiclesEditor (286)
[2018.08.17-19.02.24:250][248]LogModuleManager: Shutting down and abandoning module PhysXVehicles (284)
[2018.08.17-19.02.24:251][248]LogModuleManager: Shutting down and abandoning module OculusEditor (282)
[2018.08.17-19.02.24:251][248]LogModuleManager: Shutting down and abandoning module LocationServicesBPLibrary (280)
[2018.08.17-19.02.24:251][248]LogModuleManager: Shutting down and abandoning module ImmediatePhysicsEditor (278)
[2018.08.17-19.02.24:251][248]LogModuleManager: Shutting down and abandoning module ImmediatePhysics (276)
[2018.08.17-19.02.24:251][248]LogModuleManager: Shutting down and abandoning module ActorSequence (274)
[2018.08.17-19.02.24:251][248]LogModuleManager: Shutting down and abandoning module UdpMessaging (272)
[2018.08.17-19.02.24:352][248]LogModuleManager: Shutting down and abandoning module TcpMessaging (270)
[2018.08.17-19.02.24:453][248]LogModuleManager: Shutting down and abandoning module GameplayTagsEditor (268)
[2018.08.17-19.02.24:453][248]LogModuleManager: Shutting down and abandoning module FacialAnimationEditor (266)
[2018.08.17-19.02.24:453][248]LogModuleManager: Shutting down and abandoning module FacialAnimation (264)
[2018.08.17-19.02.24:453][248]LogModuleManager: Shutting down and abandoning module DataValidation (262)
[2018.08.17-19.02.24:453][248]LogModuleManager: Shutting down and abandoning module AssetManagerEditor (260)
[2018.08.17-19.02.24:454][248]LogModuleManager: Shutting down and abandoning module LevelEditor (259)
[2018.08.17-19.02.24:458][248]LogModuleManager: Shutting down and abandoning module PixelInspectorModule (258)
[2018.08.17-19.02.24:458][248]LogModuleManager: Shutting down and abandoning module CommonMenuExtensions (256)
[2018.08.17-19.02.24:459][248]LogModuleManager: Shutting down and abandoning module MainFrame (254)
[2018.08.17-19.02.24:459][248]LogModuleManager: Shutting down and abandoning module HotReload (253)
[2018.08.17-19.02.24:460][248]LogModuleManager: Shutting down and abandoning module ContentBrowser (249)
[2018.08.17-19.02.24:464][248]LogModuleManager: Shutting down and abandoning module TreeMap (247)
[2018.08.17-19.02.24:464][248]LogModuleManager: Shutting down and abandoning module LightPropagationVolumeRuntime (244)
[2018.08.17-19.02.24:464][248]LogModuleManager: Shutting down and abandoning module LiveLinkEditor (242)
[2018.08.17-19.02.24:464][248]LogModuleManager: Shutting down and abandoning module LiveLink (240)
[2018.08.17-19.02.25:350][248]LogModuleManager: Shutting down and abandoning module Paper2D (238)
[2018.08.17-19.02.25:351][248]LogModuleManager: Shutting down and abandoning module WindowsMoviePlayer (236)
[2018.08.17-19.02.25:351][248]LogModuleManager: Shutting down and abandoning module WmfMedia (234)
[2018.08.17-19.02.25:354][248]LogModuleManager: Shutting down and abandoning module Media (233)
[2018.08.17-19.02.25:361][248]LogModuleManager: Shutting down and abandoning module PacketHandler (230)
[2018.08.17-19.02.25:361][248]LogModuleManager: Shutting down and abandoning module ClothingSystemEditor (228)
[2018.08.17-19.02.25:361][248]LogModuleManager: Shutting down and abandoning module ClothingSystemRuntime (226)
[2018.08.17-19.02.25:361][248]LogModuleManager: Shutting down and abandoning module MediaAssets (224)
[2018.08.17-19.02.25:362][248]LogModuleManager: Shutting down and abandoning module Overlay (222)
[2018.08.17-19.02.25:362][248]LogModuleManager: Shutting down and abandoning module OverlayEditor (221)
[2018.08.17-19.02.25:362][248]LogModuleManager: Shutting down and abandoning module VREditor (218)
[2018.08.17-19.02.25:362][248]LogModuleManager: Shutting down and abandoning module StringTableEditor (216)
[2018.08.17-19.02.25:362][248]LogModuleManager: Shutting down and abandoning module GameplayTasksEditor (214)
[2018.08.17-19.02.25:362][248]LogModuleManager: Shutting down and abandoning module BehaviorTreeEditor (212)
[2018.08.17-19.02.25:362][248]LogModuleManager: Shutting down and abandoning module FunctionalTesting (210)
[2018.08.17-19.02.25:362][248]LogModuleManager: Shutting down and abandoning module CollisionAnalyzer (208)
[2018.08.17-19.02.25:362][248]LogModuleManager: Shutting down and abandoning module WorkspaceMenuStructure (207)
[2018.08.17-19.02.25:362][248]LogModuleManager: Shutting down and abandoning module UMG (204)
[2018.08.17-19.02.25:363][248]LogModuleManager: Shutting down and abandoning module UMGEditor (203)
[2018.08.17-19.02.25:363][248]LogModuleManager: Shutting down and abandoning module Sequencer (202)
[2018.08.17-19.02.25:363][248]LogModuleManager: Shutting down and abandoning module MessageLog (199)
[2018.08.17-19.02.25:363][248]LogModuleManager: Shutting down and abandoning module SlateReflector (194)
[2018.08.17-19.02.25:364][248]LogModuleManager: Shutting down and abandoning module Slate (192)
[2018.08.17-19.02.25:364][248]LogModuleManager: Shutting down and abandoning module EditorStyle (190)
[2018.08.17-19.02.25:371][248]LogModuleManager: Shutting down and abandoning module MRMesh (188)
[2018.08.17-19.02.25:371][248]LogModuleManager: Shutting down and abandoning module SourceCodeAccess (186)
[2018.08.17-19.02.25:372][248]LogModuleManager: Shutting down and abandoning module HeadMountedDisplay (184)
[2018.08.17-19.02.25:372][248]LogModuleManager: Shutting down and abandoning module XAudio2 (182)
[2018.08.17-19.02.25:372][248]LogModuleManager: Shutting down and abandoning module Networking (180)
[2018.08.17-19.02.25:372][248]LogModuleManager: Shutting down and abandoning module Core (178)
[2018.08.17-19.02.25:372][248]LogModuleManager: Shutting down and abandoning module LevelSequence (176)
[2018.08.17-19.02.25:372][248]LogModuleManager: Shutting down and abandoning module KismetCompiler (174)
[2018.08.17-19.02.25:372][248]LogModuleManager: Shutting down and abandoning module MeshUtilities (172)
[2018.08.17-19.02.25:372][248]LogModuleManager: Shutting down and abandoning module MeshMergeUtilities (171)
[2018.08.17-19.02.25:372][248]LogModuleManager: Shutting down and abandoning module MeshReductionInterface (170)
[2018.08.17-19.02.25:372][248]LogModuleManager: Shutting down and abandoning module SimplygonSwarm (169)
[2018.08.17-19.02.25:372][248]LogModuleManager: Shutting down and abandoning module SimplygonMeshReduction (167)
[2018.08.17-19.02.25:373][248]LogModuleManager: Shutting down and abandoning module QuadricMeshReduction (165)
[2018.08.17-19.02.25:373][248]LogModuleManager: Shutting down and abandoning module MaterialBaking (161)
[2018.08.17-19.02.25:373][248]LogModuleManager: Shutting down and abandoning module DirectoryWatcher (157)
[2018.08.17-19.02.25:397][248]LogModuleManager: Shutting down and abandoning module DerivedDataCache (154)
[2018.08.17-19.02.25:438][248]LogDerivedDataCache: Shutdown
[2018.08.17-19.02.25:438][248]LogModuleManager: Shutting down and abandoning module XGEController (152)
[2018.08.17-19.02.25:438][248]LogModuleManager: Shutting down and abandoning module TargetPlatform (150)
[2018.08.17-19.02.25:439][248]LogModuleManager: Shutting down and abandoning module VulkanShaderFormat (149)
[2018.08.17-19.02.25:439][248]LogModuleManager: Shutting down and abandoning module ShaderFormatVectorVM (147)
[2018.08.17-19.02.25:439][248]LogModuleManager: Shutting down and abandoning module ShaderFormatOpenGL (145)
[2018.08.17-19.02.25:439][248]LogModuleManager: Shutting down and abandoning module ShaderFormatD3D (143)
[2018.08.17-19.02.25:439][248]LogModuleManager: Shutting down and abandoning module MetalShaderFormat (141)
[2018.08.17-19.02.25:439][248]LogModuleManager: Shutting down and abandoning module TextureFormatUncompressed (139)
[2018.08.17-19.02.25:439][248]LogModuleManager: Shutting down and abandoning module TextureFormatPVR (137)
[2018.08.17-19.02.25:439][248]LogModuleManager: Shutting down and abandoning module TextureFormatDXT (135)
[2018.08.17-19.02.25:439][248]LogModuleManager: Shutting down and abandoning module TextureFormatIntelISPCTexComp (133)
[2018.08.17-19.02.25:439][248]LogModuleManager: Shutting down and abandoning module TextureFormatASTC (131)
[2018.08.17-19.02.25:439][248]LogModuleManager: Shutting down and abandoning module ImageWrapper (130)
[2018.08.17-19.02.25:439][248]LogModuleManager: Shutting down and abandoning module TextureFormatAndroid (127)
[2018.08.17-19.02.25:439][248]LogModuleManager: Shutting down and abandoning module AudioFormatOpus (125)
[2018.08.17-19.02.25:439][248]LogModuleManager: Shutting down and abandoning module AudioFormatOgg (123)
[2018.08.17-19.02.25:439][248]LogModuleManager: Shutting down and abandoning module AudioFormatADPCM (121)
[2018.08.17-19.02.25:439][248]LogModuleManager: Shutting down and abandoning module LinuxTargetPlatform (119)
[2018.08.17-19.02.25:440][248]LogModuleManager: Shutting down and abandoning module LinuxServerTargetPlatform (117)
[2018.08.17-19.02.25:440][248]LogModuleManager: Shutting down and abandoning module LinuxNoEditorTargetPlatform (115)
[2018.08.17-19.02.25:440][248]LogModuleManager: Shutting down and abandoning module LinuxClientTargetPlatform (113)
[2018.08.17-19.02.25:440][248]LogModuleManager: Shutting down and abandoning module TVOSTargetPlatform (111)
[2018.08.17-19.02.25:440][248]LogModuleManager: Shutting down and abandoning module Messaging (109)
[2018.08.17-19.02.25:440][248]LogModuleManager: Shutting down and abandoning module IOSTargetPlatform (107)
[2018.08.17-19.02.25:440][248]LogModuleManager: Shutting down and abandoning module HTML5TargetPlatform (105)
[2018.08.17-19.02.25:440][248]LogModuleManager: Shutting down and abandoning module AndroidTargetPlatform (103)
[2018.08.17-19.02.25:441][248]LogModuleManager: Shutting down and abandoning module Android_PVRTCTargetPlatform (101)
[2018.08.17-19.02.25:441][248]LogModuleManager: Shutting down and abandoning module Android_MultiTargetPlatform (99)
[2018.08.17-19.02.25:441][248]LogModuleManager: Shutting down and abandoning module Android_ETC2TargetPlatform (97)
[2018.08.17-19.02.25:441][248]LogModuleManager: Shutting down and abandoning module Android_ETC1TargetPlatform (95)
[2018.08.17-19.02.25:441][248]LogModuleManager: Shutting down and abandoning module Android_ETC1aTargetPlatform (93)
[2018.08.17-19.02.25:441][248]LogModuleManager: Shutting down and abandoning module Android_DXTTargetPlatform (91)
[2018.08.17-19.02.25:441][248]LogModuleManager: Shutting down and abandoning module Android_ATCTargetPlatform (89)
[2018.08.17-19.02.25:441][248]LogModuleManager: Shutting down and abandoning module Android_ASTCTargetPlatform (87)
[2018.08.17-19.02.25:441][248]LogModuleManager: Shutting down and abandoning module WindowsTargetPlatform (85)
[2018.08.17-19.02.25:441][248]LogModuleManager: Shutting down and abandoning module WindowsServerTargetPlatform (83)
[2018.08.17-19.02.25:441][248]LogModuleManager: Shutting down and abandoning module WindowsNoEditorTargetPlatform (81)
[2018.08.17-19.02.25:441][248]LogModuleManager: Shutting down and abandoning module WindowsClientTargetPlatform (79)
[2018.08.17-19.02.25:441][248]LogModuleManager: Shutting down and abandoning module MacTargetPlatform (77)
[2018.08.17-19.02.25:441][248]LogModuleManager: Shutting down and abandoning module MacServerTargetPlatform (75)
[2018.08.17-19.02.25:442][248]LogModuleManager: Shutting down and abandoning module MacNoEditorTargetPlatform (73)
[2018.08.17-19.02.25:442][248]LogModuleManager: Shutting down and abandoning module MacClientTargetPlatform (71)
[2018.08.17-19.02.25:442][248]LogModuleManager: Shutting down and abandoning module AllDesktopTargetPlatform (69)
[2018.08.17-19.02.25:442][248]LogModuleManager: Shutting down and abandoning module InputCore (66)
[2018.08.17-19.02.25:442][248]LogModuleManager: Shutting down and abandoning module Settings (64)
[2018.08.17-19.02.25:442][248]LogModuleManager: Shutting down and abandoning module PhysXCooking (62)
[2018.08.17-19.02.25:442][248]LogModuleManager: Shutting down and abandoning module SteamVR (60)
[2018.08.17-19.02.25:442][248]LogModuleManager: Shutting down and abandoning module OculusHMD (58)
[2018.08.17-19.02.25:442][248]LogModuleManager: Shutting down and abandoning module ExampleDeviceProfileSelector (56)
[2018.08.17-19.02.25:442][248]LogModuleManager: Shutting down and abandoning module AppleARKit (54)
[2018.08.17-19.02.25:442][248]LogModuleManager: Shutting down and abandoning module AugmentedReality (51)
[2018.08.17-19.02.25:442][248]LogModuleManager: Shutting down and abandoning module OnlineBlueprintSupport (48)
[2018.08.17-19.02.25:442][248]LogModuleManager: Shutting down and abandoning module OnlineSubsystem (44)
[2018.08.17-19.02.25:443][248]LogModuleManager: Shutting down and abandoning module XMPP (43)
[2018.08.17-19.02.25:443][248]LogModuleManager: Shutting down and abandoning module HTTP (41)
[2018.08.17-19.02.25:443][248]LogHttp: Display: Http module shutting down, but needs to wait on 1 outstanding Http requests:
[2018.08.17-19.02.25:443][248]LogHttp: Display: 	verb=[POST] url=[https://datarouter.ol.epicgames.com/datarouter/api/v1/public/data?SessionID=%7BCB92B0CE-4CA9-B486-3D5A-79BA226617A6%7D&AppID=UEEditor.Rocket.Release&AppVersion=4.19.2-4033788%2B%2B%2BUE4%2BRelease-4.19&UserID=177678724ce461d1ac5a6a8327ab4f17%7Cfeb29bb9fb5a4d218562cf4ba7b0f390%7C57b8d9d1-9f95-4f4a-97a6-7158c124f1b0&AppEnvironment=datacollector-binary&UploadType=eteventstream] status=Processing
[2018.08.17-19.02.25:476][248]LogModuleManager: Shutting down and abandoning module SSL (40)
[2018.08.17-19.02.25:479][248]LogModuleManager: Shutting down and abandoning module AnimationModifiers (36)
[2018.08.17-19.02.25:479][248]LogModuleManager: Shutting down and abandoning module PropertyEditor (35)
[2018.08.17-19.02.25:479][248]LogModuleManager: Shutting down and abandoning module AudioEditor (32)
[2018.08.17-19.02.25:479][248]LogModuleManager: Shutting down and abandoning module TextureCompressor (30)
[2018.08.17-19.02.25:479][248]LogModuleManager: Shutting down and abandoning module ShaderCore (28)
[2018.08.17-19.02.25:479][248]LogModuleManager: Shutting down and abandoning module Landscape (26)
[2018.08.17-19.02.25:480][248]LogModuleManager: Shutting down and abandoning module SlateRHIRenderer (24)
[2018.08.17-19.02.25:488][248]LogModuleManager: Shutting down and abandoning module OpenGLDrv (22)
[2018.08.17-19.02.25:488][248]LogModuleManager: Shutting down and abandoning module D3D11RHI (20)
[2018.08.17-19.02.25:488][248]LogModuleManager: Shutting down and abandoning module AnimGraphRuntime (18)
[2018.08.17-19.02.25:488][248]LogModuleManager: Shutting down and abandoning module Renderer (16)
[2018.08.17-19.02.25:489][248]LogModuleManager: Shutting down and abandoning module Engine (14)
[2018.08.17-19.02.25:489][248]LogModuleManager: Shutting down and abandoning module CoreUObject (12)
[2018.08.17-19.02.25:489][248]LogModuleManager: Shutting down and abandoning module NetworkFile (10)
[2018.08.17-19.02.25:489][248]LogModuleManager: Shutting down and abandoning module CookedIterativeFile (8)
[2018.08.17-19.02.25:489][248]LogModuleManager: Shutting down and abandoning module StreamingFile (6)
[2018.08.17-19.02.25:489][248]LogModuleManager: Shutting down and abandoning module SandboxFile (4)
[2018.08.17-19.02.25:489][248]LogModuleManager: Shutting down and abandoning module PakFile (2)
[2018.08.17-19.02.25:501][248]LogExit: Exiting.
[2018.08.17-19.02.25:541][248]Log file closed, 08/17/18 15:02:25
